Loading agnews dataset...
Loading text content...
../data/agnews/
agnews
text
label matrix shape: torch.Size([3200, 4])
done.
Loading topic content...
../data/agnews/
agnews
topic
done.
Loading entity content...
../data/agnews/
agnews
entity
done.
Building graph...
Num of edges: 326219
train, vali, test:  160 1000 2000
Transfer to be transductive.


No. 1 test.

30
30
[torch.Size([512, 6]), torch.Size([6]), torch.Size([512]), torch.Size([5126, 512]), torch.Size([4962, 512]), torch.Size([4378, 512]), torch.Size([512, 1]), torch.Size([512, 1]), torch.Size([512, 1]), torch.Size([512, 1]), torch.Size([512, 1]), torch.Size([512, 1]), torch.Size([100, 1]), torch.Size([50, 512]), torch.Size([50]), torch.Size([100, 1]), torch.Size([50, 512]), torch.Size([50]), torch.Size([100, 1]), torch.Size([50, 512]), torch.Size([50]), torch.Size([100, 1]), torch.Size([50, 6]), torch.Size([50]), torch.Size([100, 1]), torch.Size([50, 6]), torch.Size([50]), torch.Size([100, 1]), torch.Size([50, 6]), torch.Size([50])]
Epoch: 0001 | loss: 1.8204 Ac:  23.12 P:  15.3 R:  23.1 F1:  14.6 | loss: 1.6243 Ac:  25.00 P:   6.2 R:  25.0 F1:  10.0 | time: 20.0000s
                                                                  | loss: 1.6263 Ac:  25.00 P:   6.2 R:  25.0 F1:  10.0 | time: 17.1898s
Epoch: 0002 | loss: 1.8199 Ac:  19.38 P:  16.6 R:  19.4 F1:  14.9 | loss: 1.5402 Ac:  24.90 P:  15.6 R:  24.9 F1:  10.5 | time: 35.6906s
                                                                  | loss: 1.5422 Ac:  25.20 P:  22.9 R:  25.2 F1:  10.6 | time: 7.4226s
Epoch: 0003 | loss: 1.6671 Ac:  25.62 P:  29.0 R:  25.6 F1:  23.0 | loss: 1.4881 Ac:  30.70 P:  39.9 R:  30.7 F1:  23.1 | time: 16.5733s
                                                                  | loss: 1.4901 Ac:  30.65 P:  40.9 R:  30.6 F1:  22.5 | time: 4.5520s
Epoch: 0004 | loss: 1.6299 Ac:  28.12 P:  28.2 R:  28.1 F1:  27.2 | loss: 1.4543 Ac:  42.70 P:  37.4 R:  42.7 F1:  33.6 | time: 12.6391s
                                                                  | loss: 1.4563 Ac:  39.85 P:  33.5 R:  39.8 F1:  31.5 | time: 4.8030s
Epoch: 0005 | loss: 1.5549 Ac:  31.25 P:  29.7 R:  31.2 F1:  29.5 | loss: 1.4295 Ac:  34.30 P:  28.2 R:  34.3 F1:  24.0 | time: 10.2490s
                                                                  | loss: 1.4316 Ac:  33.55 P:  53.2 R:  33.6 F1:  23.1 | time: 4.8858s
Epoch: 0006 | loss: 1.4861 Ac:  34.38 P:  35.8 R:  34.4 F1:  34.2 | loss: 1.4099 Ac:  31.20 P:  27.5 R:  31.2 F1:  20.3 | time: 12.3392s
                                                                  | loss: 1.4119 Ac:  31.05 P:  29.1 R:  31.1 F1:  20.1 | time: 4.3657s
Epoch: 0007 | loss: 1.4318 Ac:  29.38 P:  28.8 R:  29.4 F1:  28.9 | loss: 1.3890 Ac:  37.20 P:  47.2 R:  37.2 F1:  28.7 | time: 12.6476s
                                                                  | loss: 1.3905 Ac:  36.55 P:  44.8 R:  36.5 F1:  27.2 | time: 4.7099s
Epoch: 0008 | loss: 1.5302 Ac:  28.12 P:  27.7 R:  28.1 F1:  27.7 | loss: 1.3682 Ac:  45.20 P:  45.4 R:  45.2 F1:  38.7 | time: 11.9073s
                                                                  | loss: 1.3679 Ac:  44.85 P:  44.8 R:  44.9 F1:  38.0 | time: 4.5744s
Epoch: 0009 | loss: 1.3555 Ac:  39.38 P:  38.0 R:  39.4 F1:  38.5 | loss: 1.3453 Ac:  56.30 P:  58.7 R:  56.3 F1:  52.0 | time: 12.0919s
                                                                  | loss: 1.3429 Ac:  55.75 P:  58.4 R:  55.8 F1:  52.4 | time: 4.5331s
Epoch: 0010 | loss: 1.4213 Ac:  27.50 P:  27.8 R:  27.5 F1:  26.0 | loss: 1.3252 Ac:  56.30 P:  56.7 R:  56.3 F1:  55.1 | time: 11.4915s
                                                                  | loss: 1.3227 Ac:  56.10 P:  56.5 R:  56.1 F1:  55.3 | time: 4.5666s
Epoch: 0011 | loss: 1.4328 Ac:  35.62 P:  36.5 R:  35.6 F1:  36.0 | loss: 1.3066 Ac:  58.10 P:  59.0 R:  58.1 F1:  57.9 | time: 12.2964s
                                                                  | loss: 1.3046 Ac:  58.15 P:  59.4 R:  58.1 F1:  58.3 | time: 4.6374s
Epoch: 0012 | loss: 1.3414 Ac:  40.00 P:  42.8 R:  40.0 F1:  40.5 | loss: 1.2878 Ac:  59.30 P:  60.4 R:  59.3 F1:  59.4 | time: 11.5287s
                                                                  | loss: 1.2872 Ac:  59.95 P:  61.1 R:  60.0 F1:  60.3 | time: 4.5503s
Epoch: 0013 | loss: 1.4493 Ac:  36.88 P:  36.0 R:  36.9 F1:  35.7 | loss: 1.2726 Ac:  60.00 P:  61.5 R:  60.0 F1:  60.4 | time: 11.4582s
                                                                  | loss: 1.2726 Ac:  59.45 P:  61.1 R:  59.5 F1:  60.0 | time: 4.3283s
Epoch: 0014 | loss: 1.3142 Ac:  44.38 P:  45.7 R:  44.4 F1:  44.7 | loss: 1.2529 Ac:  61.30 P:  61.4 R:  61.3 F1:  61.1 | time: 11.7116s
                                                                  | loss: 1.2537 Ac:  61.05 P:  61.5 R:  61.1 F1:  61.1 | time: 4.8425s
Epoch: 0015 | loss: 1.3094 Ac:  46.25 P:  47.4 R:  46.2 F1:  46.5 | loss: 1.2361 Ac:  61.50 P:  61.5 R:  61.5 F1:  61.3 | time: 12.2594s
                                                                  | loss: 1.2374 Ac:  61.40 P:  61.7 R:  61.4 F1:  61.4 | time: 4.5830s
Epoch: 0016 | loss: 1.3507 Ac:  35.00 P:  35.7 R:  35.0 F1:  34.2 | loss: 1.2227 Ac:  61.90 P:  62.0 R:  61.9 F1:  61.8 | time: 11.7959s
                                                                  | loss: 1.2242 Ac:  61.25 P:  61.7 R:  61.3 F1:  61.3 | time: 4.6441s
Epoch: 0017 | loss: 1.3077 Ac:  38.75 P:  42.3 R:  38.8 F1:  39.8 | loss: 1.2117 Ac:  61.30 P:  62.3 R:  61.3 F1:  61.6 | time: 11.3132s
                                                                  | loss: 1.2129 Ac:  60.10 P:  61.4 R:  60.1 F1:  60.6 | time: 4.8421s
Epoch: 0018 | loss: 1.2387 Ac:  48.75 P:  50.5 R:  48.8 F1:  48.5 | loss: 1.2040 Ac:  60.40 P:  62.5 R:  60.4 F1:  61.1 | time: 12.4539s
                                                                  | loss: 1.2046 Ac:  59.05 P:  61.7 R:  59.0 F1:  59.9 | time: 4.8308s
Epoch: 0019 | loss: 1.3327 Ac:  40.62 P:  43.6 R:  40.6 F1:  39.7 | loss: 1.2017 Ac:  57.20 P:  60.8 R:  57.2 F1:  57.9 | time: 11.0664s
                                                                  | loss: 1.2008 Ac:  57.15 P:  61.0 R:  57.1 F1:  58.2 | time: 4.2435s
Epoch: 0020 | loss: 1.2117 Ac:  48.75 P:  50.0 R:  48.8 F1:  48.5 | loss: 1.2001 Ac:  55.70 P:  59.4 R:  55.7 F1:  56.2 | time: 11.2873s
                                                                  | loss: 1.1982 Ac:  56.15 P:  60.0 R:  56.1 F1:  56.9 | time: 4.2831s
Epoch: 0021 | loss: 1.2439 Ac:  46.88 P:  47.4 R:  46.9 F1:  46.4 | loss: 1.1958 Ac:  55.00 P:  58.9 R:  55.0 F1:  55.5 | time: 11.8552s
                                                                  | loss: 1.1932 Ac:  55.25 P:  59.0 R:  55.2 F1:  55.9 | time: 4.4945s
Epoch: 0022 | loss: 1.1509 Ac:  50.00 P:  51.4 R:  50.0 F1:  50.4 | loss: 1.1875 Ac:  55.70 P:  59.1 R:  55.7 F1:  56.0 | time: 10.7481s
                                                                  | loss: 1.1848 Ac:  55.50 P:  58.7 R:  55.5 F1:  56.1 | time: 4.4077s
Epoch: 0023 | loss: 1.2954 Ac:  40.62 P:  46.8 R:  40.6 F1:  41.9 | loss: 1.1840 Ac:  55.40 P:  58.4 R:  55.4 F1:  55.4 | time: 10.8373s
                                                                  | loss: 1.1809 Ac:  54.55 P:  57.4 R:  54.5 F1:  54.9 | time: 4.1858s
Epoch: 0024 | loss: 1.1860 Ac:  48.12 P:  48.4 R:  48.1 F1:  47.1 | loss: 1.1760 Ac:  55.30 P:  57.1 R:  55.3 F1:  55.0 | time: 11.5918s
                                                                  | loss: 1.1728 Ac:  54.30 P:  56.6 R:  54.3 F1:  54.5 | time: 4.0749s
Epoch: 0025 | loss: 1.2235 Ac:  48.75 P:  51.1 R:  48.8 F1:  48.6 | loss: 1.1639 Ac:  55.60 P:  56.5 R:  55.6 F1:  55.0 | time: 10.7604s
                                                                  | loss: 1.1610 Ac:  55.50 P:  56.8 R:  55.5 F1:  55.4 | time: 4.2453s
Epoch: 0026 | loss: 1.1452 Ac:  52.50 P:  54.3 R:  52.5 F1:  52.9 | loss: 1.1463 Ac:  57.70 P:  57.4 R:  57.7 F1:  56.8 | time: 11.0920s
                                                                  | loss: 1.1441 Ac:  58.10 P:  58.1 R:  58.1 F1:  57.6 | time: 4.4087s
Epoch: 0027 | loss: 1.2572 Ac:  42.50 P:  43.5 R:  42.5 F1:  42.5 | loss: 1.1306 Ac:  59.00 P:  57.9 R:  59.0 F1:  57.4 | time: 11.3420s
                                                                  | loss: 1.1291 Ac:  59.20 P:  57.9 R:  59.2 F1:  57.8 | time: 4.3707s
Epoch: 0028 | loss: 1.1612 Ac:  52.50 P:  52.8 R:  52.5 F1:  52.3 | loss: 1.1139 Ac:  60.00 P:  58.0 R:  60.0 F1:  57.3 | time: 11.1550s
                                                                  | loss: 1.1133 Ac:  61.45 P:  59.8 R:  61.4 F1:  59.0 | time: 4.3464s
Epoch: 0029 | loss: 1.1728 Ac:  49.38 P:  48.2 R:  49.4 F1:  48.2 | loss: 1.0973 Ac:  61.30 P:  59.0 R:  61.3 F1:  57.9 | time: 11.4902s
                                                                  | loss: 1.0976 Ac:  63.20 P:  61.5 R:  63.2 F1:  60.4 | time: 4.6667s
Epoch: 0030 | loss: 1.0281 Ac:  65.62 P:  66.3 R:  65.6 F1:  65.1 | loss: 1.0769 Ac:  64.20 P:  62.7 R:  64.2 F1:  60.6 | time: 10.5340s
                                                                  | loss: 1.0786 Ac:  65.15 P:  64.0 R:  65.1 F1:  62.0 | time: 4.1631s
Epoch: 0031 | loss: 1.0559 Ac:  56.88 P:  59.3 R:  56.9 F1:  57.2 | loss: 1.0569 Ac:  66.10 P:  65.5 R:  66.1 F1:  62.4 | time: 10.4995s
                                                                  | loss: 1.0598 Ac:  66.80 P:  66.5 R:  66.8 F1:  63.5 | time: 4.2573s
Epoch: 0032 | loss: 1.1302 Ac:  52.50 P:  57.6 R:  52.5 F1:  52.3 | loss: 1.0408 Ac:  66.70 P:  66.9 R:  66.7 F1:  62.9 | time: 10.4295s
                                                                  | loss: 1.0448 Ac:  67.00 P:  66.6 R:  67.0 F1:  63.8 | time: 4.2081s
Epoch: 0033 | loss: 1.0890 Ac:  56.88 P:  56.3 R:  56.9 F1:  56.4 | loss: 1.0250 Ac:  67.40 P:  67.7 R:  67.4 F1:  63.5 | time: 10.7473s
                                                                  | loss: 1.0306 Ac:  67.30 P:  67.4 R:  67.3 F1:  63.8 | time: 4.4010s
Epoch: 0034 | loss: 1.0079 Ac:  65.00 P:  65.7 R:  65.0 F1:  64.8 | loss: 1.0136 Ac:  67.40 P:  67.9 R:  67.4 F1:  63.6 | time: 10.5544s
                                                                  | loss: 1.0205 Ac:  67.15 P:  68.1 R:  67.2 F1:  63.5 | time: 4.0016s
Epoch: 0035 | loss: 1.0122 Ac:  65.00 P:  66.7 R:  65.0 F1:  65.2 | loss: 1.0060 Ac:  66.80 P:  68.0 R:  66.8 F1:  63.0 | time: 11.3487s
                                                                  | loss: 1.0134 Ac:  66.25 P:  67.7 R:  66.2 F1:  62.5 | time: 4.0939s
Epoch: 0036 | loss: 1.0518 Ac:  61.25 P:  62.3 R:  61.2 F1:  59.8 | loss: 0.9983 Ac:  66.40 P:  67.3 R:  66.4 F1:  62.7 | time: 11.6429s
                                                                  | loss: 1.0059 Ac:  65.90 P:  67.1 R:  65.9 F1:  62.2 | time: 3.9458s
Epoch: 0037 | loss: 1.0228 Ac:  63.75 P:  63.9 R:  63.7 F1:  63.8 | loss: 0.9898 Ac:  67.30 P:  67.5 R:  67.3 F1:  64.1 | time: 11.0151s
                                                                  | loss: 0.9975 Ac:  66.40 P:  66.5 R:  66.4 F1:  63.4 | time: 4.1228s
Epoch: 0038 | loss: 0.9331 Ac:  69.38 P:  69.0 R:  69.4 F1:  68.5 | loss: 0.9826 Ac:  68.20 P:  67.6 R:  68.2 F1:  65.5 | time: 10.3908s
                                                                  | loss: 0.9904 Ac:  67.45 P:  67.2 R:  67.5 F1:  65.0 | time: 3.8415s
Epoch: 0039 | loss: 1.0237 Ac:  63.75 P:  63.4 R:  63.7 F1:  62.5 | loss: 0.9789 Ac:  68.30 P:  67.5 R:  68.3 F1:  66.1 | time: 10.7597s
                                                                  | loss: 0.9865 Ac:  67.55 P:  66.9 R:  67.5 F1:  65.5 | time: 4.3518s
Epoch: 0040 | loss: 1.0174 Ac:  60.62 P:  66.2 R:  60.6 F1:  61.1 | loss: 0.9790 Ac:  68.20 P:  67.4 R:  68.2 F1:  66.2 | time: 10.4215s
                                                                  | loss: 0.9856 Ac:  67.30 P:  66.6 R:  67.3 F1:  65.4 | time: 3.9289s
Epoch: 0041 | loss: 0.9531 Ac:  70.00 P:  70.4 R:  70.0 F1:  70.1 | loss: 0.9783 Ac:  67.90 P:  67.1 R:  67.9 F1:  65.9 | time: 10.6531s
                                                                  | loss: 0.9840 Ac:  67.40 P:  66.6 R:  67.4 F1:  65.6 | time: 4.5101s
Epoch: 0042 | loss: 0.9624 Ac:  66.25 P:  68.5 R:  66.2 F1:  66.9 | loss: 0.9800 Ac:  67.40 P:  66.5 R:  67.4 F1:  65.6 | time: 11.1737s
                                                                  | loss: 0.9843 Ac:  67.20 P:  66.6 R:  67.2 F1:  65.5 | time: 4.2740s
Epoch: 0043 | loss: 1.0294 Ac:  61.25 P:  63.4 R:  61.3 F1:  61.6 | loss: 0.9853 Ac:  66.60 P:  65.7 R:  66.6 F1:  64.5 | time: 10.6718s
                                                                  | loss: 0.9884 Ac:  67.10 P:  66.5 R:  67.1 F1:  65.3 | time: 4.2634s
Epoch: 0044 | loss: 0.8754 Ac:  71.88 P:  72.2 R:  71.9 F1:  72.0 | loss: 0.9880 Ac:  65.60 P:  64.9 R:  65.6 F1:  63.5 | time: 11.1352s
                                                                  | loss: 0.9904 Ac:  66.85 P:  66.4 R:  66.9 F1:  65.1 | time: 3.9627s
Epoch: 0045 | loss: 1.0270 Ac:  53.12 P:  55.2 R:  53.1 F1:  52.6 | loss: 0.9790 Ac:  67.70 P:  67.2 R:  67.7 F1:  65.2 | time: 10.4795s
                                                                  | loss: 0.9825 Ac:  67.65 P:  67.3 R:  67.7 F1:  65.5 | time: 3.8869s
Epoch: 0046 | loss: 0.8505 Ac:  72.50 P:  72.4 R:  72.5 F1:  72.0 | loss: 0.9545 Ac:  68.60 P:  67.9 R:  68.6 F1:  66.0 | time: 10.6170s
                                                                  | loss: 0.9582 Ac:  69.35 P:  68.6 R:  69.3 F1:  67.2 | time: 4.2041s
Epoch: 0047 | loss: 0.8443 Ac:  70.00 P:  70.4 R:  70.0 F1:  69.4 | loss: 0.9445 Ac:  68.60 P:  67.7 R:  68.6 F1:  66.0 | time: 10.5650s
                                                                  | loss: 0.9469 Ac:  69.60 P:  68.7 R:  69.6 F1:  67.5 | time: 4.1823s
Epoch: 0048 | loss: 0.8800 Ac:  72.50 P:  75.1 R:  72.5 F1:  72.9 | loss: 0.9360 Ac:  68.80 P:  67.7 R:  68.8 F1:  66.0 | time: 10.9880s
                                                                  | loss: 0.9365 Ac:  70.10 P:  69.0 R:  70.1 F1:  67.8 | time: 4.0196s
Epoch: 0049 | loss: 0.7574 Ac:  76.25 P:  76.4 R:  76.2 F1:  76.1 | loss: 0.9237 Ac:  69.00 P:  67.8 R:  69.0 F1:  66.3 | time: 10.6009s
                                                                  | loss: 0.9227 Ac:  70.25 P:  69.0 R:  70.2 F1:  67.9 | time: 4.1030s
Epoch: 0050 | loss: 0.8253 Ac:  71.88 P:  71.7 R:  71.9 F1:  71.5 | loss: 0.9095 Ac:  68.70 P:  67.1 R:  68.7 F1:  66.0 | time: 10.7369s
                                                                  | loss: 0.9070 Ac:  70.40 P:  69.2 R:  70.4 F1:  68.1 | time: 3.8974s
Epoch: 0051 | loss: 0.8466 Ac:  68.75 P:  70.3 R:  68.8 F1:  68.8 | loss: 0.8983 Ac:  68.80 P:  67.2 R:  68.8 F1:  66.0 | time: 10.6757s
                                                                  | loss: 0.8952 Ac:  71.05 P:  69.9 R:  71.0 F1:  68.9 | time: 4.0809s
Epoch: 0052 | loss: 0.7355 Ac:  75.62 P:  75.6 R:  75.6 F1:  75.0 | loss: 0.8865 Ac:  69.30 P:  67.6 R:  69.3 F1:  66.7 | time: 11.0179s
                                                                  | loss: 0.8831 Ac:  71.35 P:  70.1 R:  71.4 F1:  69.2 | time: 4.1672s
Epoch: 0053 | loss: 0.7599 Ac:  73.75 P:  74.4 R:  73.8 F1:  73.2 | loss: 0.8762 Ac:  69.60 P:  67.7 R:  69.6 F1:  67.1 | time: 10.8492s
                                                                  | loss: 0.8726 Ac:  71.40 P:  70.0 R:  71.4 F1:  69.4 | time: 4.5148s
Epoch: 0054 | loss: 0.7700 Ac:  75.62 P:  75.9 R:  75.6 F1:  75.1 | loss: 0.8668 Ac:  70.00 P:  68.1 R:  70.0 F1:  67.7 | time: 10.7449s
                                                                  | loss: 0.8632 Ac:  71.70 P:  70.3 R:  71.7 F1:  69.9 | time: 3.9853s
Epoch: 0055 | loss: 0.7083 Ac:  80.00 P:  80.4 R:  80.0 F1:  79.8 | loss: 0.8592 Ac:  70.20 P:  68.3 R:  70.2 F1:  68.0 | time: 11.2515s
                                                                  | loss: 0.8556 Ac:  71.90 P:  70.5 R:  71.9 F1:  70.1 | time: 4.1867s
Epoch: 0056 | loss: 0.6765 Ac:  79.38 P:  79.6 R:  79.4 F1:  79.3 | loss: 0.8522 Ac:  70.10 P:  68.2 R:  70.1 F1:  68.0 | time: 12.1051s
                                                                  | loss: 0.8488 Ac:  72.00 P:  70.6 R:  72.0 F1:  70.4 | time: 3.9493s
Epoch: 0057 | loss: 0.6573 Ac:  84.38 P:  84.8 R:  84.4 F1:  84.3 | loss: 0.8468 Ac:  70.20 P:  68.3 R:  70.2 F1:  68.2 | time: 10.4171s
                                                                  | loss: 0.8433 Ac:  72.05 P:  70.6 R:  72.0 F1:  70.6 | time: 4.1685s
Epoch: 0058 | loss: 0.6414 Ac:  83.75 P:  84.6 R:  83.8 F1:  83.6 | loss: 0.8425 Ac:  70.20 P:  68.3 R:  70.2 F1:  68.2 | time: 10.8369s
                                                                  | loss: 0.8385 Ac:  72.05 P:  70.6 R:  72.0 F1:  70.7 | time: 3.9685s
Epoch: 0059 | loss: 0.6824 Ac:  80.00 P:  80.2 R:  80.0 F1:  80.0 | loss: 0.8386 Ac:  70.60 P:  68.7 R:  70.6 F1:  68.7 | time: 10.7001s
                                                                  | loss: 0.8342 Ac:  71.85 P:  70.4 R:  71.8 F1:  70.5 | time: 4.0833s
Epoch: 0060 | loss: 0.6345 Ac:  81.25 P:  81.6 R:  81.2 F1:  81.0 | loss: 0.8351 Ac:  70.10 P:  68.2 R:  70.1 F1:  68.4 | time: 11.0631s
                                                                  | loss: 0.8302 Ac:  72.10 P:  70.7 R:  72.1 F1:  70.9 | time: 4.4195s
Epoch: 0061 | loss: 0.5931 Ac:  83.75 P:  83.6 R:  83.8 F1:  83.5 | loss: 0.8317 Ac:  70.30 P:  68.5 R:  70.3 F1:  68.8 | time: 10.8475s
                                                                  | loss: 0.8264 Ac:  72.15 P:  70.9 R:  72.1 F1:  71.1 | time: 4.1392s
Epoch: 0062 | loss: 0.5440 Ac:  84.38 P:  84.4 R:  84.4 F1:  84.1 | loss: 0.8282 Ac:  70.60 P:  69.0 R:  70.6 F1:  69.3 | time: 10.5020s
                                                                  | loss: 0.8227 Ac:  72.10 P:  70.9 R:  72.1 F1:  71.1 | time: 4.0827s
Epoch: 0063 | loss: 0.6637 Ac:  76.88 P:  79.7 R:  76.9 F1:  77.4 | loss: 0.8254 Ac:  70.70 P:  69.0 R:  70.7 F1:  69.3 | time: 10.8246s
                                                                  | loss: 0.8199 Ac:  71.90 P:  70.7 R:  71.9 F1:  70.9 | time: 4.2765s
Epoch: 0064 | loss: 0.5474 Ac:  84.38 P:  84.5 R:  84.4 F1:  84.3 | loss: 0.8232 Ac:  70.30 P:  68.7 R:  70.3 F1:  68.9 | time: 10.9049s
                                                                  | loss: 0.8171 Ac:  71.90 P:  70.7 R:  71.9 F1:  70.9 | time: 4.1836s
Epoch: 0065 | loss: 0.5211 Ac:  80.00 P:  79.9 R:  80.0 F1:  79.9 | loss: 0.8221 Ac:  70.10 P:  68.6 R:  70.1 F1:  68.8 | time: 11.1469s
                                                                  | loss: 0.8155 Ac:  71.90 P:  70.9 R:  71.9 F1:  71.0 | time: 4.1008s
Epoch: 0066 | loss: 0.5306 Ac:  82.50 P:  83.7 R:  82.5 F1:  82.5 | loss: 0.8216 Ac:  70.00 P:  68.6 R:  70.0 F1:  68.7 | time: 10.7121s
                                                                  | loss: 0.8146 Ac:  72.10 P:  71.2 R:  72.1 F1:  71.3 | time: 4.1057s
Epoch: 0067 | loss: 0.5343 Ac:  83.75 P:  83.9 R:  83.8 F1:  83.8 | loss: 0.8204 Ac:  69.90 P:  68.5 R:  69.9 F1:  68.5 | time: 10.6939s
                                                                  | loss: 0.8129 Ac:  72.25 P:  71.3 R:  72.2 F1:  71.4 | time: 4.2542s
Epoch: 0068 | loss: 0.5558 Ac:  81.25 P:  81.0 R:  81.2 F1:  81.0 | loss: 0.8194 Ac:  70.10 P:  68.7 R:  70.1 F1:  68.7 | time: 10.7608s
                                                                  | loss: 0.8116 Ac:  72.55 P:  71.7 R:  72.5 F1:  71.6 | time: 4.3145s
Epoch: 0069 | loss: 0.5506 Ac:  81.88 P:  83.7 R:  81.9 F1:  81.4 | loss: 0.8169 Ac:  69.90 P:  68.6 R:  69.9 F1:  68.7 | time: 10.7952s
                                                                  | loss: 0.8090 Ac:  72.75 P:  71.9 R:  72.8 F1:  71.9 | time: 4.4193s
Epoch: 0070 | loss: 0.4787 Ac:  88.75 P:  88.9 R:  88.8 F1:  88.8 | loss: 0.8148 Ac:  69.90 P:  68.6 R:  69.9 F1:  68.7 | time: 11.0674s
                                                                  | loss: 0.8067 Ac:  72.80 P:  72.0 R:  72.8 F1:  72.0 | time: 4.2816s
Epoch: 0071 | loss: 0.4916 Ac:  86.88 P:  87.3 R:  86.9 F1:  86.8 | loss: 0.8128 Ac:  70.10 P:  68.8 R:  70.1 F1:  68.8 | time: 10.9965s
                                                                  | loss: 0.8040 Ac:  72.65 P:  71.7 R:  72.6 F1:  71.8 | time: 4.3330s
Epoch: 0072 | loss: 0.3965 Ac:  89.38 P:  89.3 R:  89.4 F1:  89.3 | loss: 0.8112 Ac:  70.30 P:  68.9 R:  70.3 F1:  69.0 | time: 11.2962s
                                                                  | loss: 0.8015 Ac:  72.70 P:  71.7 R:  72.7 F1:  71.8 | time: 4.1930s
Epoch: 0073 | loss: 0.4116 Ac:  90.00 P:  90.4 R:  90.0 F1:  90.1 | loss: 0.8105 Ac:  70.50 P:  69.0 R:  70.5 F1:  69.1 | time: 10.7295s
                                                                  | loss: 0.8000 Ac:  72.65 P:  71.6 R:  72.7 F1:  71.6 | time: 4.7306s
Epoch: 0074 | loss: 0.4423 Ac:  88.12 P:  88.1 R:  88.1 F1:  88.0 | loss: 0.8110 Ac:  70.30 P:  68.8 R:  70.3 F1:  68.8 | time: 11.0172s
                                                                  | loss: 0.7994 Ac:  72.65 P:  71.5 R:  72.7 F1:  71.6 | time: 4.5172s
Epoch: 0075 | loss: 0.4223 Ac:  90.62 P:  90.6 R:  90.6 F1:  90.6 | loss: 0.8117 Ac:  70.20 P:  68.6 R:  70.2 F1:  68.6 | time: 11.0169s
                                                                  | loss: 0.7992 Ac:  72.60 P:  71.5 R:  72.6 F1:  71.5 | time: 4.2440s
Epoch: 0076 | loss: 0.3962 Ac:  88.75 P:  89.1 R:  88.8 F1:  88.5 | loss: 0.8124 Ac:  70.20 P:  68.6 R:  70.2 F1:  68.6 | time: 10.7221s
                                                                  | loss: 0.7990 Ac:  72.60 P:  71.5 R:  72.6 F1:  71.5 | time: 4.0879s
Epoch: 0077 | loss: 0.3874 Ac:  88.75 P:  88.7 R:  88.8 F1:  88.6 | loss: 0.8134 Ac:  70.00 P:  68.3 R:  70.0 F1:  68.5 | time: 10.6425s
                                                                  | loss: 0.7991 Ac:  72.35 P:  71.2 R:  72.4 F1:  71.2 | time: 4.0999s
Epoch: 0078 | loss: 0.4137 Ac:  87.50 P:  88.3 R:  87.5 F1:  87.4 | loss: 0.8140 Ac:  70.30 P:  68.7 R:  70.3 F1:  68.9 | time: 10.9323s
                                                                  | loss: 0.7987 Ac:  72.45 P:  71.3 R:  72.5 F1:  71.4 | time: 4.0940s
Epoch: 0079 | loss: 0.3562 Ac:  92.50 P:  92.7 R:  92.5 F1:  92.4 | loss: 0.8142 Ac:  70.00 P:  68.4 R:  70.0 F1:  68.7 | time: 10.6922s
                                                                  | loss: 0.7975 Ac:  71.95 P:  70.8 R:  72.0 F1:  71.0 | time: 4.5936s
Epoch: 0080 | loss: 0.3868 Ac:  91.88 P:  91.9 R:  91.9 F1:  91.9 | loss: 0.8140 Ac:  70.50 P:  69.2 R:  70.5 F1:  69.6 | time: 10.7225s
                                                                  | loss: 0.7959 Ac:  71.85 P:  70.8 R:  71.9 F1:  71.1 | time: 4.1372s
Epoch: 0081 | loss: 0.3247 Ac:  91.25 P:  91.4 R:  91.2 F1:  91.3 | loss: 0.8174 Ac:  69.70 P:  68.7 R:  69.7 F1:  69.0 | time: 10.6288s
                                                                  | loss: 0.7964 Ac:  71.60 P:  70.8 R:  71.6 F1:  71.1 | time: 4.2511s
Epoch: 0082 | loss: 0.3752 Ac:  87.50 P:  87.4 R:  87.5 F1:  87.4 | loss: 0.8200 Ac:  69.40 P:  68.6 R:  69.4 F1:  68.8 | time: 11.2321s
                                                                  | loss: 0.7972 Ac:  71.15 P:  70.6 R:  71.2 F1:  70.7 | time: 4.7217s
Epoch: 0083 | loss: 0.3714 Ac:  88.75 P:  89.1 R:  88.8 F1:  88.8 | loss: 0.8242 Ac:  68.90 P:  68.4 R:  68.9 F1:  68.4 | time: 11.0666s
                                                                  | loss: 0.7999 Ac:  70.75 P:  70.3 R:  70.8 F1:  70.4 | time: 4.3522s
Epoch: 0084 | loss: 0.3102 Ac:  93.12 P:  93.2 R:  93.1 F1:  93.1 | loss: 0.8278 Ac:  68.80 P:  68.4 R:  68.8 F1:  68.4 | time: 10.7031s
                                                                  | loss: 0.8022 Ac:  70.75 P:  70.4 R:  70.8 F1:  70.4 | time: 4.1800s
Epoch: 0085 | loss: 0.3023 Ac:  93.12 P:  93.4 R:  93.1 F1:  93.1 | loss: 0.8317 Ac:  68.70 P:  68.6 R:  68.7 F1:  68.4 | time: 10.6122s
                                                                  | loss: 0.8056 Ac:  70.75 P:  70.6 R:  70.8 F1:  70.5 | time: 4.2924s
Epoch: 0086 | loss: 0.3345 Ac:  88.75 P:  89.1 R:  88.8 F1:  88.7 | loss: 0.8346 Ac:  68.60 P:  68.6 R:  68.6 F1:  68.3 | time: 11.0130s
                                                                  | loss: 0.8085 Ac:  70.65 P:  70.5 R:  70.7 F1:  70.4 | time: 4.3175s
Epoch: 0087 | loss: 0.3874 Ac:  86.25 P:  86.2 R:  86.2 F1:  86.2 | loss: 0.8387 Ac:  68.70 P:  68.6 R:  68.7 F1:  68.3 | time: 11.1485s
                                                                  | loss: 0.8115 Ac:  70.45 P:  70.4 R:  70.5 F1:  70.2 | time: 4.9415s
Epoch: 0088 | loss: 0.4228 Ac:  86.88 P:  87.7 R:  86.9 F1:  86.9 | loss: 0.8410 Ac:  69.00 P:  68.6 R:  69.0 F1:  68.5 | time: 10.5794s
                                                                  | loss: 0.8123 Ac:  70.50 P:  70.3 R:  70.5 F1:  70.2 | time: 4.1412s
Epoch: 0089 | loss: 0.3184 Ac:  90.00 P:  91.0 R:  90.0 F1:  90.2 | loss: 0.8443 Ac:  68.80 P:  68.0 R:  68.8 F1:  68.1 | time: 10.9951s
                                                                  | loss: 0.8136 Ac:  71.05 P:  70.5 R:  71.0 F1:  70.6 | time: 4.1516s
Epoch: 0090 | loss: 0.3029 Ac:  92.50 P:  92.6 R:  92.5 F1:  92.4 | loss: 0.8469 Ac:  69.10 P:  67.9 R:  69.1 F1:  68.1 | time: 10.5481s
                                                                  | loss: 0.8149 Ac:  72.00 P:  71.1 R:  72.0 F1:  71.3 | time: 3.9892s
Epoch: 0091 | loss: 0.2976 Ac:  92.50 P:  92.5 R:  92.5 F1:  92.5 | loss: 0.8498 Ac:  69.20 P:  67.6 R:  69.2 F1:  67.9 | time: 11.0904s
                                                                  | loss: 0.8171 Ac:  72.50 P:  71.4 R:  72.5 F1:  71.6 | time: 4.0480s
Epoch: 0092 | loss: 0.2779 Ac:  91.88 P:  92.0 R:  91.9 F1:  91.7 | loss: 0.8542 Ac:  69.40 P:  67.7 R:  69.4 F1:  67.9 | time: 10.9749s
                                                                  | loss: 0.8204 Ac:  72.90 P:  71.8 R:  72.9 F1:  71.9 | time: 4.2020s
Epoch: 0093 | loss: 0.2661 Ac:  93.12 P:  93.3 R:  93.1 F1:  93.1 | loss: 0.8546 Ac:  69.80 P:  68.2 R:  69.8 F1:  68.4 | time: 10.5557s
                                                                  | loss: 0.8204 Ac:  73.00 P:  71.9 R:  73.0 F1:  72.0 | time: 4.0102s
Epoch: 0094 | loss: 0.3070 Ac:  90.00 P:  90.3 R:  90.0 F1:  89.9 | loss: 0.8524 Ac:  69.90 P:  68.4 R:  69.9 F1:  68.6 | time: 10.5205s
                                                                  | loss: 0.8184 Ac:  73.10 P:  72.0 R:  73.1 F1:  72.2 | time: 4.1407s
Epoch: 0095 | loss: 0.2508 Ac:  93.75 P:  94.0 R:  93.8 F1:  93.7 | loss: 0.8488 Ac:  70.10 P:  68.6 R:  70.1 F1:  68.9 | time: 10.5147s
                                                                  | loss: 0.8152 Ac:  73.05 P:  72.0 R:  73.0 F1:  72.2 | time: 4.0067s
Epoch: 0096 | loss: 0.2776 Ac:  93.75 P:  93.7 R:  93.8 F1:  93.7 | loss: 0.8473 Ac:  70.30 P:  68.9 R:  70.3 F1:  69.2 | time: 11.1142s
                                                                  | loss: 0.8137 Ac:  72.95 P:  71.9 R:  73.0 F1:  72.1 | time: 4.0869s
Epoch: 0097 | loss: 0.3182 Ac:  91.25 P:  91.3 R:  91.3 F1:  91.2 | loss: 0.8454 Ac:  70.40 P:  69.1 R:  70.4 F1:  69.4 | time: 10.6085s
                                                                  | loss: 0.8119 Ac:  72.65 P:  71.6 R:  72.7 F1:  71.9 | time: 4.0196s
Epoch: 0098 | loss: 0.2131 Ac:  95.00 P:  95.0 R:  95.0 F1:  95.0 | loss: 0.8448 Ac:  70.40 P:  69.0 R:  70.4 F1:  69.4 | time: 10.4947s
                                                                  | loss: 0.8113 Ac:  72.50 P:  71.4 R:  72.5 F1:  71.8 | time: 3.8497s
Epoch: 0099 | loss: 0.2709 Ac:  93.75 P:  93.7 R:  93.8 F1:  93.7 | loss: 0.8444 Ac:  70.10 P:  68.8 R:  70.1 F1:  69.1 | time: 10.6073s
                                                                  | loss: 0.8110 Ac:  71.70 P:  70.8 R:  71.7 F1:  71.1 | time: 4.7530s
Epoch: 0100 | loss: 0.2589 Ac:  93.12 P:  93.2 R:  93.1 F1:  93.1 | loss: 0.8455 Ac:  69.70 P:  68.4 R:  69.7 F1:  68.7 | time: 10.7942s
                                                                  | loss: 0.8118 Ac:  71.30 P:  70.5 R:  71.3 F1:  70.8 | time: 4.5975s
Epoch: 0101 | loss: 0.2363 Ac:  93.12 P:  93.1 R:  93.1 F1:  93.1 | loss: 0.8476 Ac:  69.40 P:  68.3 R:  69.4 F1:  68.5 | time: 10.5522s
                                                                  | loss: 0.8132 Ac:  71.25 P:  70.5 R:  71.2 F1:  70.8 | time: 4.1458s
Epoch: 0102 | loss: 0.2189 Ac:  95.62 P:  95.8 R:  95.6 F1:  95.6 | loss: 0.8498 Ac:  68.90 P:  67.9 R:  68.9 F1:  68.1 | time: 11.0485s
                                                                  | loss: 0.8150 Ac:  71.10 P:  70.5 R:  71.1 F1:  70.7 | time: 4.4762s
Epoch: 0103 | loss: 0.2290 Ac:  93.75 P:  93.8 R:  93.8 F1:  93.7 | loss: 0.8524 Ac:  68.80 P:  68.1 R:  68.8 F1:  68.2 | time: 10.9376s
                                                                  | loss: 0.8175 Ac:  70.70 P:  70.3 R:  70.7 F1:  70.4 | time: 4.3218s
Epoch: 0104 | loss: 0.2120 Ac:  95.62 P:  95.7 R:  95.6 F1:  95.6 | loss: 0.8562 Ac:  68.50 P:  68.0 R:  68.5 F1:  68.0 | time: 10.5508s
                                                                  | loss: 0.8207 Ac:  70.70 P:  70.5 R:  70.7 F1:  70.4 | time: 4.0580s
Epoch: 0105 | loss: 0.2149 Ac:  94.38 P:  94.5 R:  94.4 F1:  94.4 | loss: 0.8597 Ac:  68.60 P:  68.2 R:  68.6 F1:  68.1 | time: 11.2898s
                                                                  | loss: 0.8237 Ac:  70.75 P:  70.7 R:  70.8 F1:  70.6 | time: 4.2649s
Epoch: 0106 | loss: 0.1759 Ac:  96.25 P:  96.3 R:  96.2 F1:  96.2 | loss: 0.8638 Ac:  68.40 P:  68.1 R:  68.4 F1:  67.9 | time: 10.8566s
                                                                  | loss: 0.8277 Ac:  70.45 P:  70.7 R:  70.5 F1:  70.3 | time: 4.2285s
Epoch: 0107 | loss: 0.2258 Ac:  93.12 P:  94.3 R:  93.1 F1:  93.2 | loss: 0.8676 Ac:  68.40 P:  68.3 R:  68.4 F1:  68.0 | time: 10.7733s
                                                                  | loss: 0.8307 Ac:  70.15 P:  70.5 R:  70.2 F1:  70.1 | time: 4.4592s
Epoch: 0108 | loss: 0.1921 Ac:  95.00 P:  95.1 R:  95.0 F1:  95.0 | loss: 0.8720 Ac:  68.50 P:  68.4 R:  68.5 F1:  68.1 | time: 11.5039s
                                                                  | loss: 0.8345 Ac:  70.25 P:  70.6 R:  70.2 F1:  70.2 | time: 4.4699s
Epoch: 0109 | loss: 0.1911 Ac:  95.00 P:  95.1 R:  95.0 F1:  95.0 | loss: 0.8758 Ac:  68.50 P:  68.3 R:  68.5 F1:  68.1 | time: 11.7706s
                                                                  | loss: 0.8378 Ac:  69.95 P:  70.3 R:  70.0 F1:  69.9 | time: 5.1947s
Epoch: 0110 | loss: 0.2087 Ac:  93.75 P:  93.9 R:  93.8 F1:  93.8 | loss: 0.8804 Ac:  68.80 P:  68.7 R:  68.8 F1:  68.4 | time: 11.4022s
                                                                  | loss: 0.8417 Ac:  69.90 P:  70.3 R:  69.9 F1:  69.9 | time: 4.4829s
Epoch: 0111 | loss: 0.1980 Ac:  95.00 P:  95.4 R:  95.0 F1:  95.0 | loss: 0.8858 Ac:  69.20 P:  69.1 R:  69.2 F1:  68.8 | time: 10.8490s
                                                                  | loss: 0.8454 Ac:  69.75 P:  70.0 R:  69.8 F1:  69.7 | time: 3.9656s
Epoch: 0112 | loss: 0.1729 Ac:  95.62 P:  95.7 R:  95.6 F1:  95.6 | loss: 0.8916 Ac:  69.80 P:  69.5 R:  69.8 F1:  69.3 | time: 10.4176s
                                                                  | loss: 0.8493 Ac:  69.95 P:  70.0 R:  70.0 F1:  69.8 | time: 4.0577s
Epoch: 0113 | loss: 0.1742 Ac:  97.50 P:  97.5 R:  97.5 F1:  97.5 | loss: 0.8974 Ac:  70.10 P:  69.5 R:  70.1 F1:  69.5 | time: 10.6325s
                                                                  | loss: 0.8535 Ac:  70.05 P:  69.7 R:  70.0 F1:  69.8 | time: 4.2460s
Epoch: 0114 | loss: 0.1392 Ac:  96.25 P:  96.3 R:  96.2 F1:  96.2 | loss: 0.9042 Ac:  70.60 P:  69.8 R:  70.6 F1:  69.9 | time: 11.4173s
                                                                  | loss: 0.8590 Ac:  70.50 P:  69.9 R:  70.5 F1:  70.1 | time: 4.6252s
Epoch: 0115 | loss: 0.2094 Ac:  93.75 P:  93.9 R:  93.8 F1:  93.8 | loss: 0.9091 Ac:  69.90 P:  68.7 R:  69.9 F1:  69.0 | time: 11.2948s
                                                                  | loss: 0.8636 Ac:  71.10 P:  70.3 R:  71.1 F1:  70.6 | time: 4.1786s
Epoch: 0116 | loss: 0.1717 Ac:  95.62 P:  95.7 R:  95.6 F1:  95.6 | loss: 0.9150 Ac:  70.30 P:  68.9 R:  70.3 F1:  69.2 | time: 10.5645s
                                                                  | loss: 0.8692 Ac:  71.60 P:  70.6 R:  71.6 F1:  70.9 | time: 4.0326s
Epoch: 0117 | loss: 0.1685 Ac:  95.62 P:  95.7 R:  95.6 F1:  95.6 | loss: 0.9197 Ac:  69.60 P:  68.0 R:  69.6 F1:  68.4 | time: 10.4977s
                                                                  | loss: 0.8740 Ac:  71.70 P:  70.6 R:  71.7 F1:  70.9 | time: 3.8587s
Epoch: 0118 | loss: 0.1508 Ac:  95.62 P:  95.8 R:  95.6 F1:  95.6 | loss: 0.9237 Ac:  69.60 P:  68.0 R:  69.6 F1:  68.4 | time: 10.9240s
                                                                  | loss: 0.8781 Ac:  71.75 P:  70.6 R:  71.8 F1:  71.0 | time: 3.9971s
Epoch: 0119 | loss: 0.1718 Ac:  94.38 P:  94.3 R:  94.4 F1:  94.4 | loss: 0.9250 Ac:  69.50 P:  67.9 R:  69.5 F1:  68.3 | time: 12.2883s
                                                                  | loss: 0.8800 Ac:  71.60 P:  70.5 R:  71.6 F1:  70.8 | time: 4.6628s
Epoch: 0120 | loss: 0.1197 Ac:  97.50 P:  97.5 R:  97.5 F1:  97.5 | loss: 0.9263 Ac:  69.10 P:  67.5 R:  69.1 F1:  68.0 | time: 11.2758s
                                                                  | loss: 0.8819 Ac:  71.45 P:  70.4 R:  71.5 F1:  70.7 | time: 5.0194s
Epoch: 0121 | loss: 0.1444 Ac:  96.88 P:  97.0 R:  96.9 F1:  96.9 | loss: 0.9268 Ac:  69.30 P:  67.8 R:  69.3 F1:  68.2 | time: 12.5403s
                                                                  | loss: 0.8831 Ac:  71.30 P:  70.3 R:  71.3 F1:  70.6 | time: 4.4291s
Epoch: 0122 | loss: 0.1792 Ac:  93.75 P:  93.8 R:  93.8 F1:  93.7 | loss: 0.9261 Ac:  69.40 P:  68.1 R:  69.4 F1:  68.5 | time: 13.3011s
                                                                  | loss: 0.8829 Ac:  71.10 P:  70.1 R:  71.1 F1:  70.5 | time: 4.2387s
Epoch: 0123 | loss: 0.1711 Ac:  96.25 P:  96.4 R:  96.2 F1:  96.2 | loss: 0.9257 Ac:  69.50 P:  68.3 R:  69.5 F1:  68.6 | time: 10.9410s
                                                                  | loss: 0.8831 Ac:  70.90 P:  70.0 R:  70.9 F1:  70.3 | time: 4.3976s
Epoch: 0124 | loss: 0.1551 Ac:  95.62 P:  95.6 R:  95.6 F1:  95.6 | loss: 0.9255 Ac:  69.50 P:  68.4 R:  69.5 F1:  68.7 | time: 11.2790s
                                                                  | loss: 0.8833 Ac:  70.45 P:  69.7 R:  70.5 F1:  70.0 | time: 4.6317s
Epoch: 0125 | loss: 0.1632 Ac:  95.62 P:  96.1 R:  95.6 F1:  95.7 | loss: 0.9257 Ac:  69.80 P:  68.9 R:  69.8 F1:  69.1 | time: 11.2234s
                                                                  | loss: 0.8840 Ac:  70.05 P:  69.5 R:  70.0 F1:  69.7 | time: 4.4465s
Epoch: 0126 | loss: 0.1498 Ac:  95.62 P:  95.7 R:  95.6 F1:  95.5 | loss: 0.9267 Ac:  69.30 P:  68.7 R:  69.3 F1:  68.8 | time: 13.5836s
                                                                  | loss: 0.8857 Ac:  69.40 P:  69.2 R:  69.4 F1:  69.2 | time: 5.2692s
Epoch: 0127 | loss: 0.1404 Ac:  95.00 P:  95.1 R:  95.0 F1:  95.0 | loss: 0.9293 Ac:  70.00 P:  69.7 R:  70.0 F1:  69.6 | time: 13.0747s
                                                                  | loss: 0.8888 Ac:  69.10 P:  69.2 R:  69.1 F1:  69.0 | time: 4.7859s
Epoch: 0128 | loss: 0.1095 Ac:  96.25 P:  96.3 R:  96.2 F1:  96.2 | loss: 0.9324 Ac:  69.40 P:  69.5 R:  69.4 F1:  69.0 | time: 10.8164s
                                                                  | loss: 0.8926 Ac:  68.60 P:  69.0 R:  68.6 F1:  68.6 | time: 4.0077s
Epoch: 0129 | loss: 0.1438 Ac:  95.62 P:  96.1 R:  95.6 F1:  95.6 | loss: 0.9359 Ac:  68.90 P:  69.2 R:  68.9 F1:  68.6 | time: 10.3125s
                                                                  | loss: 0.8965 Ac:  68.90 P:  69.8 R:  68.9 F1:  69.0 | time: 3.8995s
Epoch: 0130 | loss: 0.1424 Ac:  96.25 P:  96.2 R:  96.2 F1:  96.2 | loss: 0.9395 Ac:  68.00 P:  68.6 R:  68.0 F1:  67.7 | time: 11.1441s
                                                                  | loss: 0.9002 Ac:  68.70 P:  69.9 R:  68.7 F1:  68.8 | time: 3.8949s
Epoch: 0131 | loss: 0.1451 Ac:  95.62 P:  95.7 R:  95.6 F1:  95.6 | loss: 0.9419 Ac:  67.50 P:  68.3 R:  67.5 F1:  67.2 | time: 10.8803s
                                                                  | loss: 0.9027 Ac:  68.55 P:  69.9 R:  68.5 F1:  68.7 | time: 3.9641s
Epoch: 0132 | loss: 0.1591 Ac:  95.00 P:  95.1 R:  95.0 F1:  95.0 | loss: 0.9422 Ac:  67.40 P:  68.2 R:  67.4 F1:  67.1 | time: 10.5464s
                                                                  | loss: 0.9028 Ac:  68.35 P:  69.7 R:  68.3 F1:  68.5 | time: 4.0794s
Epoch: 0133 | loss: 0.1423 Ac:  96.88 P:  97.0 R:  96.9 F1:  96.9 | loss: 0.9416 Ac:  67.60 P:  68.4 R:  67.6 F1:  67.3 | time: 12.4711s
                                                                  | loss: 0.9016 Ac:  68.60 P:  69.8 R:  68.6 F1:  68.7 | time: 5.2300s
Epoch: 0134 | loss: 0.1074 Ac:  98.12 P:  98.2 R:  98.1 F1:  98.1 | loss: 0.9417 Ac:  67.70 P:  68.4 R:  67.7 F1:  67.4 | time: 13.5409s
                                                                  | loss: 0.9012 Ac:  68.80 P:  69.8 R:  68.8 F1:  68.9 | time: 4.8303s
Epoch: 0135 | loss: 0.1336 Ac:  95.62 P:  95.8 R:  95.6 F1:  95.7 | loss: 0.9424 Ac:  67.60 P:  68.3 R:  67.6 F1:  67.3 | time: 13.5080s
                                                                  | loss: 0.9015 Ac:  68.80 P:  69.7 R:  68.8 F1:  68.8 | time: 5.2757s
Epoch: 0136 | loss: 0.1128 Ac:  98.12 P:  98.1 R:  98.1 F1:  98.1 | loss: 0.9432 Ac:  68.50 P:  68.9 R:  68.5 F1:  68.2 | time: 13.1497s
                                                                  | loss: 0.9018 Ac:  68.70 P:  69.5 R:  68.7 F1:  68.7 | time: 5.0703s
Epoch: 0137 | loss: 0.1028 Ac:  97.50 P:  97.6 R:  97.5 F1:  97.5 | loss: 0.9431 Ac:  69.10 P:  69.3 R:  69.1 F1:  68.7 | time: 13.4162s
                                                                  | loss: 0.9012 Ac:  68.75 P:  69.4 R:  68.8 F1:  68.7 | time: 4.9493s
Epoch: 0138 | loss: 0.1422 Ac:  94.38 P:  94.6 R:  94.4 F1:  94.4 | loss: 0.9433 Ac:  69.30 P:  69.3 R:  69.3 F1:  68.9 | time: 13.2543s
                                                                  | loss: 0.9010 Ac:  68.55 P:  68.9 R:  68.5 F1:  68.5 | time: 5.1097s
Epoch: 0139 | loss: 0.0947 Ac:  97.50 P:  97.6 R:  97.5 F1:  97.5 | loss: 0.9436 Ac:  69.10 P:  68.9 R:  69.1 F1:  68.7 | time: 13.0383s
                                                                  | loss: 0.9009 Ac:  68.60 P:  68.8 R:  68.6 F1:  68.5 | time: 4.3502s
Epoch: 0140 | loss: 0.1135 Ac:  98.75 P:  98.8 R:  98.8 F1:  98.8 | loss: 0.9453 Ac:  69.60 P:  69.1 R:  69.6 F1:  69.1 | time: 11.6565s
                                                                  | loss: 0.9020 Ac:  68.85 P:  68.9 R:  68.8 F1:  68.7 | time: 4.4679s
Epoch: 0141 | loss: 0.1567 Ac:  93.75 P:  93.8 R:  93.7 F1:  93.7 | loss: 0.9473 Ac:  69.50 P:  68.9 R:  69.5 F1:  68.9 | time: 11.9072s
                                                                  | loss: 0.9037 Ac:  68.95 P:  68.8 R:  69.0 F1:  68.7 | time: 4.3060s
Epoch: 0142 | loss: 0.1161 Ac:  97.50 P:  97.5 R:  97.5 F1:  97.5 | loss: 0.9491 Ac:  69.20 P:  68.5 R:  69.2 F1:  68.6 | time: 11.4547s
                                                                  | loss: 0.9053 Ac:  69.15 P:  68.9 R:  69.2 F1:  68.9 | time: 4.2229s
Epoch: 0143 | loss: 0.1468 Ac:  95.62 P:  95.6 R:  95.6 F1:  95.6 | loss: 0.9509 Ac:  68.90 P:  68.1 R:  68.9 F1:  68.3 | time: 10.8350s
                                                                  | loss: 0.9071 Ac:  69.40 P:  69.0 R:  69.4 F1:  69.1 | time: 3.9429s
Epoch: 0144 | loss: 0.0892 Ac:  98.12 P:  98.2 R:  98.1 F1:  98.1 | loss: 0.9527 Ac:  68.90 P:  68.1 R:  68.9 F1:  68.3 | time: 10.2105s
                                                                  | loss: 0.9087 Ac:  69.40 P:  69.0 R:  69.4 F1:  69.1 | time: 4.1287s
Epoch: 0145 | loss: 0.1449 Ac:  96.25 P:  96.4 R:  96.2 F1:  96.3 | loss: 0.9544 Ac:  68.90 P:  68.0 R:  68.9 F1:  68.3 | time: 10.7572s
                                                                  | loss: 0.9094 Ac:  69.70 P:  69.2 R:  69.7 F1:  69.4 | time: 4.2608s
Epoch: 0146 | loss: 0.1381 Ac:  96.88 P:  96.9 R:  96.9 F1:  96.9 | loss: 0.9557 Ac:  68.70 P:  67.7 R:  68.7 F1:  68.0 | time: 10.2671s
                                                                  | loss: 0.9101 Ac:  69.65 P:  69.2 R:  69.7 F1:  69.3 | time: 4.3394s
Epoch: 0147 | loss: 0.1238 Ac:  98.12 P:  98.2 R:  98.1 F1:  98.1 | loss: 0.9561 Ac:  68.60 P:  67.6 R:  68.6 F1:  67.9 | time: 10.6548s
                                                                  | loss: 0.9106 Ac:  69.80 P:  69.3 R:  69.8 F1:  69.5 | time: 3.9710s
Epoch: 0148 | loss: 0.1199 Ac:  96.25 P:  96.2 R:  96.2 F1:  96.2 | loss: 0.9567 Ac:  68.60 P:  67.7 R:  68.6 F1:  67.9 | time: 10.6194s
                                                                  | loss: 0.9115 Ac:  69.65 P:  69.2 R:  69.7 F1:  69.3 | time: 4.0119s
Epoch: 0149 | loss: 0.1597 Ac:  95.62 P:  95.8 R:  95.6 F1:  95.6 | loss: 0.9582 Ac:  68.60 P:  67.6 R:  68.6 F1:  67.9 | time: 10.4268s
                                                                  | loss: 0.9131 Ac:  69.65 P:  69.2 R:  69.7 F1:  69.3 | time: 4.1419s
Epoch: 0150 | loss: 0.1153 Ac:  96.88 P:  97.0 R:  96.9 F1:  96.9 | loss: 0.9604 Ac:  68.80 P:  67.8 R:  68.8 F1:  68.1 | time: 10.6350s
                                                                  | loss: 0.9155 Ac:  69.60 P:  69.2 R:  69.6 F1:  69.3 | time: 4.0698s
Epoch: 0151 | loss: 0.1091 Ac:  97.50 P:  97.5 R:  97.5 F1:  97.5 | loss: 0.9627 Ac:  68.80 P:  67.8 R:  68.8 F1:  68.1 | time: 11.1634s
                                                                  | loss: 0.9183 Ac:  69.60 P:  69.2 R:  69.6 F1:  69.3 | time: 3.9172s
Epoch: 0152 | loss: 0.0945 Ac:  96.88 P:  97.0 R:  96.9 F1:  96.9 | loss: 0.9638 Ac:  68.90 P:  68.0 R:  68.9 F1:  68.2 | time: 10.5481s
                                                                  | loss: 0.9201 Ac:  69.35 P:  69.0 R:  69.3 F1:  69.1 | time: 4.2589s
Epoch: 0153 | loss: 0.0929 Ac:  98.12 P:  98.1 R:  98.1 F1:  98.1 | loss: 0.9654 Ac:  68.90 P:  68.1 R:  68.9 F1:  68.3 | time: 12.1128s
                                                                  | loss: 0.9222 Ac:  69.15 P:  68.9 R:  69.2 F1:  68.9 | time: 4.0037s
Epoch: 0154 | loss: 0.1261 Ac:  97.50 P:  97.6 R:  97.5 F1:  97.5 | loss: 0.9665 Ac:  69.10 P:  68.4 R:  69.1 F1:  68.5 | time: 12.6333s
                                                                  | loss: 0.9240 Ac:  68.90 P:  68.8 R:  68.9 F1:  68.7 | time: 4.9392s
Epoch: 0155 | loss: 0.0821 Ac:  98.12 P:  98.2 R:  98.1 F1:  98.1 | loss: 0.9675 Ac:  69.00 P:  68.5 R:  69.0 F1:  68.5 | time: 13.4893s
                                                                  | loss: 0.9257 Ac:  68.55 P:  68.7 R:  68.5 F1:  68.5 | time: 4.3782s
Epoch: 0156 | loss: 0.0982 Ac:  96.88 P:  96.9 R:  96.9 F1:  96.8 | loss: 0.9686 Ac:  68.50 P:  68.3 R:  68.5 F1:  68.1 | time: 11.1400s
                                                                  | loss: 0.9279 Ac:  68.45 P:  68.8 R:  68.5 F1:  68.4 | time: 5.0053s
Epoch: 0157 | loss: 0.1353 Ac:  96.25 P:  96.3 R:  96.2 F1:  96.2 | loss: 0.9686 Ac:  67.80 P:  67.8 R:  67.8 F1:  67.5 | time: 11.4388s
                                                                  | loss: 0.9292 Ac:  68.00 P:  68.7 R:  68.0 F1:  68.1 | time: 4.5976s
Epoch: 0158 | loss: 0.0977 Ac:  96.88 P:  96.9 R:  96.9 F1:  96.9 | loss: 0.9696 Ac:  67.50 P:  67.7 R:  67.5 F1:  67.3 | time: 12.1875s
                                                                  | loss: 0.9306 Ac:  67.80 P:  68.6 R:  67.8 F1:  67.9 | time: 4.8259s
Epoch: 0159 | loss: 0.0606 Ac: 100.00 P: 100.0 R: 100.0 F1: 100.0 | loss: 0.9702 Ac:  67.60 P:  67.8 R:  67.6 F1:  67.4 | time: 12.9764s
                                                                  | loss: 0.9317 Ac:  67.70 P:  68.6 R:  67.7 F1:  67.8 | time: 4.6120s
Epoch: 0160 | loss: 0.1131 Ac:  98.12 P:  98.1 R:  98.1 F1:  98.1 | loss: 0.9706 Ac:  67.70 P:  68.0 R:  67.7 F1:  67.5 | time: 12.6514s
                                                                  | loss: 0.9322 Ac:  67.75 P:  68.7 R:  67.8 F1:  67.9 | time: 4.7962s
Epoch: 0161 | loss: 0.0818 Ac:  97.50 P:  97.5 R:  97.5 F1:  97.5 | loss: 0.9716 Ac:  67.50 P:  67.8 R:  67.5 F1:  67.3 | time: 11.3229s
                                                                  | loss: 0.9336 Ac:  67.50 P:  68.5 R:  67.5 F1:  67.6 | time: 4.9703s
Epoch: 0162 | loss: 0.1366 Ac:  95.00 P:  95.1 R:  95.0 F1:  95.0 | loss: 0.9720 Ac:  67.30 P:  67.7 R:  67.3 F1:  67.2 | time: 11.2201s
                                                                  | loss: 0.9342 Ac:  67.45 P:  68.5 R:  67.5 F1:  67.6 | time: 4.7654s
Epoch: 0163 | loss: 0.0977 Ac:  96.25 P:  96.3 R:  96.2 F1:  96.2 | loss: 0.9730 Ac:  67.10 P:  67.6 R:  67.1 F1:  67.0 | time: 11.7630s
                                                                  | loss: 0.9355 Ac:  67.30 P:  68.5 R:  67.3 F1:  67.5 | time: 4.4231s
Epoch: 0164 | loss: 0.1000 Ac:  98.12 P:  98.2 R:  98.1 F1:  98.1 | loss: 0.9747 Ac:  66.90 P:  67.5 R:  66.9 F1:  66.8 | time: 13.0003s
                                                                  | loss: 0.9373 Ac:  67.20 P:  68.5 R:  67.2 F1:  67.4 | time: 4.8141s
Epoch: 0165 | loss: 0.0963 Ac:  97.50 P:  97.5 R:  97.5 F1:  97.5 | loss: 0.9770 Ac:  66.90 P:  67.6 R:  66.9 F1:  66.8 | time: 10.3359s
                                                                  | loss: 0.9393 Ac:  67.30 P:  68.6 R:  67.3 F1:  67.5 | time: 4.2681s
Epoch: 0166 | loss: 0.1125 Ac:  97.50 P:  97.5 R:  97.5 F1:  97.5 | loss: 0.9802 Ac:  66.90 P:  67.7 R:  66.9 F1:  66.7 | time: 12.2143s
                                                                  | loss: 0.9425 Ac:  67.30 P:  68.8 R:  67.3 F1:  67.5 | time: 4.7971s
Epoch: 0167 | loss: 0.1041 Ac:  96.88 P:  96.9 R:  96.9 F1:  96.9 | loss: 0.9839 Ac:  66.90 P:  67.8 R:  66.9 F1:  66.7 | time: 11.8651s
                                                                  | loss: 0.9463 Ac:  67.00 P:  68.7 R:  67.0 F1:  67.2 | time: 4.2915s
Epoch: 0168 | loss: 0.1439 Ac:  97.50 P:  97.5 R:  97.5 F1:  97.5 | loss: 0.9868 Ac:  66.40 P:  67.5 R:  66.4 F1:  66.3 | time: 13.2144s
                                                                  | loss: 0.9493 Ac:  66.95 P:  68.7 R:  67.0 F1:  67.2 | time: 4.9631s
Epoch: 0169 | loss: 0.1230 Ac:  97.50 P:  97.6 R:  97.5 F1:  97.5 | loss: 0.9891 Ac:  66.70 P:  67.8 R:  66.7 F1:  66.5 | time: 15.7062s
                                                                  | loss: 0.9502 Ac:  66.95 P:  68.8 R:  67.0 F1:  67.1 | time: 11.1183s
Epoch: 0170 | loss: 0.0583 Ac:  99.38 P:  99.4 R:  99.4 F1:  99.4 | loss: 0.9917 Ac:  66.80 P:  67.9 R:  66.8 F1:  66.6 | time: 15.0520s
                                                                  | loss: 0.9515 Ac:  67.00 P:  69.0 R:  67.0 F1:  67.2 | time: 5.1844s
Epoch: 0171 | loss: 0.0996 Ac:  98.12 P:  98.1 R:  98.1 F1:  98.1 | loss: 0.9939 Ac:  66.80 P:  67.9 R:  66.8 F1:  66.6 | time: 13.4006s
                                                                  | loss: 0.9527 Ac:  67.05 P:  69.1 R:  67.0 F1:  67.3 | time: 5.4146s
Epoch: 0172 | loss: 0.1460 Ac:  96.88 P:  97.0 R:  96.9 F1:  96.9 | loss: 0.9924 Ac:  66.50 P:  67.5 R:  66.5 F1:  66.3 | time: 13.8354s
                                                                  | loss: 0.9495 Ac:  67.05 P:  68.9 R:  67.0 F1:  67.2 | time: 5.1252s
Epoch: 0173 | loss: 0.1076 Ac:  97.50 P:  97.6 R:  97.5 F1:  97.5 | loss: 0.9905 Ac:  66.80 P:  67.7 R:  66.8 F1:  66.6 | time: 13.4196s
                                                                  | loss: 0.9459 Ac:  67.05 P:  68.8 R:  67.0 F1:  67.2 | time: 5.3400s
Epoch: 0174 | loss: 0.0748 Ac:  98.12 P:  98.2 R:  98.1 F1:  98.1 | loss: 0.9885 Ac:  66.80 P:  67.4 R:  66.8 F1:  66.5 | time: 13.6108s
                                                                  | loss: 0.9426 Ac:  67.25 P:  68.8 R:  67.2 F1:  67.4 | time: 5.1285s
Epoch: 0175 | loss: 0.0688 Ac:  99.38 P:  99.4 R:  99.4 F1:  99.4 | loss: 0.9867 Ac:  67.10 P:  67.5 R:  67.1 F1:  66.8 | time: 13.5948s
                                                                  | loss: 0.9401 Ac:  67.25 P:  68.7 R:  67.2 F1:  67.4 | time: 5.0372s
Epoch: 0176 | loss: 0.0911 Ac:  98.12 P:  98.2 R:  98.1 F1:  98.1 | loss: 0.9858 Ac:  67.00 P:  67.3 R:  67.0 F1:  66.7 | time: 14.0664s
                                                                  | loss: 0.9388 Ac:  67.25 P:  68.6 R:  67.2 F1:  67.4 | time: 5.2475s
Epoch: 0177 | loss: 0.1084 Ac:  95.62 P:  95.6 R:  95.6 F1:  95.6 | loss: 0.9854 Ac:  67.10 P:  67.4 R:  67.1 F1:  66.8 | time: 13.5589s
                                                                  | loss: 0.9378 Ac:  67.30 P:  68.6 R:  67.3 F1:  67.4 | time: 5.2627s
Epoch: 0178 | loss: 0.1164 Ac:  96.25 P:  96.4 R:  96.2 F1:  96.3 | loss: 0.9841 Ac:  67.30 P:  67.5 R:  67.3 F1:  67.0 | time: 13.2677s
                                                                  | loss: 0.9355 Ac:  67.40 P:  68.5 R:  67.4 F1:  67.5 | time: 4.8550s
Epoch: 0179 | loss: 0.1061 Ac:  97.50 P:  97.6 R:  97.5 F1:  97.5 | loss: 0.9850 Ac:  67.30 P:  67.4 R:  67.3 F1:  66.9 | time: 13.1509s
                                                                  | loss: 0.9366 Ac:  67.50 P:  68.5 R:  67.5 F1:  67.6 | time: 5.2210s
Epoch: 0180 | loss: 0.1156 Ac:  95.62 P:  95.7 R:  95.6 F1:  95.6 | loss: 0.9877 Ac:  67.10 P:  67.3 R:  67.1 F1:  66.8 | time: 13.9053s
                                                                  | loss: 0.9398 Ac:  67.45 P:  68.6 R:  67.5 F1:  67.5 | time: 5.3715s
Epoch: 0181 | loss: 0.1568 Ac:  96.25 P:  96.5 R:  96.2 F1:  96.3 | loss: 0.9890 Ac:  66.60 P:  67.0 R:  66.6 F1:  66.4 | time: 13.0041s
                                                                  | loss: 0.9411 Ac:  67.35 P:  68.6 R:  67.3 F1:  67.5 | time: 4.4475s
Epoch: 0182 | loss: 0.0744 Ac:  99.38 P:  99.4 R:  99.4 F1:  99.4 | loss: 0.9893 Ac:  66.40 P:  67.0 R:  66.4 F1:  66.2 | time: 11.5305s
                                                                  | loss: 0.9408 Ac:  67.05 P:  68.4 R:  67.0 F1:  67.2 | time: 4.5589s
Epoch: 0183 | loss: 0.1360 Ac:  96.25 P:  96.3 R:  96.2 F1:  96.2 | loss: 0.9894 Ac:  66.00 P:  66.7 R:  66.0 F1:  65.9 | time: 11.8638s
                                                                  | loss: 0.9404 Ac:  66.90 P:  68.3 R:  66.9 F1:  67.1 | time: 4.7551s
Epoch: 0184 | loss: 0.0737 Ac:  98.12 P:  98.3 R:  98.1 F1:  98.1 | loss: 0.9894 Ac:  65.80 P:  66.6 R:  65.8 F1:  65.8 | time: 11.7004s
                                                                  | loss: 0.9403 Ac:  66.70 P:  68.1 R:  66.7 F1:  67.0 | time: 4.6260s
Epoch: 0185 | loss: 0.0649 Ac:  98.75 P:  98.8 R:  98.8 F1:  98.7 | loss: 0.9893 Ac:  65.40 P:  66.4 R:  65.4 F1:  65.5 | time: 12.3895s
                                                                  | loss: 0.9400 Ac:  66.75 P:  68.2 R:  66.8 F1:  67.0 | time: 5.0118s
Epoch: 0186 | loss: 0.0835 Ac:  97.50 P:  97.5 R:  97.5 F1:  97.5 | loss: 0.9893 Ac:  65.40 P:  66.5 R:  65.4 F1:  65.6 | time: 12.1666s
                                                                  | loss: 0.9400 Ac:  66.70 P:  68.2 R:  66.7 F1:  67.0 | time: 4.8205s
Epoch: 0187 | loss: 0.1217 Ac:  98.12 P:  98.2 R:  98.1 F1:  98.1 | loss: 0.9892 Ac:  65.20 P:  66.5 R:  65.2 F1:  65.4 | time: 12.1362s
                                                                  | loss: 0.9400 Ac:  66.75 P:  68.4 R:  66.8 F1:  67.1 | time: 4.6932s
Epoch: 0188 | loss: 0.0661 Ac:  99.38 P:  99.4 R:  99.4 F1:  99.4 | loss: 0.9901 Ac:  65.20 P:  66.6 R:  65.2 F1:  65.5 | time: 12.0311s
                                                                  | loss: 0.9411 Ac:  66.45 P:  68.3 R:  66.5 F1:  66.9 | time: 4.6094s
Epoch: 0189 | loss: 0.0623 Ac:  98.75 P:  98.8 R:  98.8 F1:  98.8 | loss: 0.9913 Ac:  65.00 P:  66.5 R:  65.0 F1:  65.3 | time: 11.8969s
                                                                  | loss: 0.9426 Ac:  66.20 P:  68.2 R:  66.2 F1:  66.7 | time: 4.3761s
Epoch: 0190 | loss: 0.0606 Ac:  99.38 P:  99.4 R:  99.4 F1:  99.4 | loss: 0.9925 Ac:  65.10 P:  66.7 R:  65.1 F1:  65.5 | time: 11.6174s
                                                                  | loss: 0.9442 Ac:  66.15 P:  68.3 R:  66.1 F1:  66.7 | time: 4.3704s
Epoch: 0191 | loss: 0.0989 Ac:  98.12 P:  98.2 R:  98.1 F1:  98.1 | loss: 0.9931 Ac:  65.20 P:  66.9 R:  65.2 F1:  65.6 | time: 11.7475s
                                                                  | loss: 0.9450 Ac:  66.00 P:  68.1 R:  66.0 F1:  66.5 | time: 5.2468s
Epoch: 0192 | loss: 0.0862 Ac:  98.75 P:  98.8 R:  98.8 F1:  98.8 | loss: 0.9937 Ac:  65.40 P:  66.9 R:  65.4 F1:  65.8 | time: 11.6541s
                                                                  | loss: 0.9459 Ac:  66.00 P:  68.0 R:  66.0 F1:  66.5 | time: 4.2789s
Epoch: 0193 | loss: 0.0699 Ac:  96.88 P:  97.0 R:  96.9 F1:  96.9 | loss: 0.9939 Ac:  65.70 P:  67.0 R:  65.7 F1:  66.0 | time: 12.1707s
                                                                  | loss: 0.9460 Ac:  66.20 P:  68.1 R:  66.2 F1:  66.7 | time: 4.2160s
Epoch: 0194 | loss: 0.0870 Ac:  98.12 P:  98.3 R:  98.1 F1:  98.1 | loss: 0.9950 Ac:  65.60 P:  66.8 R:  65.6 F1:  65.9 | time: 11.8318s
                                                                  | loss: 0.9472 Ac:  66.35 P:  68.2 R:  66.3 F1:  66.9 | time: 10.8787s
Epoch: 0195 | loss: 0.0511 Ac: 100.00 P: 100.0 R: 100.0 F1: 100.0 | loss: 0.9968 Ac:  65.90 P:  67.1 R:  65.9 F1:  66.2 | time: 13.6372s
                                                                  | loss: 0.9492 Ac:  66.40 P:  68.3 R:  66.4 F1:  66.9 | time: 4.5367s
Epoch: 0196 | loss: 0.0916 Ac:  98.12 P:  98.1 R:  98.1 F1:  98.1 | loss: 0.9991 Ac:  65.70 P:  66.9 R:  65.7 F1:  66.0 | time: 11.4247s
                                                                  | loss: 0.9517 Ac:  66.40 P:  68.3 R:  66.4 F1:  66.9 | time: 4.8819s
Epoch: 0197 | loss: 0.1180 Ac:  95.00 P:  95.2 R:  95.0 F1:  95.0 | loss: 1.0015 Ac:  65.70 P:  67.1 R:  65.7 F1:  66.1 | time: 11.6462s
                                                                  | loss: 0.9544 Ac:  66.40 P:  68.3 R:  66.4 F1:  66.9 | time: 4.3407s
Epoch: 0198 | loss: 0.0688 Ac:  98.12 P:  98.2 R:  98.1 F1:  98.1 | loss: 1.0036 Ac:  65.70 P:  67.1 R:  65.7 F1:  66.1 | time: 11.4873s
                                                                  | loss: 0.9571 Ac:  66.45 P:  68.4 R:  66.5 F1:  66.9 | time: 5.1617s
Epoch: 0199 | loss: 0.0668 Ac:  98.75 P:  98.8 R:  98.8 F1:  98.7 | loss: 1.0054 Ac:  66.00 P:  67.2 R:  66.0 F1:  66.3 | time: 11.5686s
                                                                  | loss: 0.9596 Ac:  66.50 P:  68.3 R:  66.5 F1:  67.0 | time: 4.5027s
Epoch: 0200 | loss: 0.0715 Ac:  97.50 P:  97.6 R:  97.5 F1:  97.5 | loss: 1.0067 Ac:  66.00 P:  67.0 R:  66.0 F1:  66.2 | time: 13.4236s
                                                                  | loss: 0.9612 Ac:  66.65 P:  68.3 R:  66.6 F1:  67.1 | time: 4.7870s
Epoch: 0201 | loss: 0.0468 Ac:  99.38 P:  99.4 R:  99.4 F1:  99.4 | loss: 1.0087 Ac:  66.00 P:  66.8 R:  66.0 F1:  66.1 | time: 11.4837s
                                                                  | loss: 0.9628 Ac:  67.00 P:  68.5 R:  67.0 F1:  67.3 | time: 4.5618s
Epoch: 0202 | loss: 0.0602 Ac:  98.12 P:  98.1 R:  98.1 F1:  98.1 | loss: 1.0112 Ac:  66.20 P:  66.9 R:  66.2 F1:  66.3 | time: 10.4306s
                                                                  | loss: 0.9650 Ac:  66.80 P:  68.3 R:  66.8 F1:  67.1 | time: 4.2243s
Epoch: 0203 | loss: 0.1271 Ac:  97.50 P:  97.7 R:  97.5 F1:  97.5 | loss: 1.0149 Ac:  66.10 P:  66.8 R:  66.1 F1:  66.1 | time: 11.9095s
                                                                  | loss: 0.9685 Ac:  66.90 P:  68.4 R:  66.9 F1:  67.2 | time: 5.0875s
Epoch: 0204 | loss: 0.0768 Ac:  98.12 P:  98.1 R:  98.1 F1:  98.1 | loss: 1.0185 Ac:  66.20 P:  67.1 R:  66.2 F1:  66.3 | time: 12.3572s
                                                                  | loss: 0.9724 Ac:  66.80 P:  68.4 R:  66.8 F1:  67.1 | time: 5.5779s
Epoch: 0205 | loss: 0.0870 Ac:  96.88 P:  97.0 R:  96.9 F1:  96.9 | loss: 1.0197 Ac:  66.50 P:  67.3 R:  66.5 F1:  66.5 | time: 11.2706s
                                                                  | loss: 0.9739 Ac:  66.95 P:  68.5 R:  67.0 F1:  67.2 | time: 4.2001s
Epoch: 0206 | loss: 0.1085 Ac:  98.12 P:  98.2 R:  98.1 F1:  98.1 | loss: 1.0197 Ac:  66.40 P:  67.1 R:  66.4 F1:  66.4 | time: 10.5588s
                                                                  | loss: 0.9743 Ac:  67.15 P:  68.6 R:  67.2 F1:  67.4 | time: 4.0979s
Epoch: 0207 | loss: 0.0693 Ac:  96.88 P:  97.2 R:  96.9 F1:  96.9 | loss: 1.0197 Ac:  66.20 P:  66.7 R:  66.2 F1:  66.1 | time: 10.3845s
                                                                  | loss: 0.9744 Ac:  67.35 P:  68.6 R:  67.3 F1:  67.5 | time: 3.8276s
Epoch: 0208 | loss: 0.0639 Ac:  97.50 P:  97.5 R:  97.5 F1:  97.5 | loss: 1.0205 Ac:  66.40 P:  66.8 R:  66.4 F1:  66.3 | time: 12.3735s
                                                                  | loss: 0.9753 Ac:  67.40 P:  68.6 R:  67.4 F1:  67.5 | time: 4.7543s
Epoch: 0209 | loss: 0.0537 Ac:  98.75 P:  98.8 R:  98.8 F1:  98.7 | loss: 1.0210 Ac:  66.70 P:  67.1 R:  66.7 F1:  66.5 | time: 11.6831s
                                                                  | loss: 0.9760 Ac:  67.55 P:  68.7 R:  67.5 F1:  67.7 | time: 4.2199s
Epoch: 0210 | loss: 0.0876 Ac:  97.50 P:  97.6 R:  97.5 F1:  97.5 | loss: 1.0197 Ac:  66.50 P:  66.6 R:  66.5 F1:  66.2 | time: 11.7478s
                                                                  | loss: 0.9743 Ac:  67.90 P:  68.9 R:  67.9 F1:  68.0 | time: 4.7322s
Epoch: 0211 | loss: 0.0949 Ac:  97.50 P:  97.6 R:  97.5 F1:  97.5 | loss: 1.0208 Ac:  66.60 P:  66.7 R:  66.6 F1:  66.3 | time: 11.4399s
                                                                  | loss: 0.9746 Ac:  67.85 P:  68.8 R:  67.8 F1:  68.0 | time: 4.1457s
Epoch: 0212 | loss: 0.0636 Ac: 100.00 P: 100.0 R: 100.0 F1: 100.0 | loss: 1.0223 Ac:  66.50 P:  66.7 R:  66.5 F1:  66.3 | time: 11.0585s
                                                                  | loss: 0.9751 Ac:  67.90 P:  68.9 R:  67.9 F1:  68.0 | time: 4.5732s
Epoch: 0213 | loss: 0.1180 Ac:  95.62 P:  95.7 R:  95.6 F1:  95.6 | loss: 1.0236 Ac:  66.50 P:  66.7 R:  66.5 F1:  66.3 | time: 11.6125s
                                                                  | loss: 0.9759 Ac:  67.80 P:  68.8 R:  67.8 F1:  68.0 | time: 5.1876s
Epoch: 0214 | loss: 0.0905 Ac:  97.50 P:  97.6 R:  97.5 F1:  97.5 | loss: 1.0247 Ac:  66.60 P:  66.9 R:  66.6 F1:  66.4 | time: 11.2903s
                                                                  | loss: 0.9769 Ac:  67.60 P:  68.8 R:  67.6 F1:  67.8 | time: 4.2001s
Epoch: 0215 | loss: 0.0930 Ac:  96.25 P:  96.4 R:  96.2 F1:  96.2 | loss: 1.0262 Ac:  66.30 P:  67.2 R:  66.3 F1:  66.4 | time: 12.3903s
                                                                  | loss: 0.9784 Ac:  67.20 P:  68.6 R:  67.2 F1:  67.5 | time: 4.3621s
Epoch: 0216 | loss: 0.0826 Ac:  96.88 P:  97.0 R:  96.9 F1:  96.8 | loss: 1.0266 Ac:  66.20 P:  67.2 R:  66.2 F1:  66.4 | time: 10.7600s
                                                                  | loss: 0.9784 Ac:  66.90 P:  68.5 R:  66.9 F1:  67.3 | time: 4.5994s
Epoch: 0217 | loss: 0.0519 Ac:  99.38 P:  99.4 R:  99.4 F1:  99.4 | loss: 1.0280 Ac:  65.50 P:  66.9 R:  65.5 F1:  65.8 | time: 11.1695s
                                                                  | loss: 0.9799 Ac:  66.75 P:  68.5 R:  66.8 F1:  67.2 | time: 4.3029s
Epoch: 0218 | loss: 0.0693 Ac:  98.75 P:  98.8 R:  98.8 F1:  98.8 | loss: 1.0298 Ac:  65.50 P:  67.2 R:  65.5 F1:  65.9 | time: 11.0379s
                                                                  | loss: 0.9817 Ac:  66.45 P:  68.5 R:  66.5 F1:  66.9 | time: 3.9556s
Epoch: 0219 | loss: 0.0506 Ac:  99.38 P:  99.4 R:  99.4 F1:  99.4 | loss: 1.0323 Ac:  65.50 P:  67.2 R:  65.5 F1:  65.9 | time: 12.1298s
                                                                  | loss: 0.9848 Ac:  66.25 P:  68.4 R:  66.3 F1:  66.8 | time: 5.1636s
Epoch: 0220 | loss: 0.0719 Ac:  97.50 P:  97.6 R:  97.5 F1:  97.5 | loss: 1.0334 Ac:  65.50 P:  67.4 R:  65.5 F1:  66.0 | time: 11.7317s
                                                                  | loss: 0.9860 Ac:  66.20 P:  68.4 R:  66.2 F1:  66.7 | time: 5.0259s
Epoch: 0221 | loss: 0.0446 Ac: 100.00 P: 100.0 R: 100.0 F1: 100.0 | loss: 1.0340 Ac:  65.80 P:  67.6 R:  65.8 F1:  66.2 | time: 10.7217s
                                                                  | loss: 0.9867 Ac:  66.15 P:  68.3 R:  66.1 F1:  66.7 | time: 4.1367s
Epoch: 0222 | loss: 0.0665 Ac:  98.75 P:  98.8 R:  98.8 F1:  98.7 | loss: 1.0344 Ac:  65.70 P:  67.4 R:  65.7 F1:  66.1 | time: 11.1272s
                                                                  | loss: 0.9884 Ac:  66.15 P:  68.3 R:  66.1 F1:  66.7 | time: 4.0155s
Epoch: 0223 | loss: 0.0953 Ac:  97.50 P:  97.6 R:  97.5 F1:  97.5 | loss: 1.0324 Ac:  65.80 P:  67.2 R:  65.8 F1:  66.1 | time: 11.6564s
                                                                  | loss: 0.9868 Ac:  66.45 P:  68.4 R:  66.5 F1:  66.9 | time: 4.5922s
Epoch: 0224 | loss: 0.0655 Ac:  99.38 P:  99.4 R:  99.4 F1:  99.4 | loss: 1.0318 Ac:  66.20 P:  67.4 R:  66.2 F1:  66.4 | time: 12.0458s
                                                                  | loss: 0.9864 Ac:  66.70 P:  68.4 R:  66.7 F1:  67.1 | time: 6.5993s
Epoch: 0225 | loss: 0.0668 Ac:  99.38 P:  99.4 R:  99.4 F1:  99.4 | loss: 1.0311 Ac:  66.10 P:  67.0 R:  66.1 F1:  66.2 | time: 12.1356s
                                                                  | loss: 0.9858 Ac:  66.90 P:  68.4 R:  66.9 F1:  67.3 | time: 4.4460s
Epoch: 0226 | loss: 0.0764 Ac:  97.50 P:  97.5 R:  97.5 F1:  97.5 | loss: 1.0307 Ac:  66.10 P:  67.0 R:  66.1 F1:  66.2 | time: 11.9386s
                                                                  | loss: 0.9857 Ac:  67.00 P:  68.5 R:  67.0 F1:  67.4 | time: 4.3148s
Epoch: 0227 | loss: 0.0684 Ac:  98.75 P:  98.8 R:  98.8 F1:  98.7 | loss: 1.0310 Ac:  66.10 P:  66.9 R:  66.1 F1:  66.2 | time: 12.1306s
                                                                  | loss: 0.9860 Ac:  67.00 P:  68.4 R:  67.0 F1:  67.4 | time: 4.4776s
Epoch: 0228 | loss: 0.0648 Ac:  98.75 P:  98.8 R:  98.8 F1:  98.7 | loss: 1.0311 Ac:  66.30 P:  67.0 R:  66.3 F1:  66.4 | time: 12.0822s
                                                                  | loss: 0.9857 Ac:  67.05 P:  68.2 R:  67.0 F1:  67.4 | time: 4.8936s
Epoch: 0229 | loss: 0.0932 Ac:  98.12 P:  98.2 R:  98.1 F1:  98.1 | loss: 1.0310 Ac:  66.20 P:  66.9 R:  66.2 F1:  66.3 | time: 10.7407s
                                                                  | loss: 0.9852 Ac:  67.15 P:  68.3 R:  67.2 F1:  67.5 | time: 4.4632s
Epoch: 0230 | loss: 0.0792 Ac:  96.88 P:  97.0 R:  96.9 F1:  96.9 | loss: 1.0316 Ac:  66.40 P:  66.9 R:  66.4 F1:  66.5 | time: 12.9396s
                                                                  | loss: 0.9850 Ac:  67.25 P:  68.3 R:  67.2 F1:  67.5 | time: 5.2602s
Epoch: 0231 | loss: 0.0750 Ac:  98.75 P:  98.8 R:  98.8 F1:  98.7 | loss: 1.0312 Ac:  66.60 P:  67.1 R:  66.6 F1:  66.7 | time: 11.7042s
                                                                  | loss: 0.9842 Ac:  67.25 P:  68.3 R:  67.2 F1:  67.6 | time: 5.1418s
Epoch: 0232 | loss: 0.0840 Ac:  98.12 P:  98.1 R:  98.1 F1:  98.1 | loss: 1.0309 Ac:  66.50 P:  67.1 R:  66.5 F1:  66.6 | time: 10.5436s
                                                                  | loss: 0.9837 Ac:  67.20 P:  68.4 R:  67.2 F1:  67.6 | time: 4.3083s
Epoch: 0233 | loss: 0.0535 Ac: 100.00 P: 100.0 R: 100.0 F1: 100.0 | loss: 1.0315 Ac:  66.30 P:  66.8 R:  66.3 F1:  66.4 | time: 12.2058s
                                                                  | loss: 0.9840 Ac:  67.05 P:  68.3 R:  67.0 F1:  67.4 | time: 4.7720s
Epoch: 0234 | loss: 0.0973 Ac:  96.25 P:  96.3 R:  96.2 F1:  96.2 | loss: 1.0331 Ac:  66.30 P:  67.1 R:  66.3 F1:  66.5 | time: 12.4656s
                                                                  | loss: 0.9856 Ac:  66.80 P:  68.3 R:  66.8 F1:  67.3 | time: 4.6060s
Epoch: 0235 | loss: 0.0489 Ac:  99.38 P:  99.4 R:  99.4 F1:  99.4 | loss: 1.0357 Ac:  66.40 P:  67.3 R:  66.4 F1:  66.7 | time: 11.5533s
                                                                  | loss: 0.9884 Ac:  66.65 P:  68.2 R:  66.6 F1:  67.2 | time: 4.4642s
Epoch: 0236 | loss: 0.0686 Ac:  98.12 P:  98.2 R:  98.1 F1:  98.1 | loss: 1.0389 Ac:  66.00 P:  67.1 R:  66.0 F1:  66.3 | time: 10.5308s
                                                                  | loss: 0.9919 Ac:  66.50 P:  68.2 R:  66.5 F1:  67.1 | time: 4.1756s
Epoch: 0237 | loss: 0.0822 Ac:  97.50 P:  97.5 R:  97.5 F1:  97.5 | loss: 1.0409 Ac:  66.20 P:  67.3 R:  66.2 F1:  66.5 | time: 11.2716s
                                                                  | loss: 0.9940 Ac:  66.35 P:  68.2 R:  66.3 F1:  66.9 | time: 4.5589s
Epoch: 0238 | loss: 0.0961 Ac:  98.12 P:  98.2 R:  98.1 F1:  98.1 | loss: 1.0439 Ac:  65.50 P:  66.8 R:  65.5 F1:  65.9 | time: 11.4955s
                                                                  | loss: 0.9973 Ac:  66.35 P:  68.3 R:  66.3 F1:  67.0 | time: 4.5955s
Epoch: 0239 | loss: 0.1062 Ac:  97.50 P:  97.5 R:  97.5 F1:  97.5 | loss: 1.0459 Ac:  65.30 P:  66.6 R:  65.3 F1:  65.7 | time: 11.4359s
                                                                  | loss: 0.9994 Ac:  66.40 P:  68.4 R:  66.4 F1:  67.0 | time: 4.3159s
Epoch: 0240 | loss: 0.0807 Ac:  98.75 P:  98.8 R:  98.8 F1:  98.7 | loss: 1.0489 Ac:  65.00 P:  66.4 R:  65.0 F1:  65.4 | time: 11.5892s
                                                                  | loss: 1.0026 Ac:  66.25 P:  68.2 R:  66.2 F1:  66.9 | time: 4.1392s
Epoch: 0241 | loss: 0.0801 Ac:  98.12 P:  98.2 R:  98.1 F1:  98.1 | loss: 1.0517 Ac:  65.00 P:  66.3 R:  65.0 F1:  65.4 | time: 12.0159s
                                                                  | loss: 1.0055 Ac:  66.10 P:  68.1 R:  66.1 F1:  66.7 | time: 4.4539s
Epoch: 0242 | loss: 0.0740 Ac:  98.12 P:  98.2 R:  98.1 F1:  98.1 | loss: 1.0536 Ac:  64.90 P:  66.3 R:  64.9 F1:  65.3 | time: 11.9401s
                                                                  | loss: 1.0069 Ac:  66.00 P:  68.0 R:  66.0 F1:  66.6 | time: 4.5963s
Epoch: 0243 | loss: 0.0556 Ac:  99.38 P:  99.4 R:  99.4 F1:  99.4 | loss: 1.0576 Ac:  64.90 P:  66.3 R:  64.9 F1:  65.3 | time: 11.8151s
                                                                  | loss: 1.0112 Ac:  65.70 P:  67.8 R:  65.7 F1:  66.3 | time: 4.2246s
Epoch: 0244 | loss: 0.0574 Ac:  98.75 P:  98.8 R:  98.8 F1:  98.8 | loss: 1.0619 Ac:  64.90 P:  66.3 R:  64.9 F1:  65.3 | time: 11.1137s
                                                                  | loss: 1.0163 Ac:  65.60 P:  67.9 R:  65.6 F1:  66.2 | time: 4.2121s
Epoch: 0245 | loss: 0.0841 Ac:  97.50 P:  97.6 R:  97.5 F1:  97.5 | loss: 1.0665 Ac:  65.00 P:  66.6 R:  65.0 F1:  65.4 | time: 11.0590s
                                                                  | loss: 1.0218 Ac:  65.65 P:  68.1 R:  65.6 F1:  66.3 | time: 4.7603s
Epoch: 0246 | loss: 0.0494 Ac:  98.75 P:  98.8 R:  98.8 F1:  98.7 | loss: 1.0728 Ac:  64.20 P:  66.2 R:  64.2 F1:  64.7 | time: 11.4138s
                                                                  | loss: 1.0293 Ac:  65.55 P:  68.1 R:  65.5 F1:  66.2 | time: 5.1196s
Epoch: 0247 | loss: 0.0573 Ac:  98.75 P:  98.8 R:  98.8 F1:  98.8 | loss: 1.0789 Ac:  64.10 P:  66.4 R:  64.1 F1:  64.6 | time: 10.7328s
                                                                  | loss: 1.0364 Ac:  65.65 P:  68.5 R:  65.6 F1:  66.3 | time: 4.3748s
Epoch: 0248 | loss: 0.0588 Ac:  98.75 P:  98.8 R:  98.8 F1:  98.7 | loss: 1.0855 Ac:  63.80 P:  66.5 R:  63.8 F1:  64.4 | time: 11.2430s
                                                                  | loss: 1.0439 Ac:  65.35 P:  68.4 R:  65.3 F1:  65.9 | time: 4.5699s
Epoch: 0249 | loss: 0.0597 Ac:  98.12 P:  98.2 R:  98.1 F1:  98.1 | loss: 1.0912 Ac:  64.10 P:  67.1 R:  64.1 F1:  64.7 | time: 12.8725s
                                                                  | loss: 1.0502 Ac:  65.20 P:  68.4 R:  65.2 F1:  65.8 | time: 4.4314s
Epoch: 0250 | loss: 0.0719 Ac:  98.75 P:  98.8 R:  98.8 F1:  98.7 | loss: 1.0958 Ac:  64.20 P:  67.3 R:  64.2 F1:  64.8 | time: 11.7179s
                                                                  | loss: 1.0552 Ac:  65.05 P:  68.3 R:  65.0 F1:  65.6 | time: 4.9070s
Epoch: 0251 | loss: 0.0570 Ac:  97.50 P:  97.6 R:  97.5 F1:  97.5 | loss: 1.0981 Ac:  64.30 P:  67.5 R:  64.3 F1:  64.8 | time: 11.3223s
                                                                  | loss: 1.0576 Ac:  65.20 P:  68.6 R:  65.2 F1:  65.7 | time: 4.3593s
Epoch: 0252 | loss: 0.0750 Ac:  96.88 P:  97.0 R:  96.9 F1:  96.9 | loss: 1.0977 Ac:  64.50 P:  67.5 R:  64.5 F1:  65.0 | time: 11.0228s
                                                                  | loss: 1.0570 Ac:  65.35 P:  68.5 R:  65.3 F1:  65.9 | time: 4.6040s
Epoch: 0253 | loss: 0.0744 Ac:  97.50 P:  97.5 R:  97.5 F1:  97.5 | loss: 1.0974 Ac:  64.40 P:  67.2 R:  64.4 F1:  64.9 | time: 11.4699s
                                                                  | loss: 1.0562 Ac:  65.35 P:  68.5 R:  65.3 F1:  65.9 | time: 4.8297s
Epoch: 0254 | loss: 0.0692 Ac:  97.50 P:  97.5 R:  97.5 F1:  97.5 | loss: 1.0962 Ac:  64.90 P:  67.4 R:  64.9 F1:  65.3 | time: 12.4749s
                                                                  | loss: 1.0547 Ac:  65.45 P:  68.5 R:  65.5 F1:  65.9 | time: 5.0798s
Epoch: 0255 | loss: 0.0528 Ac:  98.12 P:  98.1 R:  98.1 F1:  98.1 | loss: 1.0953 Ac:  65.20 P:  67.5 R:  65.2 F1:  65.5 | time: 10.9191s
                                                                  | loss: 1.0537 Ac:  65.40 P:  68.4 R:  65.4 F1:  65.9 | time: 4.0029s
Epoch: 0256 | loss: 0.0668 Ac:  98.75 P:  98.8 R:  98.8 F1:  98.7 | loss: 1.0926 Ac:  65.70 P:  67.8 R:  65.7 F1:  65.9 | time: 11.4482s
                                                                  | loss: 1.0507 Ac:  65.75 P:  68.5 R:  65.8 F1:  66.2 | time: 4.3148s
Epoch: 0257 | loss: 0.0526 Ac:  97.50 P:  97.5 R:  97.5 F1:  97.5 | loss: 1.0908 Ac:  65.60 P:  67.6 R:  65.6 F1:  65.9 | time: 10.9799s
                                                                  | loss: 1.0488 Ac:  65.80 P:  68.6 R:  65.8 F1:  66.2 | time: 4.1254s
Epoch: 0258 | loss: 0.0739 Ac:  98.75 P:  98.8 R:  98.8 F1:  98.7 | loss: 1.0889 Ac:  65.70 P:  67.5 R:  65.7 F1:  65.9 | time: 11.3338s
                                                                  | loss: 1.0468 Ac:  65.95 P:  68.6 R:  66.0 F1:  66.4 | time: 3.9910s
Epoch: 0259 | loss: 0.0770 Ac:  97.50 P:  97.5 R:  97.5 F1:  97.5 | loss: 1.0869 Ac:  65.90 P:  67.7 R:  65.9 F1:  66.1 | time: 11.3495s
                                                                  | loss: 1.0443 Ac:  65.95 P:  68.4 R:  66.0 F1:  66.4 | time: 4.5896s
Epoch: 0260 | loss: 0.0416 Ac: 100.00 P: 100.0 R: 100.0 F1: 100.0 | loss: 1.0864 Ac:  65.70 P:  67.5 R:  65.7 F1:  65.9 | time: 10.5199s
                                                                  | loss: 1.0433 Ac:  66.10 P:  68.4 R:  66.1 F1:  66.5 | time: 3.8911s
Epoch: 0261 | loss: 0.0374 Ac:  99.38 P:  99.4 R:  99.4 F1:  99.4 | loss: 1.0858 Ac:  65.20 P:  67.0 R:  65.2 F1:  65.5 | time: 10.1897s
                                                                  | loss: 1.0419 Ac:  66.20 P:  68.5 R:  66.2 F1:  66.6 | time: 4.1439s
Epoch: 0262 | loss: 0.0652 Ac:  98.12 P:  98.2 R:  98.1 F1:  98.1 | loss: 1.0858 Ac:  65.40 P:  67.2 R:  65.4 F1:  65.7 | time: 10.5546s
                                                                  | loss: 1.0415 Ac:  66.10 P:  68.4 R:  66.1 F1:  66.5 | time: 4.0683s
Epoch: 0263 | loss: 0.0451 Ac:  99.38 P:  99.4 R:  99.4 F1:  99.4 | loss: 1.0856 Ac:  65.60 P:  67.3 R:  65.6 F1:  65.9 | time: 10.9598s
                                                                  | loss: 1.0408 Ac:  66.05 P:  68.4 R:  66.0 F1:  66.5 | time: 4.2174s
Epoch: 0264 | loss: 0.0427 Ac:  99.38 P:  99.4 R:  99.4 F1:  99.4 | loss: 1.0858 Ac:  65.60 P:  67.4 R:  65.6 F1:  65.9 | time: 10.3524s
                                                                  | loss: 1.0404 Ac:  66.00 P:  68.3 R:  66.0 F1:  66.4 | time: 4.0389s
Epoch: 0265 | loss: 0.0571 Ac:  98.12 P:  98.2 R:  98.1 F1:  98.1 | loss: 1.0851 Ac:  65.60 P:  67.2 R:  65.6 F1:  65.8 | time: 10.9952s
                                                                  | loss: 1.0387 Ac:  66.00 P:  68.2 R:  66.0 F1:  66.4 | time: 4.0457s
Epoch: 0266 | loss: 0.0437 Ac:  99.38 P:  99.4 R:  99.4 F1:  99.4 | loss: 1.0850 Ac:  65.70 P:  67.3 R:  65.7 F1:  65.9 | time: 10.7054s
                                                                  | loss: 1.0381 Ac:  66.10 P:  68.3 R:  66.1 F1:  66.6 | time: 4.0900s
Epoch: 0267 | loss: 0.0885 Ac:  96.88 P:  97.0 R:  96.9 F1:  96.9 | loss: 1.0849 Ac:  65.60 P:  67.3 R:  65.6 F1:  65.9 | time: 10.5391s
                                                                  | loss: 1.0378 Ac:  66.15 P:  68.4 R:  66.1 F1:  66.6 | time: 4.0220s
Epoch: 0268 | loss: 0.0428 Ac:  99.38 P:  99.4 R:  99.4 F1:  99.4 | loss: 1.0848 Ac:  65.70 P:  67.5 R:  65.7 F1:  66.1 | time: 11.2474s
                                                                  | loss: 1.0380 Ac:  65.95 P:  68.2 R:  66.0 F1:  66.5 | time: 4.2854s
Epoch: 0269 | loss: 0.0836 Ac:  96.25 P:  96.3 R:  96.2 F1:  96.3 | loss: 1.0851 Ac:  65.40 P:  67.3 R:  65.4 F1:  65.8 | time: 10.4455s
                                                                  | loss: 1.0382 Ac:  65.60 P:  68.0 R:  65.6 F1:  66.2 | time: 4.1356s
Epoch: 0270 | loss: 0.0742 Ac:  98.12 P:  98.2 R:  98.1 F1:  98.1 | loss: 1.0855 Ac:  65.30 P:  67.3 R:  65.3 F1:  65.7 | time: 10.6086s
                                                                  | loss: 1.0384 Ac:  65.50 P:  68.0 R:  65.5 F1:  66.1 | time: 4.0901s
Epoch: 0271 | loss: 0.0735 Ac:  98.12 P:  98.2 R:  98.1 F1:  98.1 | loss: 1.0854 Ac:  65.20 P:  67.2 R:  65.2 F1:  65.7 | time: 10.4887s
                                                                  | loss: 1.0380 Ac:  65.60 P:  68.1 R:  65.6 F1:  66.2 | time: 4.3719s
Epoch: 0272 | loss: 0.0345 Ac:  99.38 P:  99.4 R:  99.4 F1:  99.4 | loss: 1.0847 Ac:  65.10 P:  67.3 R:  65.1 F1:  65.7 | time: 11.2051s
                                                                  | loss: 1.0373 Ac:  65.45 P:  68.0 R:  65.5 F1:  66.1 | time: 4.2387s
Epoch: 0273 | loss: 0.0524 Ac:  98.75 P:  98.8 R:  98.8 F1:  98.8 | loss: 1.0857 Ac:  64.90 P:  67.2 R:  64.9 F1:  65.6 | time: 10.8142s
                                                                  | loss: 1.0382 Ac:  65.50 P:  68.3 R:  65.5 F1:  66.2 | time: 4.1544s
Epoch: 0274 | loss: 0.0823 Ac:  96.88 P:  96.9 R:  96.9 F1:  96.9 | loss: 1.0886 Ac:  64.90 P:  67.5 R:  64.9 F1:  65.6 | time: 10.6266s
                                                                  | loss: 1.0416 Ac:  65.30 P:  68.3 R:  65.3 F1:  66.1 | time: 4.1458s
Epoch: 0275 | loss: 0.0711 Ac:  98.75 P:  98.8 R:  98.8 F1:  98.8 | loss: 1.0935 Ac:  64.60 P:  67.8 R:  64.6 F1:  65.5 | time: 10.6627s
                                                                  | loss: 1.0470 Ac:  65.00 P:  68.2 R:  65.0 F1:  65.9 | time: 4.0936s
Epoch: 0276 | loss: 0.0447 Ac:  98.75 P:  98.8 R:  98.8 F1:  98.7 | loss: 1.0992 Ac:  64.00 P:  68.0 R:  64.0 F1:  65.1 | time: 10.8681s
                                                                  | loss: 1.0533 Ac:  64.75 P:  68.4 R:  64.8 F1:  65.7 | time: 4.5051s
Epoch: 0277 | loss: 0.1045 Ac:  96.25 P:  96.3 R:  96.2 F1:  96.2 | loss: 1.1036 Ac:  63.70 P:  68.2 R:  63.7 F1:  64.9 | time: 10.9043s
                                                                  | loss: 1.0580 Ac:  64.65 P:  68.5 R:  64.6 F1:  65.6 | time: 4.2021s
Epoch: 0278 | loss: 0.0562 Ac:  98.12 P:  98.2 R:  98.1 F1:  98.1 | loss: 1.1083 Ac:  63.50 P:  68.1 R:  63.5 F1:  64.7 | time: 10.7537s
                                                                  | loss: 1.0628 Ac:  64.10 P:  68.3 R:  64.1 F1:  65.1 | time: 4.0451s
Epoch: 0279 | loss: 0.0614 Ac:  98.12 P:  98.3 R:  98.1 F1:  98.1 | loss: 1.1077 Ac:  63.40 P:  67.9 R:  63.4 F1:  64.6 | time: 10.6365s
                                                                  | loss: 1.0617 Ac:  64.20 P:  68.4 R:  64.2 F1:  65.2 | time: 4.0032s
Epoch: 0280 | loss: 0.0689 Ac:  97.50 P:  97.5 R:  97.5 F1:  97.5 | loss: 1.1067 Ac:  63.40 P:  68.0 R:  63.4 F1:  64.6 | time: 10.4984s
                                                                  | loss: 1.0598 Ac:  64.25 P:  68.3 R:  64.2 F1:  65.3 | time: 4.3442s
Epoch: 0281 | loss: 0.0818 Ac:  96.88 P:  96.9 R:  96.9 F1:  96.9 | loss: 1.1056 Ac:  63.40 P:  67.8 R:  63.4 F1:  64.6 | time: 10.9008s
                                                                  | loss: 1.0582 Ac:  64.30 P:  68.4 R:  64.3 F1:  65.3 | time: 4.0921s
Epoch: 0282 | loss: 0.0846 Ac:  97.50 P:  97.7 R:  97.5 F1:  97.5 | loss: 1.1064 Ac:  63.70 P:  68.2 R:  63.7 F1:  64.9 | time: 10.4871s
                                                                  | loss: 1.0583 Ac:  64.30 P:  68.3 R:  64.3 F1:  65.3 | time: 3.9969s
Epoch: 0283 | loss: 0.0547 Ac:  98.75 P:  98.8 R:  98.8 F1:  98.8 | loss: 1.1117 Ac:  63.60 P:  68.4 R:  63.6 F1:  64.8 | time: 10.4123s
                                                                  | loss: 1.0638 Ac:  64.25 P:  68.5 R:  64.2 F1:  65.3 | time: 4.1266s
Epoch: 0284 | loss: 0.0455 Ac:  99.38 P:  99.4 R:  99.4 F1:  99.4 | loss: 1.1165 Ac:  63.30 P:  68.4 R:  63.3 F1:  64.5 | time: 10.3441s
                                                                  | loss: 1.0688 Ac:  64.20 P:  68.6 R:  64.2 F1:  65.2 | time: 4.0275s
Epoch: 0285 | loss: 0.0781 Ac:  96.88 P:  96.9 R:  96.9 F1:  96.9 | loss: 1.1216 Ac:  63.20 P:  68.4 R:  63.2 F1:  64.4 | time: 11.1246s
                                                                  | loss: 1.0742 Ac:  64.00 P:  68.8 R:  64.0 F1:  65.0 | time: 4.5547s
Epoch: 0286 | loss: 0.0655 Ac:  98.12 P:  98.2 R:  98.1 F1:  98.1 | loss: 1.1267 Ac:  63.10 P:  68.3 R:  63.1 F1:  64.3 | time: 10.5176s
                                                                  | loss: 1.0798 Ac:  63.80 P:  69.0 R:  63.8 F1:  64.8 | time: 4.1538s
Epoch: 0287 | loss: 0.0395 Ac:  99.38 P:  99.4 R:  99.4 F1:  99.4 | loss: 1.1300 Ac:  63.00 P:  68.2 R:  63.0 F1:  64.2 | time: 10.8852s
                                                                  | loss: 1.0836 Ac:  63.55 P:  68.9 R:  63.5 F1:  64.6 | time: 4.1975s
Epoch: 0288 | loss: 0.0588 Ac:  98.75 P:  98.8 R:  98.8 F1:  98.7 | loss: 1.1290 Ac:  63.00 P:  68.3 R:  63.0 F1:  64.2 | time: 10.5459s
                                                                  | loss: 1.0826 Ac:  63.85 P:  69.2 R:  63.9 F1:  64.8 | time: 4.0864s
Epoch: 0289 | loss: 0.0377 Ac:  99.38 P:  99.4 R:  99.4 F1:  99.4 | loss: 1.1278 Ac:  63.00 P:  68.3 R:  63.0 F1:  64.1 | time: 11.3160s
                                                                  | loss: 1.0815 Ac:  63.90 P:  68.9 R:  63.9 F1:  64.8 | time: 4.1811s
Epoch: 0290 | loss: 0.0454 Ac:  98.75 P:  98.8 R:  98.8 F1:  98.7 | loss: 1.1279 Ac:  63.10 P:  68.4 R:  63.1 F1:  64.2 | time: 11.1593s
                                                                  | loss: 1.0817 Ac:  63.70 P:  68.6 R:  63.7 F1:  64.5 | time: 3.9320s
Epoch: 0291 | loss: 0.0683 Ac:  98.75 P:  98.8 R:  98.8 F1:  98.7 | loss: 1.1306 Ac:  62.80 P:  68.3 R:  62.8 F1:  63.9 | time: 10.3205s
                                                                  | loss: 1.0847 Ac:  63.75 P:  68.7 R:  63.7 F1:  64.6 | time: 3.9403s
Epoch: 0292 | loss: 0.0710 Ac:  99.38 P:  99.4 R:  99.4 F1:  99.4 | loss: 1.1365 Ac:  62.40 P:  68.1 R:  62.4 F1:  63.4 | time: 11.1945s
                                                                  | loss: 1.0907 Ac:  63.30 P:  68.5 R:  63.3 F1:  64.1 | time: 4.3762s
Epoch: 0293 | loss: 0.0426 Ac:  98.75 P:  98.8 R:  98.8 F1:  98.8 | loss: 1.1404 Ac:  62.30 P:  68.2 R:  62.3 F1:  63.3 | time: 10.3667s
                                                                  | loss: 1.0947 Ac:  63.25 P:  68.6 R:  63.2 F1:  64.1 | time: 3.9613s
Epoch: 0294 | loss: 0.0753 Ac:  97.50 P:  97.5 R:  97.5 F1:  97.5 | loss: 1.1457 Ac:  61.90 P:  67.9 R:  61.9 F1:  62.9 | time: 11.0099s
                                                                  | loss: 1.1000 Ac:  62.95 P:  68.4 R:  63.0 F1:  63.8 | time: 4.5124s
Epoch: 0295 | loss: 0.0421 Ac:  98.75 P:  98.8 R:  98.8 F1:  98.7 | loss: 1.1494 Ac:  62.00 P:  68.1 R:  62.0 F1:  63.0 | time: 10.3989s
                                                                  | loss: 1.1039 Ac:  63.35 P:  68.9 R:  63.4 F1:  64.2 | time: 4.0719s
Epoch: 0296 | loss: 0.0348 Ac:  99.38 P:  99.4 R:  99.4 F1:  99.4 | loss: 1.1552 Ac:  61.70 P:  68.0 R:  61.7 F1:  62.6 | time: 10.8813s
                                                                  | loss: 1.1105 Ac:  63.10 P:  68.7 R:  63.1 F1:  63.9 | time: 4.0974s
Epoch: 0297 | loss: 0.0405 Ac:  99.38 P:  99.4 R:  99.4 F1:  99.4 | loss: 1.1630 Ac:  61.80 P:  68.3 R:  61.8 F1:  62.7 | time: 10.5416s
                                                                  | loss: 1.1194 Ac:  63.05 P:  68.9 R:  63.1 F1:  63.8 | time: 4.0679s
Epoch: 0298 | loss: 0.0522 Ac:  98.12 P:  98.2 R:  98.1 F1:  98.1 | loss: 1.1649 Ac:  61.60 P:  68.0 R:  61.6 F1:  62.5 | time: 10.2811s
                                                                  | loss: 1.1220 Ac:  63.15 P:  69.1 R:  63.1 F1:  63.9 | time: 4.4559s
Epoch: 0299 | loss: 0.0748 Ac:  98.12 P:  98.2 R:  98.1 F1:  98.1 | loss: 1.1684 Ac:  61.70 P:  68.2 R:  61.7 F1:  62.6 | time: 11.0035s
                                                                  | loss: 1.1263 Ac:  62.90 P:  69.0 R:  62.9 F1:  63.7 | time: 4.2106s
Epoch: 0300 | loss: 0.0462 Ac:  99.38 P:  99.4 R:  99.4 F1:  99.4 | loss: 1.1673 Ac:  61.80 P:  68.2 R:  61.8 F1:  62.7 | time: 10.4105s
                                                                  | loss: 1.1260 Ac:  63.05 P:  69.0 R:  63.0 F1:  63.9 | time: 4.0699s
Optimization Finished!
Total time elapsed: 4864.0554s
The best result is: ACC: 71.9000 F1: 0.7091, where epoch is 63




0:	vali:  70.70000	test:  ACC: 71.9000 F1: 0.7091, epoch=63
