Loading example dataset...
Loading text content...
../data/example/
example
text
label matrix shape: torch.Size([40, 8])
done.
Loading topic content...
../data/example/
example
topic
done.
Loading entity content...
../data/example/
example
entity
done.
Building graph...
Num of edges: 923
train, vali, test:  16 16 8
Transfer to be transductive.


No. 1 test.

30
30
[torch.Size([512, 10]), torch.Size([10]), torch.Size([512]), torch.Size([25, 512]), torch.Size([25, 512]), torch.Size([16, 512]), torch.Size([512, 1]), torch.Size([512, 1]), torch.Size([512, 1]), torch.Size([512, 1]), torch.Size([512, 1]), torch.Size([512, 1]), torch.Size([100, 1]), torch.Size([50, 512]), torch.Size([50]), torch.Size([100, 1]), torch.Size([50, 512]), torch.Size([50]), torch.Size([100, 1]), torch.Size([50, 512]), torch.Size([50]), torch.Size([100, 1]), torch.Size([50, 10]), torch.Size([50]), torch.Size([100, 1]), torch.Size([50, 10]), torch.Size([50]), torch.Size([100, 1]), torch.Size([50, 10]), torch.Size([50])]
Epoch: 0001 | loss: 2.3504 Ac:   6.25 P:   1.6 R:   4.2 F1:   2.3 | loss: 2.2622 Ac:  12.50 P:   1.6 R:  12.5 F1:   2.8 | time: 0.1307s
                                                                  | loss: 2.3381 Ac:   0.00 P:   0.0 R:   0.0 F1:   0.0 | time: 0.0199s
Epoch: 0002 | loss: 2.1131 Ac:  25.00 P:  16.2 R:  15.0 F1:   9.9 | loss: 2.2646 Ac:  12.50 P:   1.6 R:  12.5 F1:   2.8 | time: 0.0489s
                                                                  | loss: 2.4009 Ac:   0.00 P:   0.0 R:   0.0 F1:   0.0 | time: 0.0170s
Epoch: 0003 | loss: 1.8524 Ac:  31.25 P:  15.3 R:  19.6 F1:  16.0 | loss: 2.3186 Ac:  12.50 P:   6.2 R:  12.5 F1:   8.3 | time: 0.0469s
                                                                  | loss: 2.5058 Ac:   0.00 P:   0.0 R:   0.0 F1:   0.0 | time: 0.0199s
Epoch: 0004 | loss: 1.4967 Ac:  50.00 P:  26.2 R:  28.7 F1:  25.4 | loss: 2.4028 Ac:  12.50 P:   8.3 R:  12.5 F1:  10.0 | time: 0.0568s
                                                                  | loss: 2.6396 Ac:  12.50 P:  12.5 R:   6.2 F1:   8.3 | time: 0.0209s
Epoch: 0005 | loss: 1.4015 Ac:  50.00 P:  23.8 R:  25.0 F1:  20.8 | loss: 2.4840 Ac:  25.00 P:  25.0 R:  20.8 F1:  22.5 | time: 0.0578s
                                                                  | loss: 2.7608 Ac:  12.50 P:   4.2 R:   6.2 F1:   5.0 | time: 0.0180s
Epoch: 0006 | loss: 1.0434 Ac:  68.75 P:  35.2 R:  41.7 F1:  37.3 | loss: 2.5242 Ac:  25.00 P:  25.0 R:  20.8 F1:  22.5 | time: 0.0434s
                                                                  | loss: 2.8249 Ac:  25.00 P:   6.2 R:  12.5 F1:   8.3 | time: 0.0176s
Epoch: 0007 | loss: 0.9279 Ac:  68.75 P:  36.0 R:  41.7 F1:  38.4 | loss: 2.5333 Ac:  31.25 P:  37.5 R:  27.1 F1:  30.8 | time: 0.0590s
                                                                  | loss: 2.8591 Ac:  37.50 P:  18.8 R:  25.0 F1:  20.8 | time: 0.0170s
Epoch: 0008 | loss: 0.8850 Ac:  68.75 P:  41.3 R:  41.7 F1:  38.4 | loss: 2.5432 Ac:  31.25 P:  37.5 R:  27.1 F1:  30.8 | time: 0.0648s
                                                                  | loss: 2.8902 Ac:  37.50 P:  18.8 R:  25.0 F1:  20.8 | time: 0.0249s
Epoch: 0009 | loss: 0.7200 Ac:  75.00 P:  45.8 R:  47.9 F1:  46.8 | loss: 2.5456 Ac:  43.75 P:  50.0 R:  35.4 F1:  40.8 | time: 0.0638s
                                                                  | loss: 2.9149 Ac:  37.50 P:  18.8 R:  25.0 F1:  20.8 | time: 0.0180s
Epoch: 0010 | loss: 0.7441 Ac:  68.75 P:  37.5 R:  39.6 F1:  36.3 | loss: 2.5224 Ac:  43.75 P:  50.0 R:  35.4 F1:  40.8 | time: 0.0479s
                                                                  | loss: 2.9357 Ac:  50.00 P:  31.2 R:  37.5 F1:  33.3 | time: 0.0170s
Epoch: 0011 | loss: 0.4716 Ac: 100.00 P:  75.0 R:  75.0 F1:  75.0 | loss: 2.5122 Ac:  50.00 P:  50.0 R:  39.6 F1:  43.3 | time: 0.0419s
                                                                  | loss: 2.9670 Ac:  50.00 P:  31.2 R:  37.5 F1:  33.3 | time: 0.0160s
Epoch: 0012 | loss: 0.6140 Ac:  81.25 P:  50.0 R:  52.1 F1:  50.9 | loss: 2.5122 Ac:  50.00 P:  50.0 R:  39.6 F1:  43.3 | time: 0.0459s
                                                                  | loss: 3.0076 Ac:  50.00 P:  31.2 R:  37.5 F1:  33.3 | time: 0.0209s
Epoch: 0013 | loss: 0.6481 Ac:  81.25 P:  62.5 R:  60.4 F1:  60.9 | loss: 2.5163 Ac:  50.00 P:  50.0 R:  39.6 F1:  43.3 | time: 0.0618s
                                                                  | loss: 3.0550 Ac:  50.00 P:  31.2 R:  37.5 F1:  33.3 | time: 0.0180s
Epoch: 0014 | loss: 0.2809 Ac: 100.00 P:  75.0 R:  75.0 F1:  75.0 | loss: 2.5330 Ac:  50.00 P:  50.0 R:  39.6 F1:  43.3 | time: 0.0604s
                                                                  | loss: 3.1034 Ac:  50.00 P:  31.2 R:  37.5 F1:  33.3 | time: 0.0199s
Epoch: 0015 | loss: 0.2858 Ac:  93.75 P:  70.8 R:  70.8 F1:  70.0 | loss: 2.5514 Ac:  50.00 P:  50.0 R:  39.6 F1:  43.3 | time: 0.0479s
                                                                  | loss: 3.1561 Ac:  50.00 P:  31.2 R:  37.5 F1:  33.3 | time: 0.0150s
Epoch: 0016 | loss: 0.2338 Ac:  93.75 P:  71.9 R:  68.8 F1:  69.0 | loss: 2.5749 Ac:  50.00 P:  50.0 R:  39.6 F1:  43.3 | time: 0.0419s
                                                                  | loss: 3.2062 Ac:  50.00 P:  31.2 R:  37.5 F1:  33.3 | time: 0.0160s
Epoch: 0017 | loss: 0.2086 Ac:  93.75 P:  70.8 R:  70.8 F1:  70.0 | loss: 2.6011 Ac:  50.00 P:  45.8 R:  39.6 F1:  40.8 | time: 0.0533s
                                                                  | loss: 3.2481 Ac:  50.00 P:  31.2 R:  37.5 F1:  33.3 | time: 0.0219s
Epoch: 0018 | loss: 0.1684 Ac: 100.00 P:  75.0 R:  75.0 F1:  75.0 | loss: 2.6349 Ac:  50.00 P:  45.8 R:  39.6 F1:  40.8 | time: 0.0439s
                                                                  | loss: 3.2981 Ac:  50.00 P:  31.2 R:  37.5 F1:  33.3 | time: 0.0140s
Epoch: 0019 | loss: 0.2142 Ac:  93.75 P:  72.9 R:  68.8 F1:  69.7 | loss: 2.6571 Ac:  50.00 P:  45.8 R:  39.6 F1:  40.8 | time: 0.0419s
                                                                  | loss: 3.3492 Ac:  50.00 P:  31.2 R:  37.5 F1:  33.3 | time: 0.0170s
Epoch: 0020 | loss: 0.2341 Ac:  87.50 P:  53.1 R:  56.2 F1:  54.5 | loss: 2.6905 Ac:  50.00 P:  45.8 R:  39.6 F1:  40.8 | time: 0.0409s
                                                                  | loss: 3.4117 Ac:  50.00 P:  31.2 R:  37.5 F1:  33.3 | time: 0.0130s
Epoch: 0021 | loss: 0.1911 Ac:  93.75 P:  71.9 R:  68.8 F1:  69.0 | loss: 2.7250 Ac:  56.25 P:  45.8 R:  43.8 F1:  43.3 | time: 0.0459s
                                                                  | loss: 3.4717 Ac:  50.00 P:  31.2 R:  37.5 F1:  33.3 | time: 0.0170s
Epoch: 0022 | loss: 0.1023 Ac: 100.00 P:  75.0 R:  75.0 F1:  75.0 | loss: 2.7635 Ac:  56.25 P:  45.8 R:  43.8 F1:  43.3 | time: 0.0538s
                                                                  | loss: 3.5292 Ac:  50.00 P:  31.2 R:  37.5 F1:  33.3 | time: 0.0239s
Epoch: 0023 | loss: 0.0802 Ac: 100.00 P:  75.0 R:  75.0 F1:  75.0 | loss: 2.8028 Ac:  56.25 P:  45.8 R:  43.8 F1:  43.3 | time: 0.0598s
                                                                  | loss: 3.5850 Ac:  50.00 P:  31.2 R:  37.5 F1:  33.3 | time: 0.0219s
Epoch: 0024 | loss: 0.1619 Ac:  93.75 P:  71.9 R:  68.8 F1:  69.0 | loss: 2.8334 Ac:  56.25 P:  45.8 R:  43.8 F1:  43.3 | time: 0.0519s
                                                                  | loss: 3.6365 Ac:  50.00 P:  31.2 R:  37.5 F1:  33.3 | time: 0.0170s
Epoch: 0025 | loss: 0.0649 Ac: 100.00 P:  75.0 R:  75.0 F1:  75.0 | loss: 2.8617 Ac:  50.00 P:  42.7 R:  39.6 F1:  39.0 | time: 0.0489s
                                                                  | loss: 3.6859 Ac:  50.00 P:  31.2 R:  37.5 F1:  33.3 | time: 0.0219s
Epoch: 0026 | loss: 0.1253 Ac:  93.75 P:  71.9 R:  68.8 F1:  69.0 | loss: 2.8821 Ac:  50.00 P:  42.7 R:  39.6 F1:  39.0 | time: 0.0598s
                                                                  | loss: 3.7267 Ac:  50.00 P:  31.2 R:  37.5 F1:  33.3 | time: 0.0219s
Epoch: 0027 | loss: 0.1139 Ac:  93.75 P:  71.9 R:  68.8 F1:  69.0 | loss: 2.9043 Ac:  50.00 P:  42.7 R:  39.6 F1:  39.0 | time: 0.0568s
                                                                  | loss: 3.7687 Ac:  50.00 P:  31.2 R:  37.5 F1:  33.3 | time: 0.0170s
Epoch: 0028 | loss: 0.0794 Ac: 100.00 P:  75.0 R:  75.0 F1:  75.0 | loss: 2.9214 Ac:  50.00 P:  42.7 R:  39.6 F1:  39.0 | time: 0.0444s
                                                                  | loss: 3.8067 Ac:  50.00 P:  31.2 R:  37.5 F1:  33.3 | time: 0.0140s
Epoch: 0029 | loss: 0.0449 Ac: 100.00 P:  75.0 R:  75.0 F1:  75.0 | loss: 2.9391 Ac:  50.00 P:  42.7 R:  39.6 F1:  39.0 | time: 0.0419s
                                                                  | loss: 3.8431 Ac:  50.00 P:  31.2 R:  37.5 F1:  33.3 | time: 0.0170s
Epoch: 0030 | loss: 0.0887 Ac: 100.00 P:  75.0 R:  75.0 F1:  75.0 | loss: 2.9685 Ac:  50.00 P:  42.7 R:  39.6 F1:  39.0 | time: 0.0449s
                                                                  | loss: 3.8911 Ac:  50.00 P:  31.2 R:  37.5 F1:  33.3 | time: 0.0189s
Epoch: 0031 | loss: 0.0519 Ac: 100.00 P:  75.0 R:  75.0 F1:  75.0 | loss: 3.0044 Ac:  50.00 P:  46.9 R:  39.6 F1:  41.5 | time: 0.0419s
                                                                  | loss: 3.9436 Ac:  50.00 P:  31.2 R:  37.5 F1:  33.3 | time: 0.0170s
Epoch: 0032 | loss: 0.0636 Ac: 100.00 P:  75.0 R:  75.0 F1:  75.0 | loss: 3.0477 Ac:  50.00 P:  40.6 R:  39.6 F1:  39.5 | time: 0.0449s
                                                                  | loss: 3.9987 Ac:  50.00 P:  31.2 R:  37.5 F1:  33.3 | time: 0.0189s
Epoch: 0033 | loss: 0.1159 Ac:  93.75 P:  70.8 R:  70.8 F1:  70.0 | loss: 3.0916 Ac:  50.00 P:  40.6 R:  39.6 F1:  39.5 | time: 0.0598s
                                                                  | loss: 4.0507 Ac:  50.00 P:  31.2 R:  37.5 F1:  33.3 | time: 0.0229s
Epoch: 0034 | loss: 0.0729 Ac: 100.00 P:  75.0 R:  75.0 F1:  75.0 | loss: 3.1414 Ac:  50.00 P:  46.9 R:  39.6 F1:  41.5 | time: 0.0598s
                                                                  | loss: 4.1066 Ac:  50.00 P:  31.2 R:  37.5 F1:  33.3 | time: 0.0209s
Epoch: 0035 | loss: 0.0499 Ac: 100.00 P:  75.0 R:  75.0 F1:  75.0 | loss: 3.1932 Ac:  50.00 P:  46.9 R:  39.6 F1:  41.5 | time: 0.0509s
                                                                  | loss: 4.1637 Ac:  50.00 P:  31.2 R:  37.5 F1:  33.3 | time: 0.0180s
Epoch: 0036 | loss: 0.0146 Ac: 100.00 P:  75.0 R:  75.0 F1:  75.0 | loss: 3.2427 Ac:  50.00 P:  46.9 R:  39.6 F1:  41.5 | time: 0.0471s
                                                                  | loss: 4.2174 Ac:  50.00 P:  31.2 R:  37.5 F1:  33.3 | time: 0.0170s
Epoch: 0037 | loss: 0.0657 Ac: 100.00 P:  75.0 R:  75.0 F1:  75.0 | loss: 3.3004 Ac:  50.00 P:  46.9 R:  39.6 F1:  41.5 | time: 0.0459s
                                                                  | loss: 4.2787 Ac:  50.00 P:  31.2 R:  37.5 F1:  33.3 | time: 0.0160s
Epoch: 0038 | loss: 0.1415 Ac:  93.75 P:  70.8 R:  70.8 F1:  70.0 | loss: 3.3600 Ac:  50.00 P:  46.9 R:  39.6 F1:  41.5 | time: 0.0439s
                                                                  | loss: 4.3426 Ac:  50.00 P:  31.2 R:  37.5 F1:  33.3 | time: 0.0180s
Epoch: 0039 | loss: 0.0725 Ac:  93.75 P:  71.9 R:  68.8 F1:  69.0 | loss: 3.4124 Ac:  50.00 P:  46.9 R:  39.6 F1:  41.5 | time: 0.0449s
                                                                  | loss: 4.3984 Ac:  50.00 P:  31.2 R:  37.5 F1:  33.3 | time: 0.0170s
Epoch: 0040 | loss: 0.0378 Ac: 100.00 P:  75.0 R:  75.0 F1:  75.0 | loss: 3.4567 Ac:  50.00 P:  46.9 R:  39.6 F1:  41.5 | time: 0.0409s
                                                                  | loss: 4.4550 Ac:  50.00 P:  31.2 R:  37.5 F1:  33.3 | time: 0.0160s
Epoch: 0041 | loss: 0.0601 Ac: 100.00 P:  75.0 R:  75.0 F1:  75.0 | loss: 3.5024 Ac:  50.00 P:  46.9 R:  39.6 F1:  41.5 | time: 0.0688s
                                                                  | loss: 4.5115 Ac:  50.00 P:  31.2 R:  37.5 F1:  33.3 | time: 0.0170s
Epoch: 0042 | loss: 0.0357 Ac: 100.00 P:  75.0 R:  75.0 F1:  75.0 | loss: 3.5427 Ac:  50.00 P:  46.9 R:  39.6 F1:  41.5 | time: 0.0409s
                                                                  | loss: 4.5648 Ac:  50.00 P:  31.2 R:  37.5 F1:  33.3 | time: 0.0180s
Epoch: 0043 | loss: 0.0542 Ac: 100.00 P:  75.0 R:  75.0 F1:  75.0 | loss: 3.5853 Ac:  50.00 P:  46.9 R:  39.6 F1:  41.5 | time: 0.0464s
                                                                  | loss: 4.6186 Ac:  50.00 P:  31.2 R:  37.5 F1:  33.3 | time: 0.0150s
Epoch: 0044 | loss: 0.0184 Ac: 100.00 P:  75.0 R:  75.0 F1:  75.0 | loss: 3.6268 Ac:  50.00 P:  46.9 R:  39.6 F1:  41.5 | time: 0.0419s
                                                                  | loss: 4.6733 Ac:  50.00 P:  31.2 R:  37.5 F1:  33.3 | time: 0.0170s
Epoch: 0045 | loss: 0.0131 Ac: 100.00 P:  75.0 R:  75.0 F1:  75.0 | loss: 3.6648 Ac:  50.00 P:  46.9 R:  39.6 F1:  41.5 | time: 0.0419s
                                                                  | loss: 4.7188 Ac:  50.00 P:  31.2 R:  37.5 F1:  33.3 | time: 0.0180s
Epoch: 0046 | loss: 0.0209 Ac: 100.00 P:  75.0 R:  75.0 F1:  75.0 | loss: 3.6978 Ac:  50.00 P:  46.9 R:  39.6 F1:  41.5 | time: 0.0489s
                                                                  | loss: 4.7617 Ac:  50.00 P:  31.2 R:  37.5 F1:  33.3 | time: 0.0160s
Epoch: 0047 | loss: 0.0201 Ac: 100.00 P:  75.0 R:  75.0 F1:  75.0 | loss: 3.7311 Ac:  50.00 P:  46.9 R:  39.6 F1:  41.5 | time: 0.0439s
                                                                  | loss: 4.8052 Ac:  50.00 P:  31.2 R:  37.5 F1:  33.3 | time: 0.0180s
Epoch: 0048 | loss: 0.0486 Ac: 100.00 P:  75.0 R:  75.0 F1:  75.0 | loss: 3.7608 Ac:  50.00 P:  46.9 R:  39.6 F1:  41.5 | time: 0.0469s
                                                                  | loss: 4.8395 Ac:  50.00 P:  31.2 R:  37.5 F1:  33.3 | time: 0.0180s
Epoch: 0049 | loss: 0.0294 Ac: 100.00 P:  75.0 R:  75.0 F1:  75.0 | loss: 3.7888 Ac:  50.00 P:  46.9 R:  39.6 F1:  41.5 | time: 0.0449s
                                                                  | loss: 4.8705 Ac:  50.00 P:  31.2 R:  37.5 F1:  33.3 | time: 0.0130s
Epoch: 0050 | loss: 0.0201 Ac: 100.00 P:  75.0 R:  75.0 F1:  75.0 | loss: 3.8136 Ac:  50.00 P:  46.9 R:  39.6 F1:  41.5 | time: 0.0459s
                                                                  | loss: 4.8971 Ac:  50.00 P:  31.2 R:  37.5 F1:  33.3 | time: 0.0150s
Epoch: 0051 | loss: 0.0238 Ac: 100.00 P:  75.0 R:  75.0 F1:  75.0 | loss: 3.8347 Ac:  50.00 P:  46.9 R:  39.6 F1:  41.5 | time: 0.0489s
                                                                  | loss: 4.9207 Ac:  50.00 P:  31.2 R:  37.5 F1:  33.3 | time: 0.0180s
Epoch: 0052 | loss: 0.0276 Ac: 100.00 P:  75.0 R:  75.0 F1:  75.0 | loss: 3.8517 Ac:  50.00 P:  46.9 R:  39.6 F1:  41.5 | time: 0.0449s
                                                                  | loss: 4.9391 Ac:  50.00 P:  31.2 R:  37.5 F1:  33.3 | time: 0.0150s
Epoch: 0053 | loss: 0.0118 Ac: 100.00 P:  75.0 R:  75.0 F1:  75.0 | loss: 3.8673 Ac:  50.00 P:  46.9 R:  39.6 F1:  41.5 | time: 0.0469s
                                                                  | loss: 4.9568 Ac:  50.00 P:  31.2 R:  37.5 F1:  33.3 | time: 0.0170s
Epoch: 0054 | loss: 0.0372 Ac: 100.00 P:  75.0 R:  75.0 F1:  75.0 | loss: 3.8814 Ac:  50.00 P:  46.9 R:  39.6 F1:  41.5 | time: 0.0479s
                                                                  | loss: 4.9729 Ac:  50.00 P:  31.2 R:  37.5 F1:  33.3 | time: 0.0170s
Epoch: 0055 | loss: 0.0202 Ac: 100.00 P:  75.0 R:  75.0 F1:  75.0 | loss: 3.8924 Ac:  50.00 P:  46.9 R:  39.6 F1:  41.5 | time: 0.0429s
                                                                  | loss: 4.9856 Ac:  50.00 P:  31.2 R:  37.5 F1:  33.3 | time: 0.0180s
Epoch: 0056 | loss: 0.0057 Ac: 100.00 P:  75.0 R:  75.0 F1:  75.0 | loss: 3.9056 Ac:  50.00 P:  46.9 R:  39.6 F1:  41.5 | time: 0.0499s
                                                                  | loss: 5.0004 Ac:  50.00 P:  31.2 R:  37.5 F1:  33.3 | time: 0.0150s
Epoch: 0057 | loss: 0.0785 Ac:  93.75 P:  71.9 R:  68.8 F1:  69.0 | loss: 3.9124 Ac:  50.00 P:  46.9 R:  39.6 F1:  41.5 | time: 0.0469s
                                                                  | loss: 5.0104 Ac:  50.00 P:  31.2 R:  37.5 F1:  33.3 | time: 0.0180s
Epoch: 0058 | loss: 0.0177 Ac: 100.00 P:  75.0 R:  75.0 F1:  75.0 | loss: 3.9175 Ac:  50.00 P:  46.9 R:  39.6 F1:  41.5 | time: 0.0465s
                                                                  | loss: 5.0193 Ac:  50.00 P:  31.2 R:  37.5 F1:  33.3 | time: 0.0131s
Epoch: 0059 | loss: 0.0230 Ac: 100.00 P:  75.0 R:  75.0 F1:  75.0 | loss: 3.9243 Ac:  50.00 P:  46.9 R:  39.6 F1:  41.5 | time: 0.0708s
                                                                  | loss: 5.0296 Ac:  50.00 P:  31.2 R:  37.5 F1:  33.3 | time: 0.0160s
Epoch: 0060 | loss: 0.0038 Ac: 100.00 P:  75.0 R:  75.0 F1:  75.0 | loss: 3.9316 Ac:  50.00 P:  46.9 R:  39.6 F1:  41.5 | time: 0.0409s
                                                                  | loss: 5.0408 Ac:  50.00 P:  31.2 R:  37.5 F1:  33.3 | time: 0.0150s
Epoch: 0061 | loss: 0.0460 Ac: 100.00 P:  75.0 R:  75.0 F1:  75.0 | loss: 3.9255 Ac:  50.00 P:  46.9 R:  39.6 F1:  41.5 | time: 0.0439s
                                                                  | loss: 5.0391 Ac:  50.00 P:  31.2 R:  37.5 F1:  33.3 | time: 0.0150s
Epoch: 0062 | loss: 0.0109 Ac: 100.00 P:  75.0 R:  75.0 F1:  75.0 | loss: 3.9194 Ac:  50.00 P:  46.9 R:  39.6 F1:  41.5 | time: 0.0429s
                                                                  | loss: 5.0373 Ac:  50.00 P:  31.2 R:  37.5 F1:  33.3 | time: 0.0180s
Epoch: 0063 | loss: 0.0998 Ac:  93.75 P:  71.9 R:  68.8 F1:  69.0 | loss: 3.8742 Ac:  50.00 P:  46.9 R:  39.6 F1:  41.5 | time: 0.0479s
                                                                  | loss: 4.9898 Ac:  50.00 P:  31.2 R:  37.5 F1:  33.3 | time: 0.0150s
Epoch: 0064 | loss: 0.0138 Ac: 100.00 P:  75.0 R:  75.0 F1:  75.0 | loss: 3.8387 Ac:  50.00 P:  46.9 R:  39.6 F1:  41.5 | time: 0.0479s
                                                                  | loss: 4.9509 Ac:  50.00 P:  31.2 R:  37.5 F1:  33.3 | time: 0.0140s
Epoch: 0065 | loss: 0.0103 Ac: 100.00 P:  75.0 R:  75.0 F1:  75.0 | loss: 3.8065 Ac:  50.00 P:  46.9 R:  39.6 F1:  41.5 | time: 0.0449s
                                                                  | loss: 4.9143 Ac:  50.00 P:  31.2 R:  37.5 F1:  33.3 | time: 0.0170s
Epoch: 0066 | loss: 0.0273 Ac: 100.00 P:  75.0 R:  75.0 F1:  75.0 | loss: 3.7816 Ac:  50.00 P:  46.9 R:  39.6 F1:  41.5 | time: 0.0409s
                                                                  | loss: 4.8876 Ac:  50.00 P:  31.2 R:  37.5 F1:  33.3 | time: 0.0140s
Epoch: 0067 | loss: 0.0059 Ac: 100.00 P:  75.0 R:  75.0 F1:  75.0 | loss: 3.7600 Ac:  50.00 P:  46.9 R:  39.6 F1:  41.5 | time: 0.0439s
                                                                  | loss: 4.8647 Ac:  50.00 P:  31.2 R:  37.5 F1:  33.3 | time: 0.0170s
Epoch: 0068 | loss: 0.0115 Ac: 100.00 P:  75.0 R:  75.0 F1:  75.0 | loss: 3.7411 Ac:  50.00 P:  46.9 R:  39.6 F1:  41.5 | time: 0.0479s
                                                                  | loss: 4.8434 Ac:  50.00 P:  31.2 R:  37.5 F1:  33.3 | time: 0.0150s
Epoch: 0069 | loss: 0.0151 Ac: 100.00 P:  75.0 R:  75.0 F1:  75.0 | loss: 3.7243 Ac:  50.00 P:  46.9 R:  39.6 F1:  41.5 | time: 0.0436s
                                                                  | loss: 4.8236 Ac:  50.00 P:  31.2 R:  37.5 F1:  33.3 | time: 0.0190s
Epoch: 0070 | loss: 0.0137 Ac: 100.00 P:  75.0 R:  75.0 F1:  75.0 | loss: 3.7200 Ac:  50.00 P:  46.9 R:  39.6 F1:  41.5 | time: 0.0459s
                                                                  | loss: 4.8193 Ac:  50.00 P:  31.2 R:  37.5 F1:  33.3 | time: 0.0180s
Epoch: 0071 | loss: 0.0041 Ac: 100.00 P:  75.0 R:  75.0 F1:  75.0 | loss: 3.7163 Ac:  50.00 P:  46.9 R:  39.6 F1:  41.5 | time: 0.0479s
                                                                  | loss: 4.8161 Ac:  50.00 P:  31.2 R:  37.5 F1:  33.3 | time: 0.0179s
Epoch: 0072 | loss: 0.0063 Ac: 100.00 P:  75.0 R:  75.0 F1:  75.0 | loss: 3.7166 Ac:  50.00 P:  46.9 R:  39.6 F1:  41.5 | time: 0.0479s
                                                                  | loss: 4.8172 Ac:  50.00 P:  31.2 R:  37.5 F1:  33.3 | time: 0.0170s
Epoch: 0073 | loss: 0.0449 Ac: 100.00 P:  75.0 R:  75.0 F1:  75.0 | loss: 3.7537 Ac:  50.00 P:  46.9 R:  39.6 F1:  41.5 | time: 0.0429s
                                                                  | loss: 4.8701 Ac:  50.00 P:  31.2 R:  37.5 F1:  33.3 | time: 0.0170s
Epoch: 0074 | loss: 0.0095 Ac: 100.00 P:  75.0 R:  75.0 F1:  75.0 | loss: 3.7952 Ac:  50.00 P:  46.9 R:  39.6 F1:  41.5 | time: 0.0414s
                                                                  | loss: 4.9268 Ac:  50.00 P:  31.2 R:  37.5 F1:  33.3 | time: 0.0199s
Epoch: 0075 | loss: 0.0836 Ac:  93.75 P:  71.9 R:  68.8 F1:  69.0 | loss: 3.7959 Ac:  50.00 P:  46.9 R:  39.6 F1:  41.5 | time: 0.0429s
                                                                  | loss: 4.9352 Ac:  50.00 P:  31.2 R:  37.5 F1:  33.3 | time: 0.0160s
Epoch: 0076 | loss: 0.0105 Ac: 100.00 P:  75.0 R:  75.0 F1:  75.0 | loss: 3.7967 Ac:  50.00 P:  46.9 R:  39.6 F1:  41.5 | time: 0.0459s
                                                                  | loss: 4.9430 Ac:  50.00 P:  31.2 R:  37.5 F1:  33.3 | time: 0.0130s
Epoch: 0077 | loss: 0.0139 Ac: 100.00 P:  75.0 R:  75.0 F1:  75.0 | loss: 3.7992 Ac:  56.25 P:  50.0 R:  43.8 F1:  45.8 | time: 0.0479s
                                                                  | loss: 4.9518 Ac:  50.00 P:  31.2 R:  37.5 F1:  33.3 | time: 0.0150s
Epoch: 0078 | loss: 0.0430 Ac: 100.00 P:  75.0 R:  75.0 F1:  75.0 | loss: 3.7996 Ac:  56.25 P:  50.0 R:  43.8 F1:  45.8 | time: 0.0439s
                                                                  | loss: 4.9562 Ac:  50.00 P:  31.2 R:  37.5 F1:  33.3 | time: 0.0199s
Epoch: 0079 | loss: 0.0252 Ac: 100.00 P:  75.0 R:  75.0 F1:  75.0 | loss: 3.8022 Ac:  56.25 P:  50.0 R:  43.8 F1:  45.8 | time: 0.0708s
                                                                  | loss: 4.9645 Ac:  50.00 P:  31.2 R:  37.5 F1:  33.3 | time: 0.0150s
Epoch: 0080 | loss: 0.0101 Ac: 100.00 P:  75.0 R:  75.0 F1:  75.0 | loss: 3.8148 Ac:  56.25 P:  50.0 R:  43.8 F1:  45.8 | time: 0.0469s
                                                                  | loss: 4.9845 Ac:  50.00 P:  31.2 R:  37.5 F1:  33.3 | time: 0.0150s
Epoch: 0081 | loss: 0.0152 Ac: 100.00 P:  75.0 R:  75.0 F1:  75.0 | loss: 3.8388 Ac:  56.25 P:  50.0 R:  43.8 F1:  45.8 | time: 0.0499s
                                                                  | loss: 5.0192 Ac:  50.00 P:  31.2 R:  37.5 F1:  33.3 | time: 0.0160s
Epoch: 0082 | loss: 0.0172 Ac: 100.00 P:  75.0 R:  75.0 F1:  75.0 | loss: 3.8596 Ac:  56.25 P:  50.0 R:  43.8 F1:  45.8 | time: 0.0449s
                                                                  | loss: 5.0498 Ac:  50.00 P:  31.2 R:  37.5 F1:  33.3 | time: 0.0170s
Epoch: 0083 | loss: 0.0078 Ac: 100.00 P:  75.0 R:  75.0 F1:  75.0 | loss: 3.8779 Ac:  56.25 P:  50.0 R:  43.8 F1:  45.8 | time: 0.0499s
                                                                  | loss: 5.0764 Ac:  50.00 P:  31.2 R:  37.5 F1:  33.3 | time: 0.0180s
Epoch: 0084 | loss: 0.0140 Ac: 100.00 P:  75.0 R:  75.0 F1:  75.0 | loss: 3.8930 Ac:  56.25 P:  50.0 R:  43.8 F1:  45.8 | time: 0.0469s
                                                                  | loss: 5.0983 Ac:  50.00 P:  31.2 R:  37.5 F1:  33.3 | time: 0.0140s
Epoch: 0085 | loss: 0.0145 Ac: 100.00 P:  75.0 R:  75.0 F1:  75.0 | loss: 3.9082 Ac:  56.25 P:  50.0 R:  43.8 F1:  45.8 | time: 0.0409s
                                                                  | loss: 5.1165 Ac:  50.00 P:  31.2 R:  37.5 F1:  33.3 | time: 0.0150s
Epoch: 0086 | loss: 0.0411 Ac: 100.00 P:  75.0 R:  75.0 F1:  75.0 | loss: 3.9223 Ac:  56.25 P:  50.0 R:  43.8 F1:  45.8 | time: 0.0429s
                                                                  | loss: 5.1325 Ac:  50.00 P:  31.2 R:  37.5 F1:  33.3 | time: 0.0130s
Epoch: 0087 | loss: 0.0164 Ac: 100.00 P:  75.0 R:  75.0 F1:  75.0 | loss: 3.9448 Ac:  56.25 P:  50.0 R:  43.8 F1:  45.8 | time: 0.0469s
                                                                  | loss: 5.1602 Ac:  50.00 P:  31.2 R:  37.5 F1:  33.3 | time: 0.0180s
Epoch: 0088 | loss: 0.0325 Ac: 100.00 P:  75.0 R:  75.0 F1:  75.0 | loss: 3.9642 Ac:  56.25 P:  50.0 R:  43.8 F1:  45.8 | time: 0.0479s
                                                                  | loss: 5.1864 Ac:  50.00 P:  31.2 R:  37.5 F1:  33.3 | time: 0.0150s
Epoch: 0089 | loss: 0.0078 Ac: 100.00 P:  75.0 R:  75.0 F1:  75.0 | loss: 3.9845 Ac:  56.25 P:  50.0 R:  43.8 F1:  45.8 | time: 0.0479s
                                                                  | loss: 5.2135 Ac:  50.00 P:  31.2 R:  37.5 F1:  33.3 | time: 0.0160s
Epoch: 0090 | loss: 0.0223 Ac: 100.00 P:  75.0 R:  75.0 F1:  75.0 | loss: 4.0046 Ac:  56.25 P:  50.0 R:  43.8 F1:  45.8 | time: 0.0424s
                                                                  | loss: 5.2423 Ac:  50.00 P:  31.2 R:  37.5 F1:  33.3 | time: 0.0180s
Epoch: 0091 | loss: 0.0106 Ac: 100.00 P:  75.0 R:  75.0 F1:  75.0 | loss: 4.0216 Ac:  56.25 P:  50.0 R:  43.8 F1:  45.8 | time: 0.0439s
                                                                  | loss: 5.2663 Ac:  50.00 P:  31.2 R:  37.5 F1:  33.3 | time: 0.0170s
Epoch: 0092 | loss: 0.0169 Ac: 100.00 P:  75.0 R:  75.0 F1:  75.0 | loss: 4.0356 Ac:  56.25 P:  50.0 R:  43.8 F1:  45.8 | time: 0.0494s
                                                                  | loss: 5.2902 Ac:  50.00 P:  31.2 R:  37.5 F1:  33.3 | time: 0.0180s
Epoch: 0093 | loss: 0.0164 Ac: 100.00 P:  75.0 R:  75.0 F1:  75.0 | loss: 4.0467 Ac:  56.25 P:  50.0 R:  43.8 F1:  45.8 | time: 0.0429s
                                                                  | loss: 5.3102 Ac:  50.00 P:  31.2 R:  37.5 F1:  33.3 | time: 0.0150s
Epoch: 0094 | loss: 0.0114 Ac: 100.00 P:  75.0 R:  75.0 F1:  75.0 | loss: 4.0588 Ac:  56.25 P:  50.0 R:  43.8 F1:  45.8 | time: 0.0389s
                                                                  | loss: 5.3278 Ac:  50.00 P:  31.2 R:  37.5 F1:  33.3 | time: 0.0140s
Epoch: 0095 | loss: 0.0072 Ac: 100.00 P:  75.0 R:  75.0 F1:  75.0 | loss: 4.0713 Ac:  50.00 P:  46.9 R:  39.6 F1:  41.5 | time: 0.0399s
                                                                  | loss: 5.3447 Ac:  50.00 P:  31.2 R:  37.5 F1:  33.3 | time: 0.0170s
Epoch: 0096 | loss: 0.0428 Ac: 100.00 P:  75.0 R:  75.0 F1:  75.0 | loss: 4.1069 Ac:  50.00 P:  46.9 R:  39.6 F1:  41.5 | time: 0.0419s
                                                                  | loss: 5.3884 Ac:  50.00 P:  31.2 R:  37.5 F1:  33.3 | time: 0.0170s
Epoch: 0097 | loss: 0.0299 Ac: 100.00 P:  75.0 R:  75.0 F1:  75.0 | loss: 4.1388 Ac:  50.00 P:  46.9 R:  39.6 F1:  41.5 | time: 0.0439s
                                                                  | loss: 5.4253 Ac:  50.00 P:  31.2 R:  37.5 F1:  33.3 | time: 0.0189s
Epoch: 0098 | loss: 0.0092 Ac: 100.00 P:  75.0 R:  75.0 F1:  75.0 | loss: 4.1681 Ac:  50.00 P:  46.9 R:  39.6 F1:  41.5 | time: 0.0489s
                                                                  | loss: 5.4575 Ac:  50.00 P:  31.2 R:  37.5 F1:  33.3 | time: 0.0170s
Epoch: 0099 | loss: 0.0192 Ac: 100.00 P:  75.0 R:  75.0 F1:  75.0 | loss: 4.2058 Ac:  50.00 P:  46.9 R:  39.6 F1:  41.5 | time: 0.0449s
                                                                  | loss: 5.4959 Ac:  50.00 P:  31.2 R:  37.5 F1:  33.3 | time: 0.0130s
Epoch: 0100 | loss: 0.0065 Ac: 100.00 P:  75.0 R:  75.0 F1:  75.0 | loss: 4.2456 Ac:  50.00 P:  46.9 R:  39.6 F1:  41.5 | time: 0.0479s
                                                                  | loss: 5.5374 Ac:  50.00 P:  31.2 R:  37.5 F1:  33.3 | time: 0.0150s
Epoch: 0101 | loss: 0.0059 Ac: 100.00 P:  75.0 R:  75.0 F1:  75.0 | loss: 4.2813 Ac:  50.00 P:  46.9 R:  39.6 F1:  41.5 | time: 0.0389s
                                                                  | loss: 5.5744 Ac:  50.00 P:  31.2 R:  37.5 F1:  33.3 | time: 0.0140s
Epoch: 0102 | loss: 0.0031 Ac: 100.00 P:  75.0 R:  75.0 F1:  75.0 | loss: 4.3146 Ac:  50.00 P:  46.9 R:  39.6 F1:  41.5 | time: 0.0469s
                                                                  | loss: 5.6098 Ac:  50.00 P:  31.2 R:  37.5 F1:  33.3 | time: 0.0180s
Epoch: 0103 | loss: 0.0100 Ac: 100.00 P:  75.0 R:  75.0 F1:  75.0 | loss: 4.3445 Ac:  50.00 P:  46.9 R:  39.6 F1:  41.5 | time: 0.0439s
                                                                  | loss: 5.6430 Ac:  50.00 P:  31.2 R:  37.5 F1:  33.3 | time: 0.0170s
Epoch: 0104 | loss: 0.1176 Ac:  93.75 P:  71.9 R:  68.8 F1:  69.0 | loss: 4.3697 Ac:  50.00 P:  46.9 R:  39.6 F1:  41.5 | time: 0.0419s
                                                                  | loss: 5.6750 Ac:  50.00 P:  31.2 R:  37.5 F1:  33.3 | time: 0.0160s
Epoch: 0105 | loss: 0.0189 Ac: 100.00 P:  75.0 R:  75.0 F1:  75.0 | loss: 4.3924 Ac:  50.00 P:  46.9 R:  39.6 F1:  41.5 | time: 0.0469s
                                                                  | loss: 5.7045 Ac:  50.00 P:  31.2 R:  37.5 F1:  33.3 | time: 0.0180s
Epoch: 0106 | loss: 0.0096 Ac: 100.00 P:  75.0 R:  75.0 F1:  75.0 | loss: 4.4158 Ac:  50.00 P:  46.9 R:  39.6 F1:  41.5 | time: 0.0474s
                                                                  | loss: 5.7356 Ac:  50.00 P:  31.2 R:  37.5 F1:  33.3 | time: 0.0140s
Epoch: 0107 | loss: 0.0171 Ac: 100.00 P:  75.0 R:  75.0 F1:  75.0 | loss: 4.4366 Ac:  50.00 P:  46.9 R:  39.6 F1:  41.5 | time: 0.0449s
                                                                  | loss: 5.7636 Ac:  50.00 P:  31.2 R:  37.5 F1:  33.3 | time: 0.0190s
Epoch: 0108 | loss: 0.0367 Ac: 100.00 P:  75.0 R:  75.0 F1:  75.0 | loss: 4.4622 Ac:  50.00 P:  46.9 R:  39.6 F1:  41.5 | time: 0.0459s
                                                                  | loss: 5.7959 Ac:  50.00 P:  31.2 R:  37.5 F1:  33.3 | time: 0.0140s
Epoch: 0109 | loss: 0.0095 Ac: 100.00 P:  75.0 R:  75.0 F1:  75.0 | loss: 4.4850 Ac:  50.00 P:  46.9 R:  39.6 F1:  41.5 | time: 0.0429s
                                                                  | loss: 5.8257 Ac:  50.00 P:  31.2 R:  37.5 F1:  33.3 | time: 0.0189s
Epoch: 0110 | loss: 0.0907 Ac:  93.75 P:  70.8 R:  72.5 F1:  71.1 | loss: 4.5216 Ac:  50.00 P:  46.9 R:  39.6 F1:  41.5 | time: 0.0469s
                                                                  | loss: 5.8784 Ac:  50.00 P:  31.2 R:  37.5 F1:  33.3 | time: 0.0160s
Epoch: 0111 | loss: 0.0050 Ac: 100.00 P:  75.0 R:  75.0 F1:  75.0 | loss: 4.5708 Ac:  50.00 P:  46.9 R:  39.6 F1:  41.5 | time: 0.0479s
                                                                  | loss: 5.9455 Ac:  50.00 P:  31.2 R:  37.5 F1:  33.3 | time: 0.0180s
Epoch: 0112 | loss: 0.0090 Ac: 100.00 P:  75.0 R:  75.0 F1:  75.0 | loss: 4.6208 Ac:  50.00 P:  46.9 R:  39.6 F1:  41.5 | time: 0.0479s
                                                                  | loss: 6.0139 Ac:  50.00 P:  31.2 R:  37.5 F1:  33.3 | time: 0.0160s
Epoch: 0113 | loss: 0.0034 Ac: 100.00 P:  75.0 R:  75.0 F1:  75.0 | loss: 4.6660 Ac:  50.00 P:  46.9 R:  39.6 F1:  41.5 | time: 0.0459s
                                                                  | loss: 6.0754 Ac:  50.00 P:  31.2 R:  37.5 F1:  33.3 | time: 0.0189s
Epoch: 0114 | loss: 0.0043 Ac: 100.00 P:  75.0 R:  75.0 F1:  75.0 | loss: 4.7084 Ac:  50.00 P:  46.9 R:  39.6 F1:  41.5 | time: 0.0459s
                                                                  | loss: 6.1324 Ac:  50.00 P:  31.2 R:  37.5 F1:  33.3 | time: 0.0170s
Epoch: 0115 | loss: 0.0215 Ac: 100.00 P:  75.0 R:  75.0 F1:  75.0 | loss: 4.7488 Ac:  50.00 P:  46.9 R:  39.6 F1:  41.5 | time: 0.0449s
                                                                  | loss: 6.1855 Ac:  50.00 P:  31.2 R:  37.5 F1:  33.3 | time: 0.0150s
Epoch: 0116 | loss: 0.0149 Ac: 100.00 P:  75.0 R:  75.0 F1:  75.0 | loss: 4.7841 Ac:  50.00 P:  46.9 R:  39.6 F1:  41.5 | time: 0.0399s
                                                                  | loss: 6.2330 Ac:  50.00 P:  31.2 R:  37.5 F1:  33.3 | time: 0.0150s
Epoch: 0117 | loss: 0.0193 Ac: 100.00 P:  75.0 R:  75.0 F1:  75.0 | loss: 4.8168 Ac:  56.25 P:  50.0 R:  43.8 F1:  45.8 | time: 0.0449s
                                                                  | loss: 6.2753 Ac:  50.00 P:  31.2 R:  37.5 F1:  33.3 | time: 0.0170s
Epoch: 0118 | loss: 0.0086 Ac: 100.00 P:  75.0 R:  75.0 F1:  75.0 | loss: 4.8464 Ac:  56.25 P:  50.0 R:  43.8 F1:  45.8 | time: 0.0469s
                                                                  | loss: 6.3126 Ac:  50.00 P:  31.2 R:  37.5 F1:  33.3 | time: 0.0150s
Epoch: 0119 | loss: 0.0186 Ac: 100.00 P:  75.0 R:  75.0 F1:  75.0 | loss: 4.8732 Ac:  56.25 P:  50.0 R:  43.8 F1:  45.8 | time: 0.0439s
                                                                  | loss: 6.3461 Ac:  50.00 P:  31.2 R:  37.5 F1:  33.3 | time: 0.0189s
Epoch: 0120 | loss: 0.0041 Ac: 100.00 P:  75.0 R:  75.0 F1:  75.0 | loss: 4.8974 Ac:  56.25 P:  50.0 R:  43.8 F1:  45.8 | time: 0.0459s
                                                                  | loss: 6.3766 Ac:  50.00 P:  31.2 R:  37.5 F1:  33.3 | time: 0.0150s
Epoch: 0121 | loss: 0.0025 Ac: 100.00 P:  75.0 R:  75.0 F1:  75.0 | loss: 4.9199 Ac:  56.25 P:  50.0 R:  43.8 F1:  45.8 | time: 0.0663s
                                                                  | loss: 6.4044 Ac:  50.00 P:  31.2 R:  37.5 F1:  33.3 | time: 0.0180s
Epoch: 0122 | loss: 0.0165 Ac: 100.00 P:  75.0 R:  75.0 F1:  75.0 | loss: 4.9393 Ac:  56.25 P:  50.0 R:  43.8 F1:  45.8 | time: 0.0459s
                                                                  | loss: 6.4294 Ac:  50.00 P:  31.2 R:  37.5 F1:  33.3 | time: 0.0189s
Epoch: 0123 | loss: 0.1365 Ac:  93.75 P:  71.9 R:  68.8 F1:  69.0 | loss: 4.9382 Ac:  56.25 P:  50.0 R:  43.8 F1:  45.8 | time: 0.0439s
                                                                  | loss: 6.4396 Ac:  50.00 P:  31.2 R:  37.5 F1:  33.3 | time: 0.0170s
Epoch: 0124 | loss: 0.0156 Ac: 100.00 P:  75.0 R:  75.0 F1:  75.0 | loss: 4.9355 Ac:  56.25 P:  50.0 R:  43.8 F1:  45.8 | time: 0.0439s
                                                                  | loss: 6.4461 Ac:  50.00 P:  31.2 R:  37.5 F1:  33.3 | time: 0.0150s
Epoch: 0125 | loss: 0.0237 Ac: 100.00 P:  75.0 R:  75.0 F1:  75.0 | loss: 4.9338 Ac:  56.25 P:  50.0 R:  43.8 F1:  45.8 | time: 0.0449s
                                                                  | loss: 6.4491 Ac:  50.00 P:  31.2 R:  37.5 F1:  33.3 | time: 0.0169s
Epoch: 0126 | loss: 0.0034 Ac: 100.00 P:  75.0 R:  75.0 F1:  75.0 | loss: 4.9354 Ac:  56.25 P:  50.0 R:  43.8 F1:  45.8 | time: 0.0489s
                                                                  | loss: 6.4545 Ac:  50.00 P:  31.2 R:  37.5 F1:  33.3 | time: 0.0399s
Epoch: 0127 | loss: 0.0015 Ac: 100.00 P:  75.0 R:  75.0 F1:  75.0 | loss: 4.9372 Ac:  56.25 P:  50.0 R:  43.8 F1:  45.8 | time: 0.0578s
                                                                  | loss: 6.4585 Ac:  50.00 P:  31.2 R:  37.5 F1:  33.3 | time: 0.0160s
Epoch: 0128 | loss: 0.0016 Ac: 100.00 P:  75.0 R:  75.0 F1:  75.0 | loss: 4.9384 Ac:  56.25 P:  50.0 R:  43.8 F1:  45.8 | time: 0.0479s
                                                                  | loss: 6.4613 Ac:  50.00 P:  31.2 R:  37.5 F1:  33.3 | time: 0.0170s
Epoch: 0129 | loss: 0.0049 Ac: 100.00 P:  75.0 R:  75.0 F1:  75.0 | loss: 4.9402 Ac:  56.25 P:  50.0 R:  43.8 F1:  45.8 | time: 0.0429s
                                                                  | loss: 6.4648 Ac:  50.00 P:  31.2 R:  37.5 F1:  33.3 | time: 0.0170s
Epoch: 0130 | loss: 0.0076 Ac: 100.00 P:  75.0 R:  75.0 F1:  75.0 | loss: 4.9443 Ac:  56.25 P:  50.0 R:  43.8 F1:  45.8 | time: 0.0499s
                                                                  | loss: 6.4724 Ac:  50.00 P:  31.2 R:  37.5 F1:  33.3 | time: 0.0160s
Epoch: 0131 | loss: 0.0037 Ac: 100.00 P:  75.0 R:  75.0 F1:  75.0 | loss: 4.9483 Ac:  56.25 P:  50.0 R:  43.8 F1:  45.8 | time: 0.0469s
                                                                  | loss: 6.4795 Ac:  50.00 P:  31.2 R:  37.5 F1:  33.3 | time: 0.0140s
Epoch: 0132 | loss: 0.0041 Ac: 100.00 P:  75.0 R:  75.0 F1:  75.0 | loss: 4.9507 Ac:  56.25 P:  50.0 R:  43.8 F1:  45.8 | time: 0.0459s
                                                                  | loss: 6.4848 Ac:  50.00 P:  31.2 R:  37.5 F1:  33.3 | time: 0.0190s
Epoch: 0133 | loss: 0.0423 Ac: 100.00 P:  75.0 R:  75.0 F1:  75.0 | loss: 4.9579 Ac:  56.25 P:  50.0 R:  43.8 F1:  45.8 | time: 0.0439s
                                                                  | loss: 6.4943 Ac:  50.00 P:  31.2 R:  37.5 F1:  33.3 | time: 0.0150s
Epoch: 0134 | loss: 0.0124 Ac: 100.00 P:  75.0 R:  75.0 F1:  75.0 | loss: 4.9802 Ac:  56.25 P:  50.0 R:  43.8 F1:  45.8 | time: 0.0469s
                                                                  | loss: 6.5221 Ac:  50.00 P:  31.2 R:  37.5 F1:  33.3 | time: 0.0140s
Epoch: 0135 | loss: 0.0034 Ac: 100.00 P:  75.0 R:  75.0 F1:  75.0 | loss: 4.9998 Ac:  56.25 P:  50.0 R:  43.8 F1:  45.8 | time: 0.0399s
                                                                  | loss: 6.5468 Ac:  50.00 P:  31.2 R:  37.5 F1:  33.3 | time: 0.0170s
Epoch: 0136 | loss: 0.0367 Ac: 100.00 P:  75.0 R:  75.0 F1:  75.0 | loss: 5.0091 Ac:  56.25 P:  50.0 R:  43.8 F1:  45.8 | time: 0.0424s
                                                                  | loss: 6.5606 Ac:  50.00 P:  31.2 R:  37.5 F1:  33.3 | time: 0.0165s
Epoch: 0137 | loss: 0.0072 Ac: 100.00 P:  75.0 R:  75.0 F1:  75.0 | loss: 5.0166 Ac:  56.25 P:  50.0 R:  43.8 F1:  45.8 | time: 0.0439s
                                                                  | loss: 6.5695 Ac:  50.00 P:  31.2 R:  37.5 F1:  33.3 | time: 0.0170s
Epoch: 0138 | loss: 0.0092 Ac: 100.00 P:  75.0 R:  75.0 F1:  75.0 | loss: 5.0226 Ac:  56.25 P:  50.0 R:  43.8 F1:  45.8 | time: 0.0449s
                                                                  | loss: 6.5749 Ac:  50.00 P:  31.2 R:  37.5 F1:  33.3 | time: 0.0170s
Epoch: 0139 | loss: 0.0027 Ac: 100.00 P:  75.0 R:  75.0 F1:  75.0 | loss: 5.0278 Ac:  56.25 P:  50.0 R:  43.8 F1:  45.8 | time: 0.0429s
                                                                  | loss: 6.5785 Ac:  50.00 P:  31.2 R:  37.5 F1:  33.3 | time: 0.0130s
Epoch: 0140 | loss: 0.0034 Ac: 100.00 P:  75.0 R:  75.0 F1:  75.0 | loss: 5.0331 Ac:  56.25 P:  50.0 R:  43.8 F1:  45.8 | time: 0.0299s
                                                                  | loss: 6.5821 Ac:  50.00 P:  31.2 R:  37.5 F1:  33.3 | time: 0.0130s
Epoch: 0141 | loss: 0.0024 Ac: 100.00 P:  75.0 R:  75.0 F1:  75.0 | loss: 5.0380 Ac:  56.25 P:  50.0 R:  43.8 F1:  45.8 | time: 0.0309s
                                                                  | loss: 6.5850 Ac:  50.00 P:  31.2 R:  37.5 F1:  33.3 | time: 0.0130s
Epoch: 0142 | loss: 0.0008 Ac: 100.00 P:  75.0 R:  75.0 F1:  75.0 | loss: 5.0429 Ac:  56.25 P:  50.0 R:  43.8 F1:  45.8 | time: 0.0379s
                                                                  | loss: 6.5880 Ac:  50.00 P:  31.2 R:  37.5 F1:  33.3 | time: 0.0130s
Epoch: 0143 | loss: 0.0300 Ac: 100.00 P:  75.0 R:  75.0 F1:  75.0 | loss: 5.0574 Ac:  56.25 P:  50.0 R:  43.8 F1:  45.8 | time: 0.0349s
                                                                  | loss: 6.6055 Ac:  50.00 P:  31.2 R:  37.5 F1:  33.3 | time: 0.0140s
Epoch: 0144 | loss: 0.0021 Ac: 100.00 P:  75.0 R:  75.0 F1:  75.0 | loss: 5.0708 Ac:  56.25 P:  50.0 R:  43.8 F1:  45.8 | time: 0.2543s
                                                                  | loss: 6.6220 Ac:  50.00 P:  31.2 R:  37.5 F1:  33.3 | time: 0.0145s
Epoch: 0145 | loss: 0.0040 Ac: 100.00 P:  75.0 R:  75.0 F1:  75.0 | loss: 5.0822 Ac:  56.25 P:  50.0 R:  43.8 F1:  45.8 | time: 0.0469s
                                                                  | loss: 6.6359 Ac:  50.00 P:  31.2 R:  37.5 F1:  33.3 | time: 0.0180s
Epoch: 0146 | loss: 0.0068 Ac: 100.00 P:  75.0 R:  75.0 F1:  75.0 | loss: 5.0941 Ac:  56.25 P:  50.0 R:  43.8 F1:  45.8 | time: 0.0459s
                                                                  | loss: 6.6516 Ac:  50.00 P:  31.2 R:  37.5 F1:  33.3 | time: 0.0170s
Epoch: 0147 | loss: 0.0264 Ac: 100.00 P:  75.0 R:  75.0 F1:  75.0 | loss: 5.1092 Ac:  56.25 P:  50.0 R:  43.8 F1:  45.8 | time: 0.0399s
                                                                  | loss: 6.6723 Ac:  50.00 P:  31.2 R:  37.5 F1:  33.3 | time: 0.0160s
Epoch: 0148 | loss: 0.0058 Ac: 100.00 P:  75.0 R:  75.0 F1:  75.0 | loss: 5.1235 Ac:  56.25 P:  50.0 R:  43.8 F1:  45.8 | time: 0.0449s
                                                                  | loss: 6.6917 Ac:  50.00 P:  31.2 R:  37.5 F1:  33.3 | time: 0.0160s
Epoch: 0149 | loss: 0.0029 Ac: 100.00 P:  75.0 R:  75.0 F1:  75.0 | loss: 5.1371 Ac:  56.25 P:  50.0 R:  43.8 F1:  45.8 | time: 0.0439s
                                                                  | loss: 6.7103 Ac:  50.00 P:  31.2 R:  37.5 F1:  33.3 | time: 0.0140s
Epoch: 0150 | loss: 0.0039 Ac: 100.00 P:  75.0 R:  75.0 F1:  75.0 | loss: 5.1482 Ac:  56.25 P:  50.0 R:  43.8 F1:  45.8 | time: 0.0434s
                                                                  | loss: 6.7255 Ac:  50.00 P:  31.2 R:  37.5 F1:  33.3 | time: 0.0150s
Epoch: 0151 | loss: 0.0056 Ac: 100.00 P:  75.0 R:  75.0 F1:  75.0 | loss: 5.1595 Ac:  56.25 P:  50.0 R:  43.8 F1:  45.8 | time: 0.0389s
                                                                  | loss: 6.7411 Ac:  50.00 P:  31.2 R:  37.5 F1:  33.3 | time: 0.0170s
Epoch: 0152 | loss: 0.0293 Ac: 100.00 P:  75.0 R:  75.0 F1:  75.0 | loss: 5.1601 Ac:  56.25 P:  50.0 R:  43.8 F1:  45.8 | time: 0.0449s
                                                                  | loss: 6.7445 Ac:  50.00 P:  31.2 R:  37.5 F1:  33.3 | time: 0.0170s
Epoch: 0153 | loss: 0.0012 Ac: 100.00 P:  75.0 R:  75.0 F1:  75.0 | loss: 5.1608 Ac:  56.25 P:  50.0 R:  43.8 F1:  45.8 | time: 0.0459s
                                                                  | loss: 6.7475 Ac:  50.00 P:  31.2 R:  37.5 F1:  33.3 | time: 0.0160s
Epoch: 0154 | loss: 0.0039 Ac: 100.00 P:  75.0 R:  75.0 F1:  75.0 | loss: 5.1597 Ac:  56.25 P:  50.0 R:  43.8 F1:  45.8 | time: 0.0429s
                                                                  | loss: 6.7476 Ac:  50.00 P:  31.2 R:  37.5 F1:  33.3 | time: 0.0179s
Epoch: 0155 | loss: 0.0035 Ac: 100.00 P:  75.0 R:  75.0 F1:  75.0 | loss: 5.1579 Ac:  56.25 P:  50.0 R:  43.8 F1:  45.8 | time: 0.0449s
                                                                  | loss: 6.7474 Ac:  50.00 P:  31.2 R:  37.5 F1:  33.3 | time: 0.0160s
Epoch: 0156 | loss: 0.0018 Ac: 100.00 P:  75.0 R:  75.0 F1:  75.0 | loss: 5.1559 Ac:  56.25 P:  50.0 R:  43.8 F1:  45.8 | time: 0.0389s
                                                                  | loss: 6.7464 Ac:  50.00 P:  31.2 R:  37.5 F1:  33.3 | time: 0.0150s
Epoch: 0157 | loss: 0.0012 Ac: 100.00 P:  75.0 R:  75.0 F1:  75.0 | loss: 5.1537 Ac:  56.25 P:  50.0 R:  43.8 F1:  45.8 | time: 0.0429s
                                                                  | loss: 6.7447 Ac:  50.00 P:  31.2 R:  37.5 F1:  33.3 | time: 0.0150s
Epoch: 0158 | loss: 0.0023 Ac: 100.00 P:  75.0 R:  75.0 F1:  75.0 | loss: 5.1514 Ac:  56.25 P:  50.0 R:  43.8 F1:  45.8 | time: 0.0379s
                                                                  | loss: 6.7438 Ac:  50.00 P:  31.2 R:  37.5 F1:  33.3 | time: 0.0180s
Epoch: 0159 | loss: 0.0031 Ac: 100.00 P:  75.0 R:  75.0 F1:  75.0 | loss: 5.1488 Ac:  56.25 P:  50.0 R:  43.8 F1:  45.8 | time: 0.0459s
                                                                  | loss: 6.7422 Ac:  50.00 P:  31.2 R:  37.5 F1:  33.3 | time: 0.0150s
Epoch: 0160 | loss: 0.0035 Ac: 100.00 P:  75.0 R:  75.0 F1:  75.0 | loss: 5.1469 Ac:  56.25 P:  50.0 R:  43.8 F1:  45.8 | time: 0.0399s
                                                                  | loss: 6.7417 Ac:  50.00 P:  31.2 R:  37.5 F1:  33.3 | time: 0.0429s
Epoch: 0161 | loss: 0.0013 Ac: 100.00 P:  75.0 R:  75.0 F1:  75.0 | loss: 5.1462 Ac:  56.25 P:  50.0 R:  43.8 F1:  45.8 | time: 0.0499s
                                                                  | loss: 6.7426 Ac:  50.00 P:  31.2 R:  37.5 F1:  33.3 | time: 0.0170s
Epoch: 0162 | loss: 0.0042 Ac: 100.00 P:  75.0 R:  75.0 F1:  75.0 | loss: 5.1452 Ac:  56.25 P:  50.0 R:  43.8 F1:  45.8 | time: 0.0389s
                                                                  | loss: 6.7432 Ac:  50.00 P:  31.2 R:  37.5 F1:  33.3 | time: 0.0120s
Epoch: 0163 | loss: 0.0062 Ac: 100.00 P:  75.0 R:  75.0 F1:  75.0 | loss: 5.1433 Ac:  56.25 P:  50.0 R:  43.8 F1:  45.8 | time: 0.0459s
                                                                  | loss: 6.7426 Ac:  50.00 P:  31.2 R:  37.5 F1:  33.3 | time: 0.0160s
Epoch: 0164 | loss: 0.0058 Ac: 100.00 P:  75.0 R:  75.0 F1:  75.0 | loss: 5.1414 Ac:  56.25 P:  50.0 R:  43.8 F1:  45.8 | time: 0.0479s
                                                                  | loss: 6.7414 Ac:  50.00 P:  31.2 R:  37.5 F1:  33.3 | time: 0.0170s
Epoch: 0165 | loss: 0.0104 Ac: 100.00 P:  75.0 R:  75.0 F1:  75.0 | loss: 5.1401 Ac:  56.25 P:  50.0 R:  43.8 F1:  45.8 | time: 0.0439s
                                                                  | loss: 6.7398 Ac:  50.00 P:  31.2 R:  37.5 F1:  33.3 | time: 0.0130s
Epoch: 0166 | loss: 0.0051 Ac: 100.00 P:  75.0 R:  75.0 F1:  75.0 | loss: 5.1383 Ac:  56.25 P:  50.0 R:  43.8 F1:  45.8 | time: 0.0454s
                                                                  | loss: 6.7388 Ac:  50.00 P:  31.2 R:  37.5 F1:  33.3 | time: 0.0160s
Epoch: 0167 | loss: 0.0036 Ac: 100.00 P:  75.0 R:  75.0 F1:  75.0 | loss: 5.1365 Ac:  56.25 P:  50.0 R:  43.8 F1:  45.8 | time: 0.0449s
                                                                  | loss: 6.7374 Ac:  50.00 P:  31.2 R:  37.5 F1:  33.3 | time: 0.0179s
Epoch: 0168 | loss: 0.0021 Ac: 100.00 P:  75.0 R:  75.0 F1:  75.0 | loss: 5.1361 Ac:  56.25 P:  50.0 R:  43.8 F1:  45.8 | time: 0.0439s
                                                                  | loss: 6.7381 Ac:  50.00 P:  31.2 R:  37.5 F1:  33.3 | time: 0.0170s
Epoch: 0169 | loss: 0.0046 Ac: 100.00 P:  75.0 R:  75.0 F1:  75.0 | loss: 5.1373 Ac:  56.25 P:  50.0 R:  43.8 F1:  45.8 | time: 0.0459s
                                                                  | loss: 6.7406 Ac:  50.00 P:  31.2 R:  37.5 F1:  33.3 | time: 0.0179s
Epoch: 0170 | loss: 0.0016 Ac: 100.00 P:  75.0 R:  75.0 F1:  75.0 | loss: 5.1381 Ac:  56.25 P:  50.0 R:  43.8 F1:  45.8 | time: 0.0449s
                                                                  | loss: 6.7424 Ac:  50.00 P:  31.2 R:  37.5 F1:  33.3 | time: 0.0170s
Epoch: 0171 | loss: 0.0038 Ac: 100.00 P:  75.0 R:  75.0 F1:  75.0 | loss: 5.1393 Ac:  56.25 P:  50.0 R:  43.8 F1:  45.8 | time: 0.0469s
                                                                  | loss: 6.7448 Ac:  50.00 P:  31.2 R:  37.5 F1:  33.3 | time: 0.0160s
Epoch: 0172 | loss: 0.0024 Ac: 100.00 P:  75.0 R:  75.0 F1:  75.0 | loss: 5.1413 Ac:  56.25 P:  50.0 R:  43.8 F1:  45.8 | time: 0.0419s
                                                                  | loss: 6.7481 Ac:  50.00 P:  31.2 R:  37.5 F1:  33.3 | time: 0.0180s
Epoch: 0173 | loss: 0.0035 Ac: 100.00 P:  75.0 R:  75.0 F1:  75.0 | loss: 5.1425 Ac:  56.25 P:  50.0 R:  43.8 F1:  45.8 | time: 0.0469s
                                                                  | loss: 6.7504 Ac:  50.00 P:  31.2 R:  37.5 F1:  33.3 | time: 0.0150s
Epoch: 0174 | loss: 0.0030 Ac: 100.00 P:  75.0 R:  75.0 F1:  75.0 | loss: 5.1463 Ac:  56.25 P:  50.0 R:  43.8 F1:  45.8 | time: 0.0439s
                                                                  | loss: 6.7556 Ac:  50.00 P:  31.2 R:  37.5 F1:  33.3 | time: 0.0150s
Epoch: 0175 | loss: 0.0079 Ac: 100.00 P:  75.0 R:  75.0 F1:  75.0 | loss: 5.1498 Ac:  56.25 P:  50.0 R:  43.8 F1:  45.8 | time: 0.0399s
                                                                  | loss: 6.7603 Ac:  50.00 P:  31.2 R:  37.5 F1:  33.3 | time: 0.0150s
Epoch: 0176 | loss: 0.0023 Ac: 100.00 P:  75.0 R:  75.0 F1:  75.0 | loss: 5.1568 Ac:  56.25 P:  50.0 R:  43.8 F1:  45.8 | time: 0.0499s
                                                                  | loss: 6.7695 Ac:  50.00 P:  31.2 R:  37.5 F1:  33.3 | time: 0.0170s
Epoch: 0177 | loss: 0.0055 Ac: 100.00 P:  75.0 R:  75.0 F1:  75.0 | loss: 5.1625 Ac:  56.25 P:  50.0 R:  43.8 F1:  45.8 | time: 0.0469s
                                                                  | loss: 6.7770 Ac:  50.00 P:  31.2 R:  37.5 F1:  33.3 | time: 0.0150s
Epoch: 0178 | loss: 0.0097 Ac: 100.00 P:  75.0 R:  75.0 F1:  75.0 | loss: 5.1666 Ac:  56.25 P:  50.0 R:  43.8 F1:  45.8 | time: 0.0449s
                                                                  | loss: 6.7827 Ac:  50.00 P:  31.2 R:  37.5 F1:  33.3 | time: 0.0180s
Epoch: 0179 | loss: 0.0032 Ac: 100.00 P:  75.0 R:  75.0 F1:  75.0 | loss: 5.1701 Ac:  56.25 P:  50.0 R:  43.8 F1:  45.8 | time: 0.0479s
                                                                  | loss: 6.7877 Ac:  50.00 P:  31.2 R:  37.5 F1:  33.3 | time: 0.0150s
Epoch: 0180 | loss: 0.0191 Ac: 100.00 P:  75.0 R:  75.0 F1:  75.0 | loss: 5.1745 Ac:  56.25 P:  50.0 R:  43.8 F1:  45.8 | time: 0.0469s
                                                                  | loss: 6.7939 Ac:  50.00 P:  31.2 R:  37.5 F1:  33.3 | time: 0.0160s
Epoch: 0181 | loss: 0.0032 Ac: 100.00 P:  75.0 R:  75.0 F1:  75.0 | loss: 5.1780 Ac:  56.25 P:  50.0 R:  43.8 F1:  45.8 | time: 0.0479s
                                                                  | loss: 6.7987 Ac:  50.00 P:  31.2 R:  37.5 F1:  33.3 | time: 0.0150s
Epoch: 0182 | loss: 0.0018 Ac: 100.00 P:  75.0 R:  75.0 F1:  75.0 | loss: 5.1814 Ac:  56.25 P:  50.0 R:  43.8 F1:  45.8 | time: 0.0454s
                                                                  | loss: 6.8032 Ac:  50.00 P:  31.2 R:  37.5 F1:  33.3 | time: 0.0172s
Epoch: 0183 | loss: 0.0048 Ac: 100.00 P:  75.0 R:  75.0 F1:  75.0 | loss: 5.1886 Ac:  56.25 P:  50.0 R:  43.8 F1:  45.8 | time: 0.0461s
                                                                  | loss: 6.8133 Ac:  50.00 P:  31.2 R:  37.5 F1:  33.3 | time: 0.0180s
Epoch: 0184 | loss: 0.0017 Ac: 100.00 P:  75.0 R:  75.0 F1:  75.0 | loss: 5.1979 Ac:  56.25 P:  50.0 R:  43.8 F1:  45.8 | time: 0.0439s
                                                                  | loss: 6.8260 Ac:  50.00 P:  31.2 R:  37.5 F1:  33.3 | time: 0.0140s
Epoch: 0185 | loss: 0.0043 Ac: 100.00 P:  75.0 R:  75.0 F1:  75.0 | loss: 5.2060 Ac:  56.25 P:  50.0 R:  43.8 F1:  45.8 | time: 0.0509s
                                                                  | loss: 6.8378 Ac:  50.00 P:  31.2 R:  37.5 F1:  33.3 | time: 0.0180s
Epoch: 0186 | loss: 0.0014 Ac: 100.00 P:  75.0 R:  75.0 F1:  75.0 | loss: 5.2131 Ac:  56.25 P:  50.0 R:  43.8 F1:  45.8 | time: 0.0469s
                                                                  | loss: 6.8482 Ac:  50.00 P:  31.2 R:  37.5 F1:  33.3 | time: 0.0180s
Epoch: 0187 | loss: 0.0012 Ac: 100.00 P:  75.0 R:  75.0 F1:  75.0 | loss: 5.2190 Ac:  56.25 P:  50.0 R:  43.8 F1:  45.8 | time: 0.0459s
                                                                  | loss: 6.8564 Ac:  50.00 P:  31.2 R:  37.5 F1:  33.3 | time: 0.0170s
Epoch: 0188 | loss: 0.0012 Ac: 100.00 P:  75.0 R:  75.0 F1:  75.0 | loss: 5.2259 Ac:  56.25 P:  50.0 R:  43.8 F1:  45.8 | time: 0.0429s
                                                                  | loss: 6.8665 Ac:  50.00 P:  31.2 R:  37.5 F1:  33.3 | time: 0.0120s
Epoch: 0189 | loss: 0.0024 Ac: 100.00 P:  75.0 R:  75.0 F1:  75.0 | loss: 5.2343 Ac:  56.25 P:  50.0 R:  43.8 F1:  45.8 | time: 0.0474s
                                                                  | loss: 6.8789 Ac:  50.00 P:  31.2 R:  37.5 F1:  33.3 | time: 0.0189s
Epoch: 0190 | loss: 0.0007 Ac: 100.00 P:  75.0 R:  75.0 F1:  75.0 | loss: 5.2425 Ac:  56.25 P:  50.0 R:  43.8 F1:  45.8 | time: 0.0469s
                                                                  | loss: 6.8907 Ac:  50.00 P:  31.2 R:  37.5 F1:  33.3 | time: 0.0160s
Epoch: 0191 | loss: 0.0016 Ac: 100.00 P:  75.0 R:  75.0 F1:  75.0 | loss: 5.2504 Ac:  56.25 P:  50.0 R:  43.8 F1:  45.8 | time: 0.0479s
                                                                  | loss: 6.9015 Ac:  50.00 P:  31.2 R:  37.5 F1:  33.3 | time: 0.0170s
Epoch: 0192 | loss: 0.0005 Ac: 100.00 P:  75.0 R:  75.0 F1:  75.0 | loss: 5.2574 Ac:  56.25 P:  50.0 R:  43.8 F1:  45.8 | time: 0.0469s
                                                                  | loss: 6.9111 Ac:  50.00 P:  31.2 R:  37.5 F1:  33.3 | time: 0.0170s
Epoch: 0193 | loss: 0.0039 Ac: 100.00 P:  75.0 R:  75.0 F1:  75.0 | loss: 5.2635 Ac:  56.25 P:  50.0 R:  43.8 F1:  45.8 | time: 0.0479s
                                                                  | loss: 6.9203 Ac:  50.00 P:  31.2 R:  37.5 F1:  33.3 | time: 0.0140s
Epoch: 0194 | loss: 0.0021 Ac: 100.00 P:  75.0 R:  75.0 F1:  75.0 | loss: 5.2688 Ac:  56.25 P:  50.0 R:  43.8 F1:  45.8 | time: 0.0409s
                                                                  | loss: 6.9281 Ac:  50.00 P:  31.2 R:  37.5 F1:  33.3 | time: 0.0189s
Epoch: 0195 | loss: 0.0127 Ac: 100.00 P:  75.0 R:  75.0 F1:  75.0 | loss: 5.3046 Ac:  56.25 P:  50.0 R:  43.8 F1:  45.8 | time: 0.0489s
                                                                  | loss: 6.9712 Ac:  50.00 P:  31.2 R:  37.5 F1:  33.3 | time: 0.0180s
Epoch: 0196 | loss: 0.0023 Ac: 100.00 P:  75.0 R:  75.0 F1:  75.0 | loss: 5.3353 Ac:  56.25 P:  50.0 R:  43.8 F1:  45.8 | time: 0.0439s
                                                                  | loss: 7.0081 Ac:  50.00 P:  31.2 R:  37.5 F1:  33.3 | time: 0.0189s
Epoch: 0197 | loss: 0.0072 Ac: 100.00 P:  75.0 R:  75.0 F1:  75.0 | loss: 5.3636 Ac:  56.25 P:  50.0 R:  43.8 F1:  45.8 | time: 0.0429s
                                                                  | loss: 7.0412 Ac:  50.00 P:  31.2 R:  37.5 F1:  33.3 | time: 0.0380s
Epoch: 0198 | loss: 0.0008 Ac: 100.00 P:  75.0 R:  75.0 F1:  75.0 | loss: 5.3892 Ac:  56.25 P:  50.0 R:  43.8 F1:  45.8 | time: 0.0539s
                                                                  | loss: 7.0714 Ac:  50.00 P:  31.2 R:  37.5 F1:  33.3 | time: 0.0179s
Epoch: 0199 | loss: 0.0018 Ac: 100.00 P:  75.0 R:  75.0 F1:  75.0 | loss: 5.4121 Ac:  56.25 P:  50.0 R:  43.8 F1:  45.8 | time: 0.0728s
                                                                  | loss: 7.0982 Ac:  50.00 P:  31.2 R:  37.5 F1:  33.3 | time: 0.0170s
Epoch: 0200 | loss: 0.0013 Ac: 100.00 P:  75.0 R:  75.0 F1:  75.0 | loss: 5.4322 Ac:  56.25 P:  50.0 R:  43.8 F1:  45.8 | time: 0.0469s
                                                                  | loss: 7.1218 Ac:  50.00 P:  31.2 R:  37.5 F1:  33.3 | time: 0.0140s
Epoch: 0201 | loss: 0.0008 Ac: 100.00 P:  75.0 R:  75.0 F1:  75.0 | loss: 5.4500 Ac:  56.25 P:  50.0 R:  43.8 F1:  45.8 | time: 0.0399s
                                                                  | loss: 7.1426 Ac:  50.00 P:  31.2 R:  37.5 F1:  33.3 | time: 0.0150s
Epoch: 0202 | loss: 0.0020 Ac: 100.00 P:  75.0 R:  75.0 F1:  75.0 | loss: 5.4659 Ac:  56.25 P:  50.0 R:  43.8 F1:  45.8 | time: 0.0399s
                                                                  | loss: 7.1612 Ac:  50.00 P:  31.2 R:  37.5 F1:  33.3 | time: 0.0150s
Epoch: 0203 | loss: 0.0023 Ac: 100.00 P:  75.0 R:  75.0 F1:  75.0 | loss: 5.4810 Ac:  56.25 P:  50.0 R:  43.8 F1:  45.8 | time: 0.0469s
                                                                  | loss: 7.1792 Ac:  50.00 P:  31.2 R:  37.5 F1:  33.3 | time: 0.0160s
Epoch: 0204 | loss: 0.0025 Ac: 100.00 P:  75.0 R:  75.0 F1:  75.0 | loss: 5.4939 Ac:  56.25 P:  50.0 R:  43.8 F1:  45.8 | time: 0.0449s
                                                                  | loss: 7.1947 Ac:  50.00 P:  31.2 R:  37.5 F1:  33.3 | time: 0.0160s
Epoch: 0205 | loss: 0.0030 Ac: 100.00 P:  75.0 R:  75.0 F1:  75.0 | loss: 5.5050 Ac:  56.25 P:  50.0 R:  43.8 F1:  45.8 | time: 0.0429s
                                                                  | loss: 7.2078 Ac:  50.00 P:  31.2 R:  37.5 F1:  33.3 | time: 0.0170s
Epoch: 0206 | loss: 0.0291 Ac: 100.00 P:  75.0 R:  75.0 F1:  75.0 | loss: 5.5426 Ac:  56.25 P:  50.0 R:  43.8 F1:  45.8 | time: 0.0469s
                                                                  | loss: 7.2539 Ac:  50.00 P:  31.2 R:  37.5 F1:  33.3 | time: 0.0150s
Epoch: 0207 | loss: 0.0016 Ac: 100.00 P:  75.0 R:  75.0 F1:  75.0 | loss: 5.5754 Ac:  56.25 P:  50.0 R:  43.8 F1:  45.8 | time: 0.0469s
                                                                  | loss: 7.2937 Ac:  50.00 P:  31.2 R:  37.5 F1:  33.3 | time: 0.0160s
Epoch: 0208 | loss: 0.0038 Ac: 100.00 P:  75.0 R:  75.0 F1:  75.0 | loss: 5.6059 Ac:  56.25 P:  50.0 R:  43.8 F1:  45.8 | time: 0.0459s
                                                                  | loss: 7.3312 Ac:  50.00 P:  31.2 R:  37.5 F1:  33.3 | time: 0.0140s
Epoch: 0209 | loss: 0.0016 Ac: 100.00 P:  75.0 R:  75.0 F1:  75.0 | loss: 5.6328 Ac:  56.25 P:  50.0 R:  43.8 F1:  45.8 | time: 0.0469s
                                                                  | loss: 7.3645 Ac:  50.00 P:  31.2 R:  37.5 F1:  33.3 | time: 0.0170s
Epoch: 0210 | loss: 0.0012 Ac: 100.00 P:  75.0 R:  75.0 F1:  75.0 | loss: 5.6569 Ac:  56.25 P:  50.0 R:  43.8 F1:  45.8 | time: 0.0469s
                                                                  | loss: 7.3941 Ac:  50.00 P:  31.2 R:  37.5 F1:  33.3 | time: 0.0150s
Epoch: 0211 | loss: 0.0016 Ac: 100.00 P:  75.0 R:  75.0 F1:  75.0 | loss: 5.6774 Ac:  56.25 P:  50.0 R:  43.8 F1:  45.8 | time: 0.0409s
                                                                  | loss: 7.4193 Ac:  50.00 P:  31.2 R:  37.5 F1:  33.3 | time: 0.0170s
Epoch: 0212 | loss: 0.0021 Ac: 100.00 P:  75.0 R:  75.0 F1:  75.0 | loss: 5.6956 Ac:  56.25 P:  50.0 R:  43.8 F1:  45.8 | time: 0.0439s
                                                                  | loss: 7.4413 Ac:  50.00 P:  31.2 R:  37.5 F1:  33.3 | time: 0.0166s
Epoch: 0213 | loss: 0.0023 Ac: 100.00 P:  75.0 R:  75.0 F1:  75.0 | loss: 5.7116 Ac:  56.25 P:  50.0 R:  43.8 F1:  45.8 | time: 0.0476s
                                                                  | loss: 7.4606 Ac:  50.00 P:  31.2 R:  37.5 F1:  33.3 | time: 0.0165s
Epoch: 0214 | loss: 0.0016 Ac: 100.00 P:  75.0 R:  75.0 F1:  75.0 | loss: 5.7258 Ac:  56.25 P:  50.0 R:  43.8 F1:  45.8 | time: 0.0449s
                                                                  | loss: 7.4773 Ac:  50.00 P:  31.2 R:  37.5 F1:  33.3 | time: 0.0169s
Epoch: 0215 | loss: 0.0003 Ac: 100.00 P:  75.0 R:  75.0 F1:  75.0 | loss: 5.7384 Ac:  56.25 P:  50.0 R:  43.8 F1:  45.8 | time: 0.0429s
                                                                  | loss: 7.4921 Ac:  50.00 P:  31.2 R:  37.5 F1:  33.3 | time: 0.0180s
Epoch: 0216 | loss: 0.0006 Ac: 100.00 P:  75.0 R:  75.0 F1:  75.0 | loss: 5.7500 Ac:  56.25 P:  50.0 R:  43.8 F1:  45.8 | time: 0.0489s
                                                                  | loss: 7.5055 Ac:  50.00 P:  31.2 R:  37.5 F1:  33.3 | time: 0.0149s
Epoch: 0217 | loss: 0.0026 Ac: 100.00 P:  75.0 R:  75.0 F1:  75.0 | loss: 5.7604 Ac:  56.25 P:  50.0 R:  43.8 F1:  45.8 | time: 0.0489s
                                                                  | loss: 7.5172 Ac:  50.00 P:  31.2 R:  37.5 F1:  33.3 | time: 0.0160s
Epoch: 0218 | loss: 0.0027 Ac: 100.00 P:  75.0 R:  75.0 F1:  75.0 | loss: 5.7678 Ac:  56.25 P:  50.0 R:  43.8 F1:  45.8 | time: 0.0499s
                                                                  | loss: 7.5252 Ac:  50.00 P:  31.2 R:  37.5 F1:  33.3 | time: 0.0180s
Epoch: 0219 | loss: 0.0008 Ac: 100.00 P:  75.0 R:  75.0 F1:  75.0 | loss: 5.7743 Ac:  56.25 P:  50.0 R:  43.8 F1:  45.8 | time: 0.0489s
                                                                  | loss: 7.5322 Ac:  50.00 P:  31.2 R:  37.5 F1:  33.3 | time: 0.0170s
Epoch: 0220 | loss: 0.0046 Ac: 100.00 P:  75.0 R:  75.0 F1:  75.0 | loss: 5.7821 Ac:  56.25 P:  50.0 R:  43.8 F1:  45.8 | time: 0.0469s
                                                                  | loss: 7.5426 Ac:  50.00 P:  31.2 R:  37.5 F1:  33.3 | time: 0.0180s
Epoch: 0221 | loss: 0.0037 Ac: 100.00 P:  75.0 R:  75.0 F1:  75.0 | loss: 5.7891 Ac:  56.25 P:  50.0 R:  43.8 F1:  45.8 | time: 0.0429s
                                                                  | loss: 7.5519 Ac:  50.00 P:  31.2 R:  37.5 F1:  33.3 | time: 0.0140s
Epoch: 0222 | loss: 0.0135 Ac: 100.00 P:  75.0 R:  75.0 F1:  75.0 | loss: 5.7933 Ac:  56.25 P:  50.0 R:  43.8 F1:  45.8 | time: 0.0429s
                                                                  | loss: 7.5597 Ac:  50.00 P:  31.2 R:  37.5 F1:  33.3 | time: 0.0150s
Epoch: 0223 | loss: 0.0047 Ac: 100.00 P:  75.0 R:  75.0 F1:  75.0 | loss: 5.7961 Ac:  56.25 P:  50.0 R:  43.8 F1:  45.8 | time: 0.0419s
                                                                  | loss: 7.5656 Ac:  50.00 P:  31.2 R:  37.5 F1:  33.3 | time: 0.0145s
Epoch: 0224 | loss: 0.0022 Ac: 100.00 P:  75.0 R:  75.0 F1:  75.0 | loss: 5.7987 Ac:  56.25 P:  50.0 R:  43.8 F1:  45.8 | time: 0.0509s
                                                                  | loss: 7.5713 Ac:  50.00 P:  31.2 R:  37.5 F1:  33.3 | time: 0.0170s
Epoch: 0225 | loss: 0.0031 Ac: 100.00 P:  75.0 R:  75.0 F1:  75.0 | loss: 5.8000 Ac:  56.25 P:  50.0 R:  43.8 F1:  45.8 | time: 0.0409s
                                                                  | loss: 7.5755 Ac:  50.00 P:  31.2 R:  37.5 F1:  33.3 | time: 0.0160s
Epoch: 0226 | loss: 0.0014 Ac: 100.00 P:  75.0 R:  75.0 F1:  75.0 | loss: 5.8015 Ac:  56.25 P:  50.0 R:  43.8 F1:  45.8 | time: 0.0409s
                                                                  | loss: 7.5797 Ac:  50.00 P:  31.2 R:  37.5 F1:  33.3 | time: 0.0180s
Epoch: 0227 | loss: 0.0006 Ac: 100.00 P:  75.0 R:  75.0 F1:  75.0 | loss: 5.8030 Ac:  56.25 P:  50.0 R:  43.8 F1:  45.8 | time: 0.0459s
                                                                  | loss: 7.5837 Ac:  50.00 P:  31.2 R:  37.5 F1:  33.3 | time: 0.0150s
Epoch: 0228 | loss: 0.0024 Ac: 100.00 P:  75.0 R:  75.0 F1:  75.0 | loss: 5.8039 Ac:  56.25 P:  50.0 R:  43.8 F1:  45.8 | time: 0.0439s
                                                                  | loss: 7.5869 Ac:  50.00 P:  31.2 R:  37.5 F1:  33.3 | time: 0.0150s
Epoch: 0229 | loss: 0.0027 Ac: 100.00 P:  75.0 R:  75.0 F1:  75.0 | loss: 5.8042 Ac:  56.25 P:  50.0 R:  43.8 F1:  45.8 | time: 0.0464s
                                                                  | loss: 7.5894 Ac:  50.00 P:  31.2 R:  37.5 F1:  33.3 | time: 0.0160s
Epoch: 0230 | loss: 0.0016 Ac: 100.00 P:  75.0 R:  75.0 F1:  75.0 | loss: 5.8045 Ac:  56.25 P:  50.0 R:  43.8 F1:  45.8 | time: 0.0419s
                                                                  | loss: 7.5919 Ac:  50.00 P:  31.2 R:  37.5 F1:  33.3 | time: 0.0150s
Epoch: 0231 | loss: 0.0008 Ac: 100.00 P:  75.0 R:  75.0 F1:  75.0 | loss: 5.8046 Ac:  56.25 P:  50.0 R:  43.8 F1:  45.8 | time: 0.0459s
                                                                  | loss: 7.5940 Ac:  50.00 P:  31.2 R:  37.5 F1:  33.3 | time: 0.0160s
Epoch: 0232 | loss: 0.0017 Ac: 100.00 P:  75.0 R:  75.0 F1:  75.0 | loss: 5.8046 Ac:  56.25 P:  50.0 R:  43.8 F1:  45.8 | time: 0.0459s
                                                                  | loss: 7.5955 Ac:  50.00 P:  31.2 R:  37.5 F1:  33.3 | time: 0.0130s
Epoch: 0233 | loss: 0.0011 Ac: 100.00 P:  75.0 R:  75.0 F1:  75.0 | loss: 5.8047 Ac:  56.25 P:  50.0 R:  43.8 F1:  45.8 | time: 0.0489s
                                                                  | loss: 7.5974 Ac:  50.00 P:  31.2 R:  37.5 F1:  33.3 | time: 0.0150s
Epoch: 0234 | loss: 0.0018 Ac: 100.00 P:  75.0 R:  75.0 F1:  75.0 | loss: 5.8045 Ac:  56.25 P:  50.0 R:  43.8 F1:  45.8 | time: 0.0409s
                                                                  | loss: 7.5988 Ac:  50.00 P:  31.2 R:  37.5 F1:  33.3 | time: 0.0179s
Epoch: 0235 | loss: 0.0006 Ac: 100.00 P:  75.0 R:  75.0 F1:  75.0 | loss: 5.8043 Ac:  56.25 P:  50.0 R:  43.8 F1:  45.8 | time: 0.0439s
                                                                  | loss: 7.6001 Ac:  50.00 P:  31.2 R:  37.5 F1:  33.3 | time: 0.0199s
Epoch: 0236 | loss: 0.0018 Ac: 100.00 P:  75.0 R:  75.0 F1:  75.0 | loss: 5.8042 Ac:  56.25 P:  50.0 R:  43.8 F1:  45.8 | time: 0.0469s
                                                                  | loss: 7.6014 Ac:  50.00 P:  31.2 R:  37.5 F1:  33.3 | time: 0.0149s
Epoch: 0237 | loss: 0.0010 Ac: 100.00 P:  75.0 R:  75.0 F1:  75.0 | loss: 5.8045 Ac:  56.25 P:  50.0 R:  43.8 F1:  45.8 | time: 0.0479s
                                                                  | loss: 7.6031 Ac:  50.00 P:  31.2 R:  37.5 F1:  33.3 | time: 0.0170s
Epoch: 0238 | loss: 0.0004 Ac: 100.00 P:  75.0 R:  75.0 F1:  75.0 | loss: 5.8048 Ac:  56.25 P:  50.0 R:  43.8 F1:  45.8 | time: 0.0788s
                                                                  | loss: 7.6046 Ac:  50.00 P:  31.2 R:  37.5 F1:  33.3 | time: 0.0189s
Epoch: 0239 | loss: 0.0025 Ac: 100.00 P:  75.0 R:  75.0 F1:  75.0 | loss: 5.8049 Ac:  56.25 P:  50.0 R:  43.8 F1:  45.8 | time: 0.0519s
                                                                  | loss: 7.6059 Ac:  50.00 P:  31.2 R:  37.5 F1:  33.3 | time: 0.0150s
Epoch: 0240 | loss: 0.0014 Ac: 100.00 P:  75.0 R:  75.0 F1:  75.0 | loss: 5.8054 Ac:  56.25 P:  50.0 R:  43.8 F1:  45.8 | time: 0.0409s
                                                                  | loss: 7.6077 Ac:  50.00 P:  31.2 R:  37.5 F1:  33.3 | time: 0.0170s
Epoch: 0241 | loss: 0.0021 Ac: 100.00 P:  75.0 R:  75.0 F1:  75.0 | loss: 5.8057 Ac:  56.25 P:  50.0 R:  43.8 F1:  45.8 | time: 0.0439s
                                                                  | loss: 7.6088 Ac:  50.00 P:  31.2 R:  37.5 F1:  33.3 | time: 0.0160s
Epoch: 0242 | loss: 0.0006 Ac: 100.00 P:  75.0 R:  75.0 F1:  75.0 | loss: 5.8064 Ac:  56.25 P:  50.0 R:  43.8 F1:  45.8 | time: 0.0489s
                                                                  | loss: 7.6104 Ac:  50.00 P:  31.2 R:  37.5 F1:  33.3 | time: 0.0160s
Epoch: 0243 | loss: 0.0011 Ac: 100.00 P:  75.0 R:  75.0 F1:  75.0 | loss: 5.8071 Ac:  56.25 P:  50.0 R:  43.8 F1:  45.8 | time: 0.0389s
                                                                  | loss: 7.6118 Ac:  50.00 P:  31.2 R:  37.5 F1:  33.3 | time: 0.0150s
Epoch: 0244 | loss: 0.0006 Ac: 100.00 P:  75.0 R:  75.0 F1:  75.0 | loss: 5.8075 Ac:  56.25 P:  50.0 R:  43.8 F1:  45.8 | time: 0.0474s
                                                                  | loss: 7.6128 Ac:  50.00 P:  31.2 R:  37.5 F1:  33.3 | time: 0.0160s
Epoch: 0245 | loss: 0.0028 Ac: 100.00 P:  75.0 R:  75.0 F1:  75.0 | loss: 5.8065 Ac:  56.25 P:  50.0 R:  43.8 F1:  45.8 | time: 0.0449s
                                                                  | loss: 7.6123 Ac:  50.00 P:  31.2 R:  37.5 F1:  33.3 | time: 0.0150s
Epoch: 0246 | loss: 0.0023 Ac: 100.00 P:  75.0 R:  75.0 F1:  75.0 | loss: 5.8061 Ac:  56.25 P:  50.0 R:  43.8 F1:  45.8 | time: 0.0389s
                                                                  | loss: 7.6126 Ac:  50.00 P:  31.2 R:  37.5 F1:  33.3 | time: 0.0160s
Epoch: 0247 | loss: 0.0015 Ac: 100.00 P:  75.0 R:  75.0 F1:  75.0 | loss: 5.8056 Ac:  56.25 P:  50.0 R:  43.8 F1:  45.8 | time: 0.0449s
                                                                  | loss: 7.6128 Ac:  50.00 P:  31.2 R:  37.5 F1:  33.3 | time: 0.0180s
Epoch: 0248 | loss: 0.0017 Ac: 100.00 P:  75.0 R:  75.0 F1:  75.0 | loss: 5.8050 Ac:  56.25 P:  50.0 R:  43.8 F1:  45.8 | time: 0.0509s
                                                                  | loss: 7.6129 Ac:  50.00 P:  31.2 R:  37.5 F1:  33.3 | time: 0.0170s
Epoch: 0249 | loss: 0.0027 Ac: 100.00 P:  75.0 R:  75.0 F1:  75.0 | loss: 5.8057 Ac:  56.25 P:  50.0 R:  43.8 F1:  45.8 | time: 0.0489s
                                                                  | loss: 7.6143 Ac:  50.00 P:  31.2 R:  37.5 F1:  33.3 | time: 0.0150s
Epoch: 0250 | loss: 0.0011 Ac: 100.00 P:  75.0 R:  75.0 F1:  75.0 | loss: 5.8065 Ac:  56.25 P:  50.0 R:  43.8 F1:  45.8 | time: 0.0399s
                                                                  | loss: 7.6158 Ac:  50.00 P:  31.2 R:  37.5 F1:  33.3 | time: 0.0170s
Epoch: 0251 | loss: 0.0030 Ac: 100.00 P:  75.0 R:  75.0 F1:  75.0 | loss: 5.8069 Ac:  56.25 P:  50.0 R:  43.8 F1:  45.8 | time: 0.0469s
                                                                  | loss: 7.6170 Ac:  50.00 P:  31.2 R:  37.5 F1:  33.3 | time: 0.0180s
Epoch: 0252 | loss: 0.0005 Ac: 100.00 P:  75.0 R:  75.0 F1:  75.0 | loss: 5.8075 Ac:  56.25 P:  50.0 R:  43.8 F1:  45.8 | time: 0.0519s
                                                                  | loss: 7.6183 Ac:  50.00 P:  31.2 R:  37.5 F1:  33.3 | time: 0.0150s
Epoch: 0253 | loss: 0.0008 Ac: 100.00 P:  75.0 R:  75.0 F1:  75.0 | loss: 5.8080 Ac:  56.25 P:  50.0 R:  43.8 F1:  45.8 | time: 0.0499s
                                                                  | loss: 7.6196 Ac:  50.00 P:  31.2 R:  37.5 F1:  33.3 | time: 0.0180s
Epoch: 0254 | loss: 0.0007 Ac: 100.00 P:  75.0 R:  75.0 F1:  75.0 | loss: 5.8087 Ac:  56.25 P:  50.0 R:  43.8 F1:  45.8 | time: 0.0445s
                                                                  | loss: 7.6211 Ac:  50.00 P:  31.2 R:  37.5 F1:  33.3 | time: 0.0160s
Epoch: 0255 | loss: 0.0007 Ac: 100.00 P:  75.0 R:  75.0 F1:  75.0 | loss: 5.8091 Ac:  56.25 P:  50.0 R:  43.8 F1:  45.8 | time: 0.0479s
                                                                  | loss: 7.6221 Ac:  50.00 P:  31.2 R:  37.5 F1:  33.3 | time: 0.0160s
Epoch: 0256 | loss: 0.0007 Ac: 100.00 P:  75.0 R:  75.0 F1:  75.0 | loss: 5.8093 Ac:  56.25 P:  50.0 R:  43.8 F1:  45.8 | time: 0.0424s
                                                                  | loss: 7.6228 Ac:  50.00 P:  31.2 R:  37.5 F1:  33.3 | time: 0.0120s
Epoch: 0257 | loss: 0.0037 Ac: 100.00 P:  75.0 R:  75.0 F1:  75.0 | loss: 5.8094 Ac:  56.25 P:  50.0 R:  43.8 F1:  45.8 | time: 0.0439s
                                                                  | loss: 7.6235 Ac:  50.00 P:  31.2 R:  37.5 F1:  33.3 | time: 0.0170s
Epoch: 0258 | loss: 0.0007 Ac: 100.00 P:  75.0 R:  75.0 F1:  75.0 | loss: 5.8091 Ac:  56.25 P:  50.0 R:  43.8 F1:  45.8 | time: 0.0419s
                                                                  | loss: 7.6236 Ac:  50.00 P:  31.2 R:  37.5 F1:  33.3 | time: 0.0180s
Epoch: 0259 | loss: 0.0009 Ac: 100.00 P:  75.0 R:  75.0 F1:  75.0 | loss: 5.8087 Ac:  56.25 P:  50.0 R:  43.8 F1:  45.8 | time: 0.0419s
                                                                  | loss: 7.6233 Ac:  50.00 P:  31.2 R:  37.5 F1:  33.3 | time: 0.0150s
Epoch: 0260 | loss: 0.0007 Ac: 100.00 P:  75.0 R:  75.0 F1:  75.0 | loss: 5.8081 Ac:  56.25 P:  50.0 R:  43.8 F1:  45.8 | time: 0.0434s
                                                                  | loss: 7.6229 Ac:  50.00 P:  31.2 R:  37.5 F1:  33.3 | time: 0.0180s
Epoch: 0261 | loss: 0.0003 Ac: 100.00 P:  75.0 R:  75.0 F1:  75.0 | loss: 5.8080 Ac:  56.25 P:  50.0 R:  43.8 F1:  45.8 | time: 0.0479s
                                                                  | loss: 7.6230 Ac:  50.00 P:  31.2 R:  37.5 F1:  33.3 | time: 0.0130s
Epoch: 0262 | loss: 0.0004 Ac: 100.00 P:  75.0 R:  75.0 F1:  75.0 | loss: 5.8080 Ac:  56.25 P:  50.0 R:  43.8 F1:  45.8 | time: 0.0409s
                                                                  | loss: 7.6233 Ac:  50.00 P:  31.2 R:  37.5 F1:  33.3 | time: 0.0189s
Epoch: 0263 | loss: 0.0013 Ac: 100.00 P:  75.0 R:  75.0 F1:  75.0 | loss: 5.8077 Ac:  56.25 P:  50.0 R:  43.8 F1:  45.8 | time: 0.0449s
                                                                  | loss: 7.6229 Ac:  50.00 P:  31.2 R:  37.5 F1:  33.3 | time: 0.0161s
Epoch: 0264 | loss: 0.0015 Ac: 100.00 P:  75.0 R:  75.0 F1:  75.0 | loss: 5.8069 Ac:  56.25 P:  50.0 R:  43.8 F1:  45.8 | time: 0.0409s
                                                                  | loss: 7.6218 Ac:  50.00 P:  31.2 R:  37.5 F1:  33.3 | time: 0.0180s
Epoch: 0265 | loss: 0.0014 Ac: 100.00 P:  75.0 R:  75.0 F1:  75.0 | loss: 5.8064 Ac:  56.25 P:  50.0 R:  43.8 F1:  45.8 | time: 0.0519s
                                                                  | loss: 7.6211 Ac:  50.00 P:  31.2 R:  37.5 F1:  33.3 | time: 0.0175s
Epoch: 0266 | loss: 0.0003 Ac: 100.00 P:  75.0 R:  75.0 F1:  75.0 | loss: 5.8065 Ac:  56.25 P:  50.0 R:  43.8 F1:  45.8 | time: 0.0429s
                                                                  | loss: 7.6211 Ac:  50.00 P:  31.2 R:  37.5 F1:  33.3 | time: 0.0150s
Epoch: 0267 | loss: 0.0019 Ac: 100.00 P:  75.0 R:  75.0 F1:  75.0 | loss: 5.8064 Ac:  56.25 P:  50.0 R:  43.8 F1:  45.8 | time: 0.0459s
                                                                  | loss: 7.6208 Ac:  50.00 P:  31.2 R:  37.5 F1:  33.3 | time: 0.0170s
Epoch: 0268 | loss: 0.0010 Ac: 100.00 P:  75.0 R:  75.0 F1:  75.0 | loss: 5.8060 Ac:  56.25 P:  50.0 R:  43.8 F1:  45.8 | time: 0.0788s
                                                                  | loss: 7.6201 Ac:  50.00 P:  31.2 R:  37.5 F1:  33.3 | time: 0.0190s
Epoch: 0269 | loss: 0.0009 Ac: 100.00 P:  75.0 R:  75.0 F1:  75.0 | loss: 5.8059 Ac:  56.25 P:  50.0 R:  43.8 F1:  45.8 | time: 0.0409s
                                                                  | loss: 7.6198 Ac:  50.00 P:  31.2 R:  37.5 F1:  33.3 | time: 0.0170s
Epoch: 0270 | loss: 0.0022 Ac: 100.00 P:  75.0 R:  75.0 F1:  75.0 | loss: 5.8058 Ac:  56.25 P:  50.0 R:  43.8 F1:  45.8 | time: 0.0459s
                                                                  | loss: 7.6191 Ac:  50.00 P:  31.2 R:  37.5 F1:  33.3 | time: 0.0160s
Epoch: 0271 | loss: 0.0015 Ac: 100.00 P:  75.0 R:  75.0 F1:  75.0 | loss: 5.8052 Ac:  56.25 P:  50.0 R:  43.8 F1:  45.8 | time: 0.0504s
                                                                  | loss: 7.6182 Ac:  50.00 P:  31.2 R:  37.5 F1:  33.3 | time: 0.0150s
Epoch: 0272 | loss: 0.0011 Ac: 100.00 P:  75.0 R:  75.0 F1:  75.0 | loss: 5.8054 Ac:  56.25 P:  50.0 R:  43.8 F1:  45.8 | time: 0.0440s
                                                                  | loss: 7.6181 Ac:  50.00 P:  31.2 R:  37.5 F1:  33.3 | time: 0.0160s
Epoch: 0273 | loss: 0.0008 Ac: 100.00 P:  75.0 R:  75.0 F1:  75.0 | loss: 5.8055 Ac:  56.25 P:  50.0 R:  43.8 F1:  45.8 | time: 0.0429s
                                                                  | loss: 7.6180 Ac:  50.00 P:  31.2 R:  37.5 F1:  33.3 | time: 0.0166s
Epoch: 0274 | loss: 0.0019 Ac: 100.00 P:  75.0 R:  75.0 F1:  75.0 | loss: 5.8067 Ac:  56.25 P:  50.0 R:  43.8 F1:  45.8 | time: 0.0509s
                                                                  | loss: 7.6192 Ac:  50.00 P:  31.2 R:  37.5 F1:  33.3 | time: 0.0170s
Epoch: 0275 | loss: 0.0013 Ac: 100.00 P:  75.0 R:  75.0 F1:  75.0 | loss: 5.8078 Ac:  56.25 P:  50.0 R:  43.8 F1:  45.8 | time: 0.0409s
                                                                  | loss: 7.6203 Ac:  50.00 P:  31.2 R:  37.5 F1:  33.3 | time: 0.0175s
Epoch: 0276 | loss: 0.0004 Ac: 100.00 P:  75.0 R:  75.0 F1:  75.0 | loss: 5.8087 Ac:  56.25 P:  50.0 R:  43.8 F1:  45.8 | time: 0.0409s
                                                                  | loss: 7.6214 Ac:  50.00 P:  31.2 R:  37.5 F1:  33.3 | time: 0.0170s
Epoch: 0277 | loss: 0.0011 Ac: 100.00 P:  75.0 R:  75.0 F1:  75.0 | loss: 5.8094 Ac:  56.25 P:  50.0 R:  43.8 F1:  45.8 | time: 0.0479s
                                                                  | loss: 7.6222 Ac:  50.00 P:  31.2 R:  37.5 F1:  33.3 | time: 0.0160s
Epoch: 0278 | loss: 0.0005 Ac: 100.00 P:  75.0 R:  75.0 F1:  75.0 | loss: 5.8099 Ac:  56.25 P:  50.0 R:  43.8 F1:  45.8 | time: 0.0459s
                                                                  | loss: 7.6229 Ac:  50.00 P:  31.2 R:  37.5 F1:  33.3 | time: 0.0180s
Epoch: 0279 | loss: 0.0005 Ac: 100.00 P:  75.0 R:  75.0 F1:  75.0 | loss: 5.8101 Ac:  56.25 P:  50.0 R:  43.8 F1:  45.8 | time: 0.0708s
                                                                  | loss: 7.6233 Ac:  50.00 P:  31.2 R:  37.5 F1:  33.3 | time: 0.0180s
Epoch: 0280 | loss: 0.0008 Ac: 100.00 P:  75.0 R:  75.0 F1:  75.0 | loss: 5.8108 Ac:  56.25 P:  50.0 R:  43.8 F1:  45.8 | time: 0.0469s
                                                                  | loss: 7.6241 Ac:  50.00 P:  31.2 R:  37.5 F1:  33.3 | time: 0.0170s
Epoch: 0281 | loss: 0.0046 Ac: 100.00 P:  75.0 R:  75.0 F1:  75.0 | loss: 5.8142 Ac:  56.25 P:  50.0 R:  43.8 F1:  45.8 | time: 0.0449s
                                                                  | loss: 7.6261 Ac:  50.00 P:  31.2 R:  37.5 F1:  33.3 | time: 0.0160s
Epoch: 0282 | loss: 0.0005 Ac: 100.00 P:  75.0 R:  75.0 F1:  75.0 | loss: 5.8171 Ac:  56.25 P:  50.0 R:  43.8 F1:  45.8 | time: 0.0429s
                                                                  | loss: 7.6279 Ac:  50.00 P:  31.2 R:  37.5 F1:  33.3 | time: 0.0170s
Epoch: 0283 | loss: 0.0005 Ac: 100.00 P:  75.0 R:  75.0 F1:  75.0 | loss: 5.8196 Ac:  56.25 P:  50.0 R:  43.8 F1:  45.8 | time: 0.0449s
                                                                  | loss: 7.6292 Ac:  50.00 P:  31.2 R:  37.5 F1:  33.3 | time: 0.0160s
Epoch: 0284 | loss: 0.0012 Ac: 100.00 P:  75.0 R:  75.0 F1:  75.0 | loss: 5.8216 Ac:  56.25 P:  50.0 R:  43.8 F1:  45.8 | time: 0.0449s
                                                                  | loss: 7.6302 Ac:  50.00 P:  31.2 R:  37.5 F1:  33.3 | time: 0.0140s
Epoch: 0285 | loss: 0.0003 Ac: 100.00 P:  75.0 R:  75.0 F1:  75.0 | loss: 5.8233 Ac:  56.25 P:  50.0 R:  43.8 F1:  45.8 | time: 0.0429s
                                                                  | loss: 7.6311 Ac:  50.00 P:  31.2 R:  37.5 F1:  33.3 | time: 0.0160s
Epoch: 0286 | loss: 0.0004 Ac: 100.00 P:  75.0 R:  75.0 F1:  75.0 | loss: 5.8247 Ac:  56.25 P:  50.0 R:  43.8 F1:  45.8 | time: 0.0459s
                                                                  | loss: 7.6318 Ac:  50.00 P:  31.2 R:  37.5 F1:  33.3 | time: 0.0160s
Epoch: 0287 | loss: 0.0010 Ac: 100.00 P:  75.0 R:  75.0 F1:  75.0 | loss: 5.8258 Ac:  56.25 P:  50.0 R:  43.8 F1:  45.8 | time: 0.0409s
                                                                  | loss: 7.6322 Ac:  50.00 P:  31.2 R:  37.5 F1:  33.3 | time: 0.0180s
Epoch: 0288 | loss: 0.0004 Ac: 100.00 P:  75.0 R:  75.0 F1:  75.0 | loss: 5.8268 Ac:  56.25 P:  50.0 R:  43.8 F1:  45.8 | time: 0.0439s
                                                                  | loss: 7.6328 Ac:  50.00 P:  31.2 R:  37.5 F1:  33.3 | time: 0.0170s
Epoch: 0289 | loss: 0.0015 Ac: 100.00 P:  75.0 R:  75.0 F1:  75.0 | loss: 5.8279 Ac:  56.25 P:  50.0 R:  43.8 F1:  45.8 | time: 0.0479s
                                                                  | loss: 7.6336 Ac:  50.00 P:  31.2 R:  37.5 F1:  33.3 | time: 0.0170s
Epoch: 0290 | loss: 0.0057 Ac: 100.00 P:  75.0 R:  75.0 F1:  75.0 | loss: 5.8236 Ac:  56.25 P:  50.0 R:  43.8 F1:  45.8 | time: 0.0479s
                                                                  | loss: 7.6289 Ac:  50.00 P:  31.2 R:  37.5 F1:  33.3 | time: 0.0170s
Epoch: 0291 | loss: 0.0019 Ac: 100.00 P:  75.0 R:  75.0 F1:  75.0 | loss: 5.8192 Ac:  56.25 P:  50.0 R:  43.8 F1:  45.8 | time: 0.0455s
                                                                  | loss: 7.6244 Ac:  50.00 P:  31.2 R:  37.5 F1:  33.3 | time: 0.0140s
Epoch: 0292 | loss: 0.0004 Ac: 100.00 P:  75.0 R:  75.0 F1:  75.0 | loss: 5.8154 Ac:  56.25 P:  50.0 R:  43.8 F1:  45.8 | time: 0.0439s
                                                                  | loss: 7.6204 Ac:  50.00 P:  31.2 R:  37.5 F1:  33.3 | time: 0.0180s
Epoch: 0293 | loss: 0.0006 Ac: 100.00 P:  75.0 R:  75.0 F1:  75.0 | loss: 5.8120 Ac:  56.25 P:  50.0 R:  43.8 F1:  45.8 | time: 0.0449s
                                                                  | loss: 7.6172 Ac:  50.00 P:  31.2 R:  37.5 F1:  33.3 | time: 0.0150s
Epoch: 0294 | loss: 0.0002 Ac: 100.00 P:  75.0 R:  75.0 F1:  75.0 | loss: 5.8091 Ac:  56.25 P:  50.0 R:  43.8 F1:  45.8 | time: 0.0449s
                                                                  | loss: 7.6144 Ac:  50.00 P:  31.2 R:  37.5 F1:  33.3 | time: 0.0189s
Epoch: 0295 | loss: 0.0014 Ac: 100.00 P:  75.0 R:  75.0 F1:  75.0 | loss: 5.8061 Ac:  56.25 P:  50.0 R:  43.8 F1:  45.8 | time: 0.0439s
                                                                  | loss: 7.6114 Ac:  50.00 P:  31.2 R:  37.5 F1:  33.3 | time: 0.0150s
Epoch: 0296 | loss: 0.0010 Ac: 100.00 P:  75.0 R:  75.0 F1:  75.0 | loss: 5.8037 Ac:  56.25 P:  50.0 R:  43.8 F1:  45.8 | time: 0.0439s
                                                                  | loss: 7.6089 Ac:  50.00 P:  31.2 R:  37.5 F1:  33.3 | time: 0.0150s
Epoch: 0297 | loss: 0.0007 Ac: 100.00 P:  75.0 R:  75.0 F1:  75.0 | loss: 5.8015 Ac:  56.25 P:  50.0 R:  43.8 F1:  45.8 | time: 0.0429s
                                                                  | loss: 7.6067 Ac:  50.00 P:  31.2 R:  37.5 F1:  33.3 | time: 0.0180s
Epoch: 0298 | loss: 0.0023 Ac: 100.00 P:  75.0 R:  75.0 F1:  75.0 | loss: 5.7999 Ac:  56.25 P:  50.0 R:  43.8 F1:  45.8 | time: 0.0449s
                                                                  | loss: 7.6049 Ac:  50.00 P:  31.2 R:  37.5 F1:  33.3 | time: 0.0140s
Epoch: 0299 | loss: 0.0018 Ac: 100.00 P:  75.0 R:  75.0 F1:  75.0 | loss: 5.7981 Ac:  56.25 P:  50.0 R:  43.8 F1:  45.8 | time: 0.0429s
                                                                  | loss: 7.6027 Ac:  50.00 P:  31.2 R:  37.5 F1:  33.3 | time: 0.0150s
Epoch: 0300 | loss: 0.0093 Ac: 100.00 P:  75.0 R:  75.0 F1:  75.0 | loss: 5.8010 Ac:  56.25 P:  50.0 R:  43.8 F1:  45.8 | time: 0.0479s
                                                                  | loss: 7.6037 Ac:  50.00 P:  31.2 R:  37.5 F1:  33.3 | time: 0.0180s
Optimization Finished!
Total time elapsed: 21.1251s
The best result is: ACC: 50.0000 F1: 0.3333, where epoch is 21




0:	vali:  56.25000	test:  ACC: 50.0000 F1: 0.3333, epoch=21
