Loading example dataset...
Loading text content...
F:/毕设/代码/Data for_ Improving Named Entity Recognition in Noisy User-generated Text with Local Distance Neighbor Feature/HGAT-master/model/data/example/
example
text
label matrix shape: torch.Size([40, 8])
done.
Loading topic content...
F:/毕设/代码/Data for_ Improving Named Entity Recognition in Noisy User-generated Text with Local Distance Neighbor Feature/HGAT-master/model/data/example/
example
topic
done.
Loading entity content...
F:/毕设/代码/Data for_ Improving Named Entity Recognition in Noisy User-generated Text with Local Distance Neighbor Feature/HGAT-master/model/data/example/
example
entity
done.
Building graph...
Num of edges: 917
train, vali, test:  16 16 8
Transfer to be transductive.


No. 1 test.

30
30
[torch.Size([512, 10]), torch.Size([10]), torch.Size([512]), torch.Size([25, 512]), torch.Size([25, 512]), torch.Size([16, 512]), torch.Size([512, 1]), torch.Size([512, 1]), torch.Size([512, 1]), torch.Size([512, 1]), torch.Size([512, 1]), torch.Size([512, 1]), torch.Size([100, 1]), torch.Size([50, 512]), torch.Size([50]), torch.Size([100, 1]), torch.Size([50, 512]), torch.Size([50]), torch.Size([100, 1]), torch.Size([50, 512]), torch.Size([50]), torch.Size([100, 1]), torch.Size([50, 10]), torch.Size([50]), torch.Size([100, 1]), torch.Size([50, 10]), torch.Size([50]), torch.Size([100, 1]), torch.Size([50, 10]), torch.Size([50])]
Epoch: 0001 | loss: 2.1896 Ac:  25.00 P:   7.7 R:  17.5 F1:  10.1 | loss: 2.4780 Ac:   0.00 P:   0.0 R:   0.0 F1:   0.0 | time: 1.1299s
                                                                  | loss: 2.5037 Ac:   0.00 P:   0.0 R:   0.0 F1:   0.0 | time: 0.0199s
Epoch: 0002 | loss: 2.0292 Ac:  37.50 P:  14.2 R:  22.1 F1:  16.6 | loss: 2.5263 Ac:   0.00 P:   0.0 R:   0.0 F1:   0.0 | time: 0.0469s
                                                                  | loss: 2.5553 Ac:   0.00 P:   0.0 R:   0.0 F1:   0.0 | time: 0.0130s
Epoch: 0003 | loss: 1.9426 Ac:  31.25 P:   4.2 R:  12.5 F1:   6.2 | loss: 2.5646 Ac:   0.00 P:   0.0 R:   0.0 F1:   0.0 | time: 0.0459s
                                                                  | loss: 2.6075 Ac:   0.00 P:   0.0 R:   0.0 F1:   0.0 | time: 0.0090s
Epoch: 0004 | loss: 1.8118 Ac:  31.25 P:   4.8 R:  12.5 F1:   6.9 | loss: 2.6335 Ac:   0.00 P:   0.0 R:   0.0 F1:   0.0 | time: 0.0279s
                                                                  | loss: 2.6914 Ac:   0.00 P:   0.0 R:   0.0 F1:   0.0 | time: 0.0100s
Epoch: 0005 | loss: 1.6553 Ac:  43.75 P:  29.5 R:  20.8 F1:  19.1 | loss: 2.6758 Ac:   0.00 P:   0.0 R:   0.0 F1:   0.0 | time: 0.0309s
                                                                  | loss: 2.7602 Ac:   0.00 P:   0.0 R:   0.0 F1:   0.0 | time: 0.0120s
Epoch: 0006 | loss: 1.7372 Ac:  25.00 P:   3.8 R:  10.0 F1:   5.6 | loss: 2.6922 Ac:   0.00 P:   0.0 R:   0.0 F1:   0.0 | time: 0.0349s
                                                                  | loss: 2.8225 Ac:   0.00 P:   0.0 R:   0.0 F1:   0.0 | time: 0.0100s
Epoch: 0007 | loss: 1.4141 Ac:  31.25 P:   4.8 R:  12.5 F1:   6.9 | loss: 2.6885 Ac:   6.25 P:  12.5 R:   6.2 F1:   8.3 | time: 0.0349s
                                                                  | loss: 2.8844 Ac:   0.00 P:   0.0 R:   0.0 F1:   0.0 | time: 0.0160s
Epoch: 0008 | loss: 1.3750 Ac:  50.00 P:  23.8 R:  27.1 F1:  22.9 | loss: 2.6826 Ac:  25.00 P:  25.0 R:  20.8 F1:  22.5 | time: 0.0479s
                                                                  | loss: 2.9378 Ac:   0.00 P:   0.0 R:   0.0 F1:   0.0 | time: 0.0170s
Epoch: 0009 | loss: 1.2483 Ac:  43.75 P:  21.9 R:  20.8 F1:  17.8 | loss: 2.6820 Ac:  25.00 P:  25.0 R:  20.8 F1:  22.5 | time: 0.0499s
                                                                  | loss: 3.0019 Ac:  12.50 P:   3.1 R:   6.2 F1:   4.2 | time: 0.0180s
Epoch: 0010 | loss: 0.9633 Ac:  75.00 P:  42.2 R:  43.8 F1:  41.2 | loss: 2.6893 Ac:  25.00 P:  25.0 R:  20.8 F1:  22.5 | time: 0.0419s
                                                                  | loss: 3.0714 Ac:  12.50 P:   3.1 R:   6.2 F1:   4.2 | time: 0.0100s
Epoch: 0011 | loss: 1.0646 Ac:  68.75 P:  36.0 R:  41.7 F1:  37.9 | loss: 2.7320 Ac:  31.25 P:  25.0 R:  25.0 F1:  25.0 | time: 0.0299s
                                                                  | loss: 3.1738 Ac:  12.50 P:   3.1 R:   6.2 F1:   4.2 | time: 0.0100s
Epoch: 0012 | loss: 0.7913 Ac:  87.50 P:  53.1 R:  56.2 F1:  54.5 | loss: 2.7411 Ac:  31.25 P:  25.0 R:  25.0 F1:  25.0 | time: 0.0319s
                                                                  | loss: 3.2446 Ac:  12.50 P:   2.5 R:   6.2 F1:   3.6 | time: 0.0100s
Epoch: 0013 | loss: 0.9522 Ac:  62.50 P:  34.9 R:  35.4 F1:  33.4 | loss: 2.7473 Ac:  31.25 P:  20.0 R:  25.0 F1:  21.9 | time: 0.0489s
                                                                  | loss: 3.2861 Ac:  12.50 P:   2.5 R:   6.2 F1:   3.6 | time: 0.0175s
Epoch: 0014 | loss: 0.6897 Ac:  75.00 P:  38.8 R:  45.8 F1:  41.6 | loss: 2.7553 Ac:  31.25 P:  20.0 R:  25.0 F1:  21.9 | time: 0.0519s
                                                                  | loss: 3.3233 Ac:  12.50 P:   2.5 R:   6.2 F1:   3.6 | time: 0.0209s
Epoch: 0015 | loss: 0.5912 Ac:  81.25 P:  51.0 R:  52.1 F1:  49.9 | loss: 2.7639 Ac:  37.50 P:  32.5 R:  31.2 F1:  30.2 | time: 0.0449s
                                                                  | loss: 3.3582 Ac:  25.00 P:  15.6 R:  18.8 F1:  16.7 | time: 0.0140s
Epoch: 0016 | loss: 0.5235 Ac:  81.25 P:  42.9 R:  50.0 F1:  45.7 | loss: 2.7744 Ac:  50.00 P:  50.0 R:  39.6 F1:  43.3 | time: 0.0329s
                                                                  | loss: 3.3982 Ac:  37.50 P:  28.1 R:  31.2 F1:  29.2 | time: 0.0140s
Epoch: 0017 | loss: 0.5118 Ac:  93.75 P:  71.9 R:  68.8 F1:  69.0 | loss: 2.8154 Ac:  50.00 P:  43.8 R:  39.6 F1:  41.2 | time: 0.0937s
                                                                  | loss: 3.4525 Ac:  37.50 P:  28.1 R:  31.2 F1:  29.2 | time: 0.0130s
Epoch: 0018 | loss: 0.3984 Ac:  87.50 P:  65.6 R:  64.6 F1:  64.5 | loss: 3.0302 Ac:  50.00 P:  50.0 R:  39.6 F1:  43.3 | time: 0.0289s
                                                                  | loss: 3.7551 Ac:  37.50 P:  28.1 R:  31.2 F1:  29.2 | time: 0.0100s
Epoch: 0019 | loss: 0.3260 Ac:  93.75 P:  71.9 R:  68.8 F1:  69.0 | loss: 3.2218 Ac:  50.00 P:  43.8 R:  39.6 F1:  41.2 | time: 0.0289s
                                                                  | loss: 4.0661 Ac:  37.50 P:  28.1 R:  31.2 F1:  29.2 | time: 0.0100s
Epoch: 0020 | loss: 0.3797 Ac:  93.75 P:  58.3 R:  62.5 F1:  60.0 | loss: 3.3412 Ac:  56.25 P:  45.8 R:  45.8 F1:  45.0 | time: 0.0299s
                                                                  | loss: 4.2513 Ac:  37.50 P:  28.1 R:  31.2 F1:  29.2 | time: 0.0100s
Epoch: 0021 | loss: 0.1869 Ac: 100.00 P:  75.0 R:  75.0 F1:  75.0 | loss: 3.4118 Ac:  56.25 P:  43.8 R:  45.8 F1:  43.3 | time: 0.0359s
                                                                  | loss: 4.3539 Ac:  37.50 P:  28.1 R:  31.2 F1:  29.2 | time: 0.0130s
Epoch: 0022 | loss: 0.1815 Ac:  93.75 P:  58.3 R:  62.5 F1:  60.0 | loss: 3.4714 Ac:  56.25 P:  43.8 R:  45.8 F1:  43.3 | time: 0.0299s
                                                                  | loss: 4.4267 Ac:  37.50 P:  19.8 R:  31.2 F1:  22.9 | time: 0.0100s
Epoch: 0023 | loss: 0.1986 Ac: 100.00 P:  75.0 R:  75.0 F1:  75.0 | loss: 3.5006 Ac:  56.25 P:  42.5 R:  45.8 F1:  42.1 | time: 0.0309s
                                                                  | loss: 4.4669 Ac:  37.50 P:  19.8 R:  31.2 F1:  22.9 | time: 0.0100s
Epoch: 0024 | loss: 0.2190 Ac:  93.75 P:  70.8 R:  70.8 F1:  70.0 | loss: 3.5208 Ac:  56.25 P:  42.5 R:  45.8 F1:  42.1 | time: 0.0369s
                                                                  | loss: 4.4877 Ac:  37.50 P:  19.8 R:  31.2 F1:  22.9 | time: 0.0170s
Epoch: 0025 | loss: 0.0537 Ac: 100.00 P:  75.0 R:  75.0 F1:  75.0 | loss: 3.5367 Ac:  56.25 P:  42.5 R:  45.8 F1:  42.1 | time: 0.0479s
                                                                  | loss: 4.4950 Ac:  37.50 P:  19.8 R:  31.2 F1:  22.9 | time: 0.0090s
Epoch: 0026 | loss: 0.2900 Ac:  87.50 P:  55.2 R:  58.3 F1:  55.7 | loss: 3.5359 Ac:  56.25 P:  42.5 R:  45.8 F1:  42.1 | time: 0.0289s
                                                                  | loss: 4.4862 Ac:  37.50 P:  19.8 R:  31.2 F1:  22.9 | time: 0.0090s
Epoch: 0027 | loss: 0.1981 Ac:  93.75 P:  71.9 R:  68.8 F1:  69.0 | loss: 3.5347 Ac:  56.25 P:  41.7 R:  45.8 F1:  41.2 | time: 0.0309s
                                                                  | loss: 4.4759 Ac:  37.50 P:  19.8 R:  31.2 F1:  22.9 | time: 0.0100s
Epoch: 0028 | loss: 0.0767 Ac: 100.00 P:  75.0 R:  75.0 F1:  75.0 | loss: 3.5330 Ac:  56.25 P:  41.7 R:  45.8 F1:  41.2 | time: 0.0299s
                                                                  | loss: 4.4687 Ac:  37.50 P:  19.8 R:  31.2 F1:  22.9 | time: 0.0140s
Epoch: 0029 | loss: 0.1578 Ac:  93.75 P:  70.8 R:  70.8 F1:  70.0 | loss: 3.5388 Ac:  56.25 P:  42.5 R:  45.8 F1:  42.1 | time: 0.0449s
                                                                  | loss: 4.4800 Ac:  37.50 P:  19.8 R:  31.2 F1:  22.9 | time: 0.0150s
Epoch: 0030 | loss: 0.1845 Ac:  93.75 P:  70.8 R:  70.8 F1:  70.0 | loss: 3.5560 Ac:  56.25 P:  42.5 R:  45.8 F1:  42.1 | time: 0.0329s
                                                                  | loss: 4.5009 Ac:  37.50 P:  21.9 R:  31.2 F1:  25.0 | time: 0.0150s
Epoch: 0031 | loss: 0.0681 Ac: 100.00 P:  75.0 R:  75.0 F1:  75.0 | loss: 3.5855 Ac:  56.25 P:  43.8 R:  45.8 F1:  43.3 | time: 0.0429s
                                                                  | loss: 4.5377 Ac:  37.50 P:  28.1 R:  31.2 F1:  29.2 | time: 0.0150s
Epoch: 0032 | loss: 0.2241 Ac:  93.75 P:  70.8 R:  70.8 F1:  70.0 | loss: 3.6314 Ac:  56.25 P:  43.8 R:  45.8 F1:  43.3 | time: 0.0369s
                                                                  | loss: 4.5982 Ac:  37.50 P:  28.1 R:  31.2 F1:  29.2 | time: 0.0140s
Epoch: 0033 | loss: 0.0432 Ac: 100.00 P:  75.0 R:  75.0 F1:  75.0 | loss: 3.6761 Ac:  56.25 P:  45.8 R:  45.8 F1:  45.0 | time: 0.0329s
                                                                  | loss: 4.6560 Ac:  37.50 P:  28.1 R:  31.2 F1:  29.2 | time: 0.0100s
Epoch: 0034 | loss: 0.2484 Ac:  93.75 P:  71.9 R:  68.8 F1:  69.0 | loss: 3.7120 Ac:  56.25 P:  45.8 R:  45.8 F1:  45.0 | time: 0.0329s
                                                                  | loss: 4.7065 Ac:  37.50 P:  28.1 R:  31.2 F1:  29.2 | time: 0.0150s
Epoch: 0035 | loss: 0.2344 Ac:  87.50 P:  68.8 R:  64.6 F1:  64.7 | loss: 3.7199 Ac:  56.25 P:  45.8 R:  45.8 F1:  45.0 | time: 0.0479s
                                                                  | loss: 4.7419 Ac:  37.50 P:  28.1 R:  31.2 F1:  29.2 | time: 0.0100s
Epoch: 0036 | loss: 0.1189 Ac:  93.75 P:  71.9 R:  68.8 F1:  69.0 | loss: 3.7137 Ac:  56.25 P:  43.8 R:  45.8 F1:  43.3 | time: 0.0339s
                                                                  | loss: 4.7620 Ac:  37.50 P:  28.1 R:  31.2 F1:  29.2 | time: 0.0140s
Epoch: 0037 | loss: 0.0817 Ac: 100.00 P:  75.0 R:  75.0 F1:  75.0 | loss: 3.7185 Ac:  56.25 P:  43.8 R:  45.8 F1:  43.3 | time: 0.0309s
                                                                  | loss: 4.7888 Ac:  37.50 P:  28.1 R:  31.2 F1:  29.2 | time: 0.0105s
Epoch: 0038 | loss: 0.0764 Ac:  93.75 P:  70.8 R:  70.8 F1:  70.0 | loss: 3.7351 Ac:  56.25 P:  43.8 R:  45.8 F1:  43.3 | time: 0.0389s
                                                                  | loss: 4.8300 Ac:  37.50 P:  28.1 R:  31.2 F1:  29.2 | time: 0.0110s
Epoch: 0039 | loss: 0.0591 Ac: 100.00 P:  75.0 R:  75.0 F1:  75.0 | loss: 3.7510 Ac:  56.25 P:  43.8 R:  45.8 F1:  43.3 | time: 0.0359s
                                                                  | loss: 4.8814 Ac:  37.50 P:  28.1 R:  31.2 F1:  29.2 | time: 0.0100s
Epoch: 0040 | loss: 0.1563 Ac:  93.75 P:  70.8 R:  70.8 F1:  70.0 | loss: 3.7696 Ac:  56.25 P:  43.8 R:  45.8 F1:  43.3 | time: 0.0419s
                                                                  | loss: 4.9053 Ac:  37.50 P:  28.1 R:  31.2 F1:  29.2 | time: 0.0160s
Epoch: 0041 | loss: 0.2998 Ac:  87.50 P:  68.8 R:  66.7 F1:  65.8 | loss: 3.7846 Ac:  56.25 P:  45.8 R:  45.8 F1:  45.0 | time: 0.0459s
                                                                  | loss: 4.9486 Ac:  37.50 P:  28.1 R:  31.2 F1:  29.2 | time: 0.0170s
Epoch: 0042 | loss: 0.0627 Ac: 100.00 P:  75.0 R:  75.0 F1:  75.0 | loss: 3.8122 Ac:  56.25 P:  45.8 R:  45.8 F1:  45.0 | time: 0.0369s
                                                                  | loss: 5.0050 Ac:  37.50 P:  28.1 R:  31.2 F1:  29.2 | time: 0.0150s
Epoch: 0043 | loss: 0.0373 Ac: 100.00 P:  75.0 R:  75.0 F1:  75.0 | loss: 3.8354 Ac:  56.25 P:  45.8 R:  45.8 F1:  45.0 | time: 0.0369s
                                                                  | loss: 5.0535 Ac:  37.50 P:  28.1 R:  31.2 F1:  29.2 | time: 0.0110s
Epoch: 0044 | loss: 0.1752 Ac:  93.75 P:  71.9 R:  70.8 F1:  70.7 | loss: 3.8794 Ac:  56.25 P:  45.8 R:  45.8 F1:  45.0 | time: 0.0289s
                                                                  | loss: 5.1129 Ac:  37.50 P:  28.1 R:  31.2 F1:  29.2 | time: 0.0100s
Epoch: 0045 | loss: 0.0340 Ac: 100.00 P:  75.0 R:  75.0 F1:  75.0 | loss: 3.9168 Ac:  50.00 P:  43.8 R:  39.6 F1:  41.2 | time: 0.0389s
                                                                  | loss: 5.1650 Ac:  37.50 P:  28.1 R:  31.2 F1:  29.2 | time: 0.0110s
Epoch: 0046 | loss: 0.0951 Ac:  93.75 P:  72.9 R:  68.8 F1:  69.7 | loss: 3.9432 Ac:  50.00 P:  43.8 R:  39.6 F1:  41.2 | time: 0.0409s
                                                                  | loss: 5.2269 Ac:  37.50 P:  28.1 R:  31.2 F1:  29.2 | time: 0.0160s
Epoch: 0047 | loss: 0.0465 Ac: 100.00 P:  75.0 R:  75.0 F1:  75.0 | loss: 3.9749 Ac:  50.00 P:  43.8 R:  39.6 F1:  41.2 | time: 0.0439s
                                                                  | loss: 5.2733 Ac:  37.50 P:  28.1 R:  31.2 F1:  29.2 | time: 0.0150s
Epoch: 0048 | loss: 0.0512 Ac: 100.00 P:  75.0 R:  75.0 F1:  75.0 | loss: 3.9941 Ac:  50.00 P:  43.8 R:  39.6 F1:  41.2 | time: 0.0319s
                                                                  | loss: 5.3029 Ac:  37.50 P:  21.9 R:  31.2 F1:  25.0 | time: 0.0100s
Epoch: 0049 | loss: 0.0301 Ac: 100.00 P:  75.0 R:  75.0 F1:  75.0 | loss: 4.0156 Ac:  50.00 P:  43.8 R:  39.6 F1:  41.2 | time: 0.0319s
                                                                  | loss: 5.3234 Ac:  37.50 P:  21.9 R:  31.2 F1:  25.0 | time: 0.0100s
Epoch: 0050 | loss: 0.0113 Ac: 100.00 P:  75.0 R:  75.0 F1:  75.0 | loss: 4.0352 Ac:  50.00 P:  43.8 R:  39.6 F1:  41.2 | time: 0.0349s
                                                                  | loss: 5.3427 Ac:  37.50 P:  21.9 R:  31.2 F1:  25.0 | time: 0.0130s
Epoch: 0051 | loss: 0.1188 Ac:  93.75 P:  71.9 R:  70.8 F1:  70.7 | loss: 4.0390 Ac:  50.00 P:  43.8 R:  39.6 F1:  41.2 | time: 0.0379s
                                                                  | loss: 5.3477 Ac:  37.50 P:  21.9 R:  31.2 F1:  25.0 | time: 0.0110s
Epoch: 0052 | loss: 0.0592 Ac: 100.00 P:  75.0 R:  75.0 F1:  75.0 | loss: 4.0271 Ac:  50.00 P:  43.8 R:  39.6 F1:  41.2 | time: 0.0419s
                                                                  | loss: 5.3350 Ac:  37.50 P:  21.9 R:  31.2 F1:  25.0 | time: 0.0130s
Epoch: 0053 | loss: 0.0767 Ac:  93.75 P:  71.9 R:  68.8 F1:  69.0 | loss: 4.0069 Ac:  56.25 P:  45.8 R:  45.8 F1:  45.0 | time: 0.0369s
                                                                  | loss: 5.3056 Ac:  50.00 P:  23.8 R:  37.5 F1:  28.0 | time: 0.0160s
Epoch: 0054 | loss: 0.0150 Ac: 100.00 P:  75.0 R:  75.0 F1:  75.0 | loss: 3.9898 Ac:  56.25 P:  45.8 R:  45.8 F1:  45.0 | time: 0.0369s
                                                                  | loss: 5.2757 Ac:  50.00 P:  23.8 R:  37.5 F1:  28.0 | time: 0.0100s
Epoch: 0055 | loss: 0.0165 Ac: 100.00 P:  75.0 R:  75.0 F1:  75.0 | loss: 3.9783 Ac:  56.25 P:  45.8 R:  45.8 F1:  45.0 | time: 0.0439s
                                                                  | loss: 5.2442 Ac:  50.00 P:  23.8 R:  37.5 F1:  28.0 | time: 0.0100s
Epoch: 0056 | loss: 0.0054 Ac: 100.00 P:  75.0 R:  75.0 F1:  75.0 | loss: 3.9693 Ac:  56.25 P:  45.8 R:  45.8 F1:  45.0 | time: 0.0374s
                                                                  | loss: 5.2175 Ac:  50.00 P:  23.8 R:  37.5 F1:  28.0 | time: 0.0120s
Epoch: 0057 | loss: 0.0384 Ac: 100.00 P:  75.0 R:  75.0 F1:  75.0 | loss: 3.9613 Ac:  56.25 P:  45.8 R:  45.8 F1:  45.0 | time: 0.0319s
                                                                  | loss: 5.2015 Ac:  50.00 P:  23.8 R:  37.5 F1:  28.0 | time: 0.0090s
Epoch: 0058 | loss: 0.0558 Ac: 100.00 P:  75.0 R:  75.0 F1:  75.0 | loss: 3.9524 Ac:  56.25 P:  45.8 R:  45.8 F1:  45.0 | time: 0.0349s
                                                                  | loss: 5.1869 Ac:  50.00 P:  23.8 R:  37.5 F1:  28.0 | time: 0.0110s
Epoch: 0059 | loss: 0.0185 Ac: 100.00 P:  75.0 R:  75.0 F1:  75.0 | loss: 3.9482 Ac:  56.25 P:  43.8 R:  45.8 F1:  43.3 | time: 0.0349s
                                                                  | loss: 5.1765 Ac:  50.00 P:  23.8 R:  37.5 F1:  28.0 | time: 0.0130s
Epoch: 0060 | loss: 0.0687 Ac:  93.75 P:  70.8 R:  70.8 F1:  70.0 | loss: 3.9495 Ac:  56.25 P:  43.8 R:  45.8 F1:  43.3 | time: 0.0389s
                                                                  | loss: 5.1725 Ac:  50.00 P:  23.8 R:  37.5 F1:  28.0 | time: 0.0150s
Epoch: 0061 | loss: 0.0319 Ac: 100.00 P:  75.0 R:  75.0 F1:  75.0 | loss: 3.9545 Ac:  56.25 P:  42.5 R:  45.8 F1:  42.1 | time: 0.0349s
                                                                  | loss: 5.1919 Ac:  37.50 P:  21.9 R:  31.2 F1:  25.0 | time: 0.0100s
Epoch: 0062 | loss: 0.0116 Ac: 100.00 P:  75.0 R:  75.0 F1:  75.0 | loss: 3.9659 Ac:  56.25 P:  42.5 R:  45.8 F1:  42.1 | time: 0.0434s
                                                                  | loss: 5.2131 Ac:  37.50 P:  21.9 R:  31.2 F1:  25.0 | time: 0.0150s
Epoch: 0063 | loss: 0.0926 Ac: 100.00 P:  75.0 R:  75.0 F1:  75.0 | loss: 3.9809 Ac:  56.25 P:  42.5 R:  45.8 F1:  42.1 | time: 0.0419s
                                                                  | loss: 5.2320 Ac:  37.50 P:  21.9 R:  31.2 F1:  25.0 | time: 0.0150s
Epoch: 0064 | loss: 0.0168 Ac: 100.00 P:  75.0 R:  75.0 F1:  75.0 | loss: 4.0014 Ac:  56.25 P:  42.5 R:  45.8 F1:  42.1 | time: 0.0379s
                                                                  | loss: 5.2597 Ac:  37.50 P:  21.9 R:  31.2 F1:  25.0 | time: 0.0110s
Epoch: 0065 | loss: 0.1833 Ac:  93.75 P:  71.9 R:  70.8 F1:  70.7 | loss: 4.0341 Ac:  56.25 P:  42.5 R:  45.8 F1:  42.1 | time: 0.0389s
                                                                  | loss: 5.3113 Ac:  37.50 P:  21.9 R:  31.2 F1:  25.0 | time: 0.0110s
Epoch: 0066 | loss: 0.0438 Ac: 100.00 P:  75.0 R:  75.0 F1:  75.0 | loss: 4.0510 Ac:  56.25 P:  42.5 R:  45.8 F1:  42.1 | time: 0.0319s
                                                                  | loss: 5.3533 Ac:  37.50 P:  21.9 R:  31.2 F1:  25.0 | time: 0.0110s
Epoch: 0067 | loss: 0.0294 Ac: 100.00 P:  75.0 R:  75.0 F1:  75.0 | loss: 4.0689 Ac:  56.25 P:  42.5 R:  45.8 F1:  42.1 | time: 0.0419s
                                                                  | loss: 5.4058 Ac:  37.50 P:  21.9 R:  31.2 F1:  25.0 | time: 0.0160s
Epoch: 0068 | loss: 0.1430 Ac:  93.75 P:  70.8 R:  70.8 F1:  70.0 | loss: 4.0811 Ac:  56.25 P:  42.5 R:  45.8 F1:  42.1 | time: 0.0399s
                                                                  | loss: 5.4480 Ac:  37.50 P:  21.9 R:  31.2 F1:  25.0 | time: 0.0170s
Epoch: 0069 | loss: 0.0073 Ac: 100.00 P:  75.0 R:  75.0 F1:  75.0 | loss: 4.0941 Ac:  56.25 P:  42.5 R:  45.8 F1:  42.1 | time: 0.0399s
                                                                  | loss: 5.4898 Ac:  37.50 P:  21.9 R:  31.2 F1:  25.0 | time: 0.0110s
Epoch: 0070 | loss: 0.1686 Ac:  93.75 P:  71.9 R:  68.8 F1:  69.0 | loss: 4.1020 Ac:  56.25 P:  42.5 R:  45.8 F1:  42.1 | time: 0.0399s
                                                                  | loss: 5.5425 Ac:  37.50 P:  21.9 R:  31.2 F1:  25.0 | time: 0.0110s
Epoch: 0071 | loss: 0.0121 Ac: 100.00 P:  75.0 R:  75.0 F1:  75.0 | loss: 4.1103 Ac:  56.25 P:  42.5 R:  45.8 F1:  42.1 | time: 0.0359s
                                                                  | loss: 5.5925 Ac:  37.50 P:  21.9 R:  31.2 F1:  25.0 | time: 0.0100s
Epoch: 0072 | loss: 0.0453 Ac: 100.00 P:  75.0 R:  75.0 F1:  75.0 | loss: 4.1124 Ac:  56.25 P:  42.5 R:  45.8 F1:  42.1 | time: 0.0409s
                                                                  | loss: 5.6280 Ac:  37.50 P:  21.9 R:  31.2 F1:  25.0 | time: 0.0140s
Epoch: 0073 | loss: 0.0322 Ac: 100.00 P:  75.0 R:  75.0 F1:  75.0 | loss: 4.1143 Ac:  56.25 P:  42.5 R:  45.8 F1:  42.1 | time: 0.0429s
                                                                  | loss: 5.6580 Ac:  37.50 P:  21.9 R:  31.2 F1:  25.0 | time: 0.0199s
Epoch: 0074 | loss: 0.0083 Ac: 100.00 P:  75.0 R:  75.0 F1:  75.0 | loss: 4.1174 Ac:  56.25 P:  41.7 R:  45.8 F1:  41.2 | time: 0.0549s
                                                                  | loss: 5.6852 Ac:  37.50 P:  21.9 R:  31.2 F1:  25.0 | time: 0.0160s
Epoch: 0075 | loss: 0.2619 Ac:  87.50 P:  70.0 R:  64.6 F1:  65.2 | loss: 4.1089 Ac:  56.25 P:  41.7 R:  45.8 F1:  41.2 | time: 0.0364s
                                                                  | loss: 5.7082 Ac:  37.50 P:  21.9 R:  31.2 F1:  25.0 | time: 0.0150s
Epoch: 0076 | loss: 0.0251 Ac: 100.00 P:  75.0 R:  75.0 F1:  75.0 | loss: 4.1037 Ac:  56.25 P:  41.7 R:  45.8 F1:  41.2 | time: 0.0309s
                                                                  | loss: 5.7256 Ac:  37.50 P:  21.9 R:  31.2 F1:  25.0 | time: 0.0100s
Epoch: 0077 | loss: 0.0265 Ac: 100.00 P:  75.0 R:  75.0 F1:  75.0 | loss: 4.0986 Ac:  56.25 P:  41.1 R:  45.8 F1:  40.6 | time: 0.0299s
                                                                  | loss: 5.7331 Ac:  37.50 P:  28.1 R:  31.2 F1:  29.2 | time: 0.0140s
Epoch: 0078 | loss: 0.0324 Ac: 100.00 P:  75.0 R:  75.0 F1:  75.0 | loss: 4.0927 Ac:  56.25 P:  41.1 R:  45.8 F1:  40.6 | time: 0.0389s
                                                                  | loss: 5.7431 Ac:  37.50 P:  28.1 R:  31.2 F1:  29.2 | time: 0.0090s
Epoch: 0079 | loss: 0.0160 Ac: 100.00 P:  75.0 R:  75.0 F1:  75.0 | loss: 4.0880 Ac:  56.25 P:  41.1 R:  45.8 F1:  40.6 | time: 0.0299s
                                                                  | loss: 5.7592 Ac:  37.50 P:  28.1 R:  31.2 F1:  29.2 | time: 0.0100s
Epoch: 0080 | loss: 0.1241 Ac:  93.75 P:  71.9 R:  70.8 F1:  70.7 | loss: 4.0876 Ac:  56.25 P:  41.1 R:  45.8 F1:  40.6 | time: 0.0289s
                                                                  | loss: 5.8089 Ac:  37.50 P:  28.1 R:  31.2 F1:  29.2 | time: 0.0090s
Epoch: 0081 | loss: 0.0106 Ac: 100.00 P:  75.0 R:  75.0 F1:  75.0 | loss: 4.0865 Ac:  56.25 P:  41.1 R:  45.8 F1:  40.6 | time: 0.0289s
                                                                  | loss: 5.8595 Ac:  37.50 P:  28.1 R:  31.2 F1:  29.2 | time: 0.0100s
Epoch: 0082 | loss: 0.0056 Ac: 100.00 P:  75.0 R:  75.0 F1:  75.0 | loss: 4.0840 Ac:  56.25 P:  41.1 R:  45.8 F1:  40.6 | time: 0.0688s
                                                                  | loss: 5.9085 Ac:  37.50 P:  28.1 R:  31.2 F1:  29.2 | time: 0.0190s
Epoch: 0083 | loss: 0.0082 Ac: 100.00 P:  75.0 R:  75.0 F1:  75.0 | loss: 4.0815 Ac:  56.25 P:  41.1 R:  45.8 F1:  40.6 | time: 0.0499s
                                                                  | loss: 5.9533 Ac:  37.50 P:  28.1 R:  31.2 F1:  29.2 | time: 0.0160s
Epoch: 0084 | loss: 0.0147 Ac: 100.00 P:  75.0 R:  75.0 F1:  75.0 | loss: 4.0815 Ac:  56.25 P:  41.1 R:  45.8 F1:  40.6 | time: 0.0439s
                                                                  | loss: 5.9987 Ac:  37.50 P:  28.1 R:  31.2 F1:  29.2 | time: 0.0150s
Epoch: 0085 | loss: 0.0291 Ac: 100.00 P:  75.0 R:  75.0 F1:  75.0 | loss: 4.0853 Ac:  56.25 P:  41.7 R:  45.8 F1:  41.2 | time: 0.0359s
                                                                  | loss: 6.0327 Ac:  37.50 P:  28.1 R:  31.2 F1:  29.2 | time: 0.0140s
Epoch: 0086 | loss: 0.0359 Ac: 100.00 P:  75.0 R:  75.0 F1:  75.0 | loss: 4.0895 Ac:  56.25 P:  42.5 R:  45.8 F1:  42.1 | time: 0.0339s
                                                                  | loss: 6.0727 Ac:  37.50 P:  28.1 R:  31.2 F1:  29.2 | time: 0.0110s
Epoch: 0087 | loss: 0.0134 Ac: 100.00 P:  75.0 R:  75.0 F1:  75.0 | loss: 4.0968 Ac:  56.25 P:  42.5 R:  45.8 F1:  42.1 | time: 0.0299s
                                                                  | loss: 6.1128 Ac:  37.50 P:  28.1 R:  31.2 F1:  29.2 | time: 0.0130s
Epoch: 0088 | loss: 0.0232 Ac: 100.00 P:  75.0 R:  75.0 F1:  75.0 | loss: 4.1045 Ac:  56.25 P:  42.5 R:  45.8 F1:  42.1 | time: 0.0329s
                                                                  | loss: 6.1529 Ac:  37.50 P:  28.1 R:  31.2 F1:  29.2 | time: 0.0090s
Epoch: 0089 | loss: 0.0105 Ac: 100.00 P:  75.0 R:  75.0 F1:  75.0 | loss: 4.1113 Ac:  56.25 P:  42.5 R:  45.8 F1:  42.1 | time: 0.0289s
                                                                  | loss: 6.1911 Ac:  37.50 P:  28.1 R:  31.2 F1:  29.2 | time: 0.0100s
Epoch: 0090 | loss: 0.0263 Ac: 100.00 P:  75.0 R:  75.0 F1:  75.0 | loss: 4.1148 Ac:  56.25 P:  42.5 R:  45.8 F1:  42.1 | time: 0.0289s
                                                                  | loss: 6.2178 Ac:  37.50 P:  28.1 R:  31.2 F1:  29.2 | time: 0.0100s
Epoch: 0091 | loss: 0.0048 Ac: 100.00 P:  75.0 R:  75.0 F1:  75.0 | loss: 4.1174 Ac:  56.25 P:  42.5 R:  45.8 F1:  42.1 | time: 0.0299s
                                                                  | loss: 6.2425 Ac:  37.50 P:  28.1 R:  31.2 F1:  29.2 | time: 0.0100s
Epoch: 0092 | loss: 0.0173 Ac: 100.00 P:  75.0 R:  75.0 F1:  75.0 | loss: 4.1227 Ac:  56.25 P:  42.5 R:  45.8 F1:  42.1 | time: 0.0359s
                                                                  | loss: 6.2670 Ac:  37.50 P:  28.1 R:  31.2 F1:  29.2 | time: 0.0100s
Epoch: 0093 | loss: 0.0026 Ac: 100.00 P:  75.0 R:  75.0 F1:  75.0 | loss: 4.1280 Ac:  56.25 P:  42.5 R:  45.8 F1:  42.1 | time: 0.0299s
                                                                  | loss: 6.2888 Ac:  37.50 P:  28.1 R:  31.2 F1:  29.2 | time: 0.0140s
Epoch: 0094 | loss: 0.0015 Ac: 100.00 P:  75.0 R:  75.0 F1:  75.0 | loss: 4.1338 Ac:  56.25 P:  42.5 R:  45.8 F1:  42.1 | time: 0.0299s
                                                                  | loss: 6.3087 Ac:  37.50 P:  28.1 R:  31.2 F1:  29.2 | time: 0.0090s
Epoch: 0095 | loss: 0.0128 Ac: 100.00 P:  75.0 R:  75.0 F1:  75.0 | loss: 4.1416 Ac:  56.25 P:  42.5 R:  45.8 F1:  42.1 | time: 0.0299s
                                                                  | loss: 6.3273 Ac:  37.50 P:  28.1 R:  31.2 F1:  29.2 | time: 0.0170s
Epoch: 0096 | loss: 0.0292 Ac: 100.00 P:  75.0 R:  75.0 F1:  75.0 | loss: 4.1501 Ac:  56.25 P:  42.5 R:  45.8 F1:  42.1 | time: 0.0450s
                                                                  | loss: 6.3481 Ac:  37.50 P:  28.1 R:  31.2 F1:  29.2 | time: 0.0100s
Epoch: 0097 | loss: 0.0152 Ac: 100.00 P:  75.0 R:  75.0 F1:  75.0 | loss: 4.1573 Ac:  56.25 P:  42.5 R:  45.8 F1:  42.1 | time: 0.0319s
                                                                  | loss: 6.3622 Ac:  37.50 P:  28.1 R:  31.2 F1:  29.2 | time: 0.0140s
Epoch: 0098 | loss: 0.0056 Ac: 100.00 P:  75.0 R:  75.0 F1:  75.0 | loss: 4.1657 Ac:  56.25 P:  42.5 R:  45.8 F1:  42.1 | time: 0.0419s
                                                                  | loss: 6.3752 Ac:  37.50 P:  28.1 R:  31.2 F1:  29.2 | time: 0.0150s
Epoch: 0099 | loss: 0.0159 Ac: 100.00 P:  75.0 R:  75.0 F1:  75.0 | loss: 4.1731 Ac:  56.25 P:  42.5 R:  45.8 F1:  42.1 | time: 0.0429s
                                                                  | loss: 6.3861 Ac:  37.50 P:  28.1 R:  31.2 F1:  29.2 | time: 0.0160s
Epoch: 0100 | loss: 0.0412 Ac: 100.00 P:  75.0 R:  75.0 F1:  75.0 | loss: 4.1968 Ac:  56.25 P:  42.5 R:  45.8 F1:  42.1 | time: 0.0369s
                                                                  | loss: 6.3964 Ac:  37.50 P:  28.1 R:  31.2 F1:  29.2 | time: 0.0100s
Epoch: 0101 | loss: 0.0124 Ac: 100.00 P:  75.0 R:  75.0 F1:  75.0 | loss: 4.2209 Ac:  56.25 P:  42.5 R:  45.8 F1:  42.1 | time: 0.0299s
                                                                  | loss: 6.4054 Ac:  37.50 P:  28.1 R:  31.2 F1:  29.2 | time: 0.0130s
Epoch: 0102 | loss: 0.0055 Ac: 100.00 P:  75.0 R:  75.0 F1:  75.0 | loss: 4.2433 Ac:  56.25 P:  42.5 R:  45.8 F1:  42.1 | time: 0.0369s
                                                                  | loss: 6.4156 Ac:  37.50 P:  28.1 R:  31.2 F1:  29.2 | time: 0.0100s
Epoch: 0103 | loss: 0.0183 Ac: 100.00 P:  75.0 R:  75.0 F1:  75.0 | loss: 4.2631 Ac:  56.25 P:  42.5 R:  45.8 F1:  42.1 | time: 0.0429s
                                                                  | loss: 6.4296 Ac:  37.50 P:  28.1 R:  31.2 F1:  29.2 | time: 0.0130s
Epoch: 0104 | loss: 0.0123 Ac: 100.00 P:  75.0 R:  75.0 F1:  75.0 | loss: 4.2817 Ac:  56.25 P:  42.5 R:  45.8 F1:  42.1 | time: 0.0289s
                                                                  | loss: 6.4462 Ac:  37.50 P:  28.1 R:  31.2 F1:  29.2 | time: 0.0090s
Epoch: 0105 | loss: 0.0189 Ac: 100.00 P:  75.0 R:  75.0 F1:  75.0 | loss: 4.3065 Ac:  56.25 P:  42.5 R:  45.8 F1:  42.1 | time: 0.0299s
                                                                  | loss: 6.4549 Ac:  37.50 P:  28.1 R:  31.2 F1:  29.2 | time: 0.0130s
Epoch: 0106 | loss: 0.0071 Ac: 100.00 P:  75.0 R:  75.0 F1:  75.0 | loss: 4.3290 Ac:  56.25 P:  42.5 R:  45.8 F1:  42.1 | time: 0.0329s
                                                                  | loss: 6.4630 Ac:  37.50 P:  28.1 R:  31.2 F1:  29.2 | time: 0.0100s
Epoch: 0107 | loss: 0.0152 Ac: 100.00 P:  75.0 R:  75.0 F1:  75.0 | loss: 4.3532 Ac:  56.25 P:  42.5 R:  45.8 F1:  42.1 | time: 0.0339s
                                                                  | loss: 6.4722 Ac:  37.50 P:  28.1 R:  31.2 F1:  29.2 | time: 0.0100s
Epoch: 0108 | loss: 0.0365 Ac: 100.00 P:  75.0 R:  75.0 F1:  75.0 | loss: 4.3774 Ac:  56.25 P:  42.5 R:  45.8 F1:  42.1 | time: 0.0289s
                                                                  | loss: 6.4791 Ac:  37.50 P:  28.1 R:  31.2 F1:  29.2 | time: 0.0100s
Epoch: 0109 | loss: 0.0127 Ac: 100.00 P:  75.0 R:  75.0 F1:  75.0 | loss: 4.3988 Ac:  56.25 P:  42.5 R:  45.8 F1:  42.1 | time: 0.0309s
                                                                  | loss: 6.4897 Ac:  37.50 P:  28.1 R:  31.2 F1:  29.2 | time: 0.0100s
Epoch: 0110 | loss: 0.0039 Ac: 100.00 P:  75.0 R:  75.0 F1:  75.0 | loss: 4.4187 Ac:  56.25 P:  42.5 R:  45.8 F1:  42.1 | time: 0.0299s
                                                                  | loss: 6.5009 Ac:  37.50 P:  28.1 R:  31.2 F1:  29.2 | time: 0.0110s
Epoch: 0111 | loss: 0.0081 Ac: 100.00 P:  75.0 R:  75.0 F1:  75.0 | loss: 4.4337 Ac:  56.25 P:  42.5 R:  45.8 F1:  42.1 | time: 0.0299s
                                                                  | loss: 6.5130 Ac:  37.50 P:  28.1 R:  31.2 F1:  29.2 | time: 0.0100s
Epoch: 0112 | loss: 0.0379 Ac: 100.00 P:  75.0 R:  75.0 F1:  75.0 | loss: 4.4479 Ac:  56.25 P:  42.5 R:  45.8 F1:  42.1 | time: 0.0299s
                                                                  | loss: 6.5415 Ac:  37.50 P:  28.1 R:  31.2 F1:  29.2 | time: 0.0100s
Epoch: 0113 | loss: 0.0083 Ac: 100.00 P:  75.0 R:  75.0 F1:  75.0 | loss: 4.4614 Ac:  56.25 P:  42.5 R:  45.8 F1:  42.1 | time: 0.0309s
                                                                  | loss: 6.5725 Ac:  37.50 P:  28.1 R:  31.2 F1:  29.2 | time: 0.0140s
Epoch: 0114 | loss: 0.0071 Ac: 100.00 P:  75.0 R:  75.0 F1:  75.0 | loss: 4.4734 Ac:  56.25 P:  42.5 R:  45.8 F1:  42.1 | time: 0.0349s
                                                                  | loss: 6.6045 Ac:  37.50 P:  28.1 R:  31.2 F1:  29.2 | time: 0.0110s
Epoch: 0115 | loss: 0.0065 Ac: 100.00 P:  75.0 R:  75.0 F1:  75.0 | loss: 4.4813 Ac:  56.25 P:  42.5 R:  45.8 F1:  42.1 | time: 0.0399s
                                                                  | loss: 6.6341 Ac:  37.50 P:  28.1 R:  31.2 F1:  29.2 | time: 0.0110s
Epoch: 0116 | loss: 0.0013 Ac: 100.00 P:  75.0 R:  75.0 F1:  75.0 | loss: 4.4887 Ac:  56.25 P:  42.5 R:  45.8 F1:  42.1 | time: 0.0349s
                                                                  | loss: 6.6612 Ac:  37.50 P:  28.1 R:  31.2 F1:  29.2 | time: 0.0130s
Epoch: 0117 | loss: 0.0028 Ac: 100.00 P:  75.0 R:  75.0 F1:  75.0 | loss: 4.4953 Ac:  56.25 P:  42.5 R:  45.8 F1:  42.1 | time: 0.0295s
                                                                  | loss: 6.6851 Ac:  37.50 P:  28.1 R:  31.2 F1:  29.2 | time: 0.0100s
Epoch: 0118 | loss: 0.0021 Ac: 100.00 P:  75.0 R:  75.0 F1:  75.0 | loss: 4.5010 Ac:  56.25 P:  42.5 R:  45.8 F1:  42.1 | time: 0.0289s
                                                                  | loss: 6.7059 Ac:  37.50 P:  28.1 R:  31.2 F1:  29.2 | time: 0.0140s
Epoch: 0119 | loss: 0.0152 Ac: 100.00 P:  75.0 R:  75.0 F1:  75.0 | loss: 4.5037 Ac:  56.25 P:  42.5 R:  45.8 F1:  42.1 | time: 0.0309s
                                                                  | loss: 6.7262 Ac:  37.50 P:  28.1 R:  31.2 F1:  29.2 | time: 0.0110s
Epoch: 0120 | loss: 0.0074 Ac: 100.00 P:  75.0 R:  75.0 F1:  75.0 | loss: 4.5077 Ac:  56.25 P:  42.5 R:  45.8 F1:  42.1 | time: 0.0339s
                                                                  | loss: 6.7501 Ac:  25.00 P:  15.6 R:  18.8 F1:  16.7 | time: 0.0120s
Epoch: 0121 | loss: 0.0167 Ac: 100.00 P:  75.0 R:  75.0 F1:  75.0 | loss: 4.5117 Ac:  56.25 P:  42.5 R:  45.8 F1:  42.1 | time: 0.0369s
                                                                  | loss: 6.7734 Ac:  25.00 P:  15.6 R:  18.8 F1:  16.7 | time: 0.0100s
Epoch: 0122 | loss: 0.0274 Ac: 100.00 P:  75.0 R:  75.0 F1:  75.0 | loss: 4.5213 Ac:  50.00 P:  40.6 R:  39.6 F1:  39.2 | time: 0.0359s
                                                                  | loss: 6.8051 Ac:  25.00 P:  15.6 R:  18.8 F1:  16.7 | time: 0.0130s
Epoch: 0123 | loss: 0.0048 Ac: 100.00 P:  75.0 R:  75.0 F1:  75.0 | loss: 4.5261 Ac:  50.00 P:  40.6 R:  39.6 F1:  39.2 | time: 0.0279s
                                                                  | loss: 6.8321 Ac:  25.00 P:  15.6 R:  18.8 F1:  16.7 | time: 0.0130s
Epoch: 0124 | loss: 0.0213 Ac: 100.00 P:  75.0 R:  75.0 F1:  75.0 | loss: 4.5284 Ac:  50.00 P:  40.6 R:  39.6 F1:  39.2 | time: 0.0379s
                                                                  | loss: 6.8635 Ac:  25.00 P:  15.6 R:  18.8 F1:  16.7 | time: 0.0120s
Epoch: 0125 | loss: 0.0168 Ac: 100.00 P:  75.0 R:  75.0 F1:  75.0 | loss: 4.5308 Ac:  50.00 P:  40.6 R:  39.6 F1:  39.2 | time: 0.0379s
                                                                  | loss: 6.8918 Ac:  25.00 P:  15.6 R:  18.8 F1:  16.7 | time: 0.0110s
Epoch: 0126 | loss: 0.0113 Ac: 100.00 P:  75.0 R:  75.0 F1:  75.0 | loss: 4.5345 Ac:  50.00 P:  40.6 R:  39.6 F1:  39.2 | time: 0.0369s
                                                                  | loss: 6.9218 Ac:  25.00 P:  15.6 R:  18.8 F1:  16.7 | time: 0.0120s
Epoch: 0127 | loss: 0.0234 Ac: 100.00 P:  75.0 R:  75.0 F1:  75.0 | loss: 4.5325 Ac:  50.00 P:  40.6 R:  39.6 F1:  39.2 | time: 0.0419s
                                                                  | loss: 6.9416 Ac:  25.00 P:  15.6 R:  18.8 F1:  16.7 | time: 0.0140s
Epoch: 0128 | loss: 0.0014 Ac: 100.00 P:  75.0 R:  75.0 F1:  75.0 | loss: 4.5311 Ac:  50.00 P:  40.6 R:  39.6 F1:  39.2 | time: 0.0349s
                                                                  | loss: 6.9594 Ac:  25.00 P:  15.6 R:  18.8 F1:  16.7 | time: 0.0120s
Epoch: 0129 | loss: 0.0107 Ac: 100.00 P:  75.0 R:  75.0 F1:  75.0 | loss: 4.5326 Ac:  50.00 P:  40.6 R:  39.6 F1:  39.2 | time: 0.0349s
                                                                  | loss: 6.9737 Ac:  25.00 P:  15.6 R:  18.8 F1:  16.7 | time: 0.0110s
Epoch: 0130 | loss: 0.0514 Ac: 100.00 P:  75.0 R:  75.0 F1:  75.0 | loss: 4.5277 Ac:  50.00 P:  40.6 R:  39.6 F1:  39.2 | time: 0.0289s
                                                                  | loss: 6.9724 Ac:  25.00 P:  15.6 R:  18.8 F1:  16.7 | time: 0.0130s
Epoch: 0131 | loss: 0.0047 Ac: 100.00 P:  75.0 R:  75.0 F1:  75.0 | loss: 4.5220 Ac:  50.00 P:  40.6 R:  39.6 F1:  39.2 | time: 0.0379s
                                                                  | loss: 6.9704 Ac:  25.00 P:  15.6 R:  18.8 F1:  16.7 | time: 0.0099s
Epoch: 0132 | loss: 0.0047 Ac: 100.00 P:  75.0 R:  75.0 F1:  75.0 | loss: 4.5170 Ac:  50.00 P:  40.6 R:  39.6 F1:  39.2 | time: 0.0339s
                                                                  | loss: 6.9672 Ac:  25.00 P:  15.6 R:  18.8 F1:  16.7 | time: 0.0130s
Epoch: 0133 | loss: 0.0184 Ac: 100.00 P:  75.0 R:  75.0 F1:  75.0 | loss: 4.5112 Ac:  50.00 P:  40.6 R:  39.6 F1:  39.2 | time: 0.0429s
                                                                  | loss: 6.9590 Ac:  25.00 P:  15.6 R:  18.8 F1:  16.7 | time: 0.0110s
Epoch: 0134 | loss: 0.0023 Ac: 100.00 P:  75.0 R:  75.0 F1:  75.0 | loss: 4.5062 Ac:  50.00 P:  40.6 R:  39.6 F1:  39.2 | time: 0.0289s
                                                                  | loss: 6.9530 Ac:  25.00 P:  15.6 R:  18.8 F1:  16.7 | time: 0.0120s
Epoch: 0135 | loss: 0.0053 Ac: 100.00 P:  75.0 R:  75.0 F1:  75.0 | loss: 4.5015 Ac:  50.00 P:  40.6 R:  39.6 F1:  39.2 | time: 0.0299s
                                                                  | loss: 6.9466 Ac:  25.00 P:  15.6 R:  18.8 F1:  16.7 | time: 0.0100s
Epoch: 0136 | loss: 0.0173 Ac: 100.00 P:  75.0 R:  75.0 F1:  75.0 | loss: 4.5033 Ac:  50.00 P:  40.6 R:  39.6 F1:  39.2 | time: 0.0289s
                                                                  | loss: 6.9582 Ac:  25.00 P:  15.6 R:  18.8 F1:  16.7 | time: 0.0100s
Epoch: 0137 | loss: 0.0014 Ac: 100.00 P:  75.0 R:  75.0 F1:  75.0 | loss: 4.5049 Ac:  50.00 P:  40.6 R:  39.6 F1:  39.2 | time: 0.0289s
                                                                  | loss: 6.9684 Ac:  25.00 P:  15.6 R:  18.8 F1:  16.7 | time: 0.0100s
Epoch: 0138 | loss: 0.0104 Ac: 100.00 P:  75.0 R:  75.0 F1:  75.0 | loss: 4.5074 Ac:  50.00 P:  40.6 R:  39.6 F1:  39.2 | time: 0.0299s
                                                                  | loss: 6.9798 Ac:  25.00 P:  15.6 R:  18.8 F1:  16.7 | time: 0.0110s
Epoch: 0139 | loss: 0.0037 Ac: 100.00 P:  75.0 R:  75.0 F1:  75.0 | loss: 4.5097 Ac:  50.00 P:  40.6 R:  39.6 F1:  39.2 | time: 0.0474s
                                                                  | loss: 6.9899 Ac:  25.00 P:  15.6 R:  18.8 F1:  16.7 | time: 0.0140s
Epoch: 0140 | loss: 0.0051 Ac: 100.00 P:  75.0 R:  75.0 F1:  75.0 | loss: 4.5120 Ac:  50.00 P:  40.6 R:  39.6 F1:  39.2 | time: 0.0389s
                                                                  | loss: 6.9955 Ac:  25.00 P:  15.6 R:  18.8 F1:  16.7 | time: 0.0100s
Epoch: 0141 | loss: 0.0077 Ac: 100.00 P:  75.0 R:  75.0 F1:  75.0 | loss: 4.5156 Ac:  50.00 P:  40.6 R:  39.6 F1:  39.2 | time: 0.0289s
                                                                  | loss: 7.0038 Ac:  25.00 P:  15.6 R:  18.8 F1:  16.7 | time: 0.0100s
Epoch: 0142 | loss: 0.0094 Ac: 100.00 P:  75.0 R:  75.0 F1:  75.0 | loss: 4.5201 Ac:  50.00 P:  40.6 R:  39.6 F1:  39.2 | time: 0.0299s
                                                                  | loss: 7.0103 Ac:  25.00 P:  15.6 R:  18.8 F1:  16.7 | time: 0.0100s
Epoch: 0143 | loss: 0.0176 Ac: 100.00 P:  75.0 R:  75.0 F1:  75.0 | loss: 4.5219 Ac:  50.00 P:  40.6 R:  39.6 F1:  39.2 | time: 0.0299s
                                                                  | loss: 6.9865 Ac:  25.00 P:  15.6 R:  18.8 F1:  16.7 | time: 0.0100s
Epoch: 0144 | loss: 0.0013 Ac: 100.00 P:  75.0 R:  75.0 F1:  75.0 | loss: 4.5239 Ac:  50.00 P:  40.6 R:  39.6 F1:  39.2 | time: 0.0289s
                                                                  | loss: 6.9649 Ac:  25.00 P:  15.6 R:  18.8 F1:  16.7 | time: 0.0100s
Epoch: 0145 | loss: 0.0012 Ac: 100.00 P:  75.0 R:  75.0 F1:  75.0 | loss: 4.5259 Ac:  50.00 P:  40.6 R:  39.6 F1:  39.2 | time: 0.0299s
                                                                  | loss: 6.9445 Ac:  25.00 P:  15.6 R:  18.8 F1:  16.7 | time: 0.0100s
Epoch: 0146 | loss: 0.0281 Ac: 100.00 P:  75.0 R:  75.0 F1:  75.0 | loss: 4.5316 Ac:  50.00 P:  40.6 R:  39.6 F1:  39.2 | time: 0.0359s
                                                                  | loss: 6.9256 Ac:  25.00 P:  15.6 R:  18.8 F1:  16.7 | time: 0.0150s
Epoch: 0147 | loss: 0.0007 Ac: 100.00 P:  75.0 R:  75.0 F1:  75.0 | loss: 4.5374 Ac:  50.00 P:  40.6 R:  39.6 F1:  39.2 | time: 0.0419s
                                                                  | loss: 6.9090 Ac:  25.00 P:  15.6 R:  18.8 F1:  16.7 | time: 0.0139s
Epoch: 0148 | loss: 0.0025 Ac: 100.00 P:  75.0 R:  75.0 F1:  75.0 | loss: 4.5439 Ac:  50.00 P:  40.6 R:  39.6 F1:  39.2 | time: 0.0399s
                                                                  | loss: 6.8955 Ac:  25.00 P:  15.6 R:  18.8 F1:  16.7 | time: 0.0100s
Epoch: 0149 | loss: 0.0271 Ac: 100.00 P:  75.0 R:  75.0 F1:  75.0 | loss: 4.5547 Ac:  50.00 P:  40.6 R:  39.6 F1:  39.2 | time: 0.0279s
                                                                  | loss: 6.8853 Ac:  25.00 P:  15.6 R:  18.8 F1:  16.7 | time: 0.0110s
Epoch: 0150 | loss: 0.0015 Ac: 100.00 P:  75.0 R:  75.0 F1:  75.0 | loss: 4.5647 Ac:  50.00 P:  40.6 R:  39.6 F1:  39.2 | time: 0.0369s
                                                                  | loss: 6.8763 Ac:  25.00 P:  15.6 R:  18.8 F1:  16.7 | time: 0.0100s
Epoch: 0151 | loss: 0.0027 Ac: 100.00 P:  75.0 R:  75.0 F1:  75.0 | loss: 4.5740 Ac:  50.00 P:  40.6 R:  39.6 F1:  39.2 | time: 0.0389s
                                                                  | loss: 6.8682 Ac:  25.00 P:  15.6 R:  18.8 F1:  16.7 | time: 0.0110s
Epoch: 0152 | loss: 0.0087 Ac: 100.00 P:  75.0 R:  75.0 F1:  75.0 | loss: 4.5809 Ac:  50.00 P:  40.6 R:  39.6 F1:  39.2 | time: 0.0299s
                                                                  | loss: 6.8609 Ac:  25.00 P:  15.6 R:  18.8 F1:  16.7 | time: 0.0100s
Epoch: 0153 | loss: 0.0016 Ac: 100.00 P:  75.0 R:  75.0 F1:  75.0 | loss: 4.5875 Ac:  50.00 P:  40.6 R:  39.6 F1:  39.2 | time: 0.0299s
                                                                  | loss: 6.8548 Ac:  25.00 P:  15.6 R:  18.8 F1:  16.7 | time: 0.0110s
Epoch: 0154 | loss: 0.0136 Ac: 100.00 P:  75.0 R:  75.0 F1:  75.0 | loss: 4.5862 Ac:  50.00 P:  40.6 R:  39.6 F1:  39.2 | time: 0.0349s
                                                                  | loss: 6.8510 Ac:  25.00 P:  15.6 R:  18.8 F1:  16.7 | time: 0.0100s
Epoch: 0155 | loss: 0.0115 Ac: 100.00 P:  75.0 R:  75.0 F1:  75.0 | loss: 4.5891 Ac:  50.00 P:  40.6 R:  39.6 F1:  39.2 | time: 0.0339s
                                                                  | loss: 6.8465 Ac:  25.00 P:  15.6 R:  18.8 F1:  16.7 | time: 0.0120s
Epoch: 0156 | loss: 0.0065 Ac: 100.00 P:  75.0 R:  75.0 F1:  75.0 | loss: 4.5925 Ac:  50.00 P:  40.6 R:  39.6 F1:  39.2 | time: 0.0349s
                                                                  | loss: 6.8378 Ac:  25.00 P:  15.6 R:  18.8 F1:  16.7 | time: 0.0100s
Epoch: 0157 | loss: 0.0029 Ac: 100.00 P:  75.0 R:  75.0 F1:  75.0 | loss: 4.5957 Ac:  50.00 P:  40.6 R:  39.6 F1:  39.2 | time: 0.0359s
                                                                  | loss: 6.8292 Ac:  25.00 P:  15.6 R:  18.8 F1:  16.7 | time: 0.0099s
Epoch: 0158 | loss: 0.0024 Ac: 100.00 P:  75.0 R:  75.0 F1:  75.0 | loss: 4.5997 Ac:  50.00 P:  40.6 R:  39.6 F1:  39.2 | time: 0.0289s
                                                                  | loss: 6.8217 Ac:  25.00 P:  15.6 R:  18.8 F1:  16.7 | time: 0.0090s
Epoch: 0159 | loss: 0.0091 Ac: 100.00 P:  75.0 R:  75.0 F1:  75.0 | loss: 4.6051 Ac:  50.00 P:  40.6 R:  39.6 F1:  39.2 | time: 0.0279s
                                                                  | loss: 6.8262 Ac:  25.00 P:  15.6 R:  18.8 F1:  16.7 | time: 0.0090s
Epoch: 0160 | loss: 0.0038 Ac: 100.00 P:  75.0 R:  75.0 F1:  75.0 | loss: 4.6078 Ac:  50.00 P:  40.6 R:  39.6 F1:  39.2 | time: 0.0289s
                                                                  | loss: 6.8304 Ac:  25.00 P:  15.6 R:  18.8 F1:  16.7 | time: 0.0090s
Epoch: 0161 | loss: 0.0145 Ac: 100.00 P:  75.0 R:  75.0 F1:  75.0 | loss: 4.5995 Ac:  50.00 P:  40.6 R:  39.6 F1:  39.2 | time: 0.0290s
                                                                  | loss: 6.8341 Ac:  25.00 P:  15.6 R:  18.8 F1:  16.7 | time: 0.0100s
Epoch: 0162 | loss: 0.0008 Ac: 100.00 P:  75.0 R:  75.0 F1:  75.0 | loss: 4.5918 Ac:  50.00 P:  40.6 R:  39.6 F1:  39.2 | time: 0.0339s
                                                                  | loss: 6.8370 Ac:  25.00 P:  15.6 R:  18.8 F1:  16.7 | time: 0.0099s
Epoch: 0163 | loss: 0.0272 Ac: 100.00 P:  75.0 R:  75.0 F1:  75.0 | loss: 4.5869 Ac:  50.00 P:  40.0 R:  39.6 F1:  38.6 | time: 0.0289s
                                                                  | loss: 6.8181 Ac:  25.00 P:  15.6 R:  18.8 F1:  16.7 | time: 0.0100s
Epoch: 0164 | loss: 0.0051 Ac: 100.00 P:  75.0 R:  75.0 F1:  75.0 | loss: 4.5828 Ac:  50.00 P:  40.0 R:  39.6 F1:  38.6 | time: 0.0279s
                                                                  | loss: 6.8036 Ac:  25.00 P:  15.6 R:  18.8 F1:  16.7 | time: 0.0090s
Epoch: 0165 | loss: 0.0022 Ac: 100.00 P:  75.0 R:  75.0 F1:  75.0 | loss: 4.5792 Ac:  50.00 P:  40.0 R:  39.6 F1:  38.6 | time: 0.0309s
                                                                  | loss: 6.7922 Ac:  25.00 P:  15.6 R:  18.8 F1:  16.7 | time: 0.0100s
Epoch: 0166 | loss: 0.0018 Ac: 100.00 P:  75.0 R:  75.0 F1:  75.0 | loss: 4.5765 Ac:  50.00 P:  40.0 R:  39.6 F1:  38.6 | time: 0.0289s
                                                                  | loss: 6.7812 Ac:  25.00 P:  15.6 R:  18.8 F1:  16.7 | time: 0.0090s
Epoch: 0167 | loss: 0.0017 Ac: 100.00 P:  75.0 R:  75.0 F1:  75.0 | loss: 4.5744 Ac:  50.00 P:  40.0 R:  39.6 F1:  38.6 | time: 0.0299s
                                                                  | loss: 6.7720 Ac:  25.00 P:  15.6 R:  18.8 F1:  16.7 | time: 0.0100s
Epoch: 0168 | loss: 0.0051 Ac: 100.00 P:  75.0 R:  75.0 F1:  75.0 | loss: 4.5709 Ac:  50.00 P:  40.0 R:  39.6 F1:  38.6 | time: 0.0299s
                                                                  | loss: 6.7656 Ac:  25.00 P:  15.6 R:  18.8 F1:  16.7 | time: 0.0140s
Epoch: 0169 | loss: 0.0007 Ac: 100.00 P:  75.0 R:  75.0 F1:  75.0 | loss: 4.5679 Ac:  50.00 P:  40.0 R:  39.6 F1:  38.6 | time: 0.0329s
                                                                  | loss: 6.7597 Ac:  25.00 P:  15.6 R:  18.8 F1:  16.7 | time: 0.0150s
Epoch: 0170 | loss: 0.0035 Ac: 100.00 P:  75.0 R:  75.0 F1:  75.0 | loss: 4.5667 Ac:  50.00 P:  40.0 R:  39.6 F1:  38.6 | time: 0.0419s
                                                                  | loss: 6.7580 Ac:  25.00 P:  15.6 R:  18.8 F1:  16.7 | time: 0.0140s
Epoch: 0171 | loss: 0.0058 Ac: 100.00 P:  75.0 R:  75.0 F1:  75.0 | loss: 4.5674 Ac:  50.00 P:  40.0 R:  39.6 F1:  38.6 | time: 0.0329s
                                                                  | loss: 6.7623 Ac:  25.00 P:  15.6 R:  18.8 F1:  16.7 | time: 0.0100s
Epoch: 0172 | loss: 0.0009 Ac: 100.00 P:  75.0 R:  75.0 F1:  75.0 | loss: 4.5681 Ac:  50.00 P:  40.0 R:  39.6 F1:  38.6 | time: 0.0319s
                                                                  | loss: 6.7662 Ac:  25.00 P:  15.6 R:  18.8 F1:  16.7 | time: 0.0100s
Epoch: 0173 | loss: 0.0013 Ac: 100.00 P:  75.0 R:  75.0 F1:  75.0 | loss: 4.5696 Ac:  50.00 P:  40.0 R:  39.6 F1:  38.6 | time: 0.0299s
                                                                  | loss: 6.7701 Ac:  25.00 P:  15.6 R:  18.8 F1:  16.7 | time: 0.0110s
Epoch: 0174 | loss: 0.0013 Ac: 100.00 P:  75.0 R:  75.0 F1:  75.0 | loss: 4.5712 Ac:  50.00 P:  40.0 R:  39.6 F1:  38.6 | time: 0.0289s
                                                                  | loss: 6.7738 Ac:  25.00 P:  15.6 R:  18.8 F1:  16.7 | time: 0.0100s
Epoch: 0175 | loss: 0.0046 Ac: 100.00 P:  75.0 R:  75.0 F1:  75.0 | loss: 4.5732 Ac:  50.00 P:  40.0 R:  39.6 F1:  38.6 | time: 0.0419s
                                                                  | loss: 6.7792 Ac:  25.00 P:  15.6 R:  18.8 F1:  16.7 | time: 0.0110s
Epoch: 0176 | loss: 0.0060 Ac: 100.00 P:  75.0 R:  75.0 F1:  75.0 | loss: 4.5742 Ac:  50.00 P:  40.0 R:  39.6 F1:  38.6 | time: 0.0299s
                                                                  | loss: 6.7852 Ac:  25.00 P:  15.6 R:  18.8 F1:  16.7 | time: 0.0140s
Epoch: 0177 | loss: 0.0011 Ac: 100.00 P:  75.0 R:  75.0 F1:  75.0 | loss: 4.5754 Ac:  50.00 P:  40.0 R:  39.6 F1:  38.6 | time: 0.0399s
                                                                  | loss: 6.7906 Ac:  25.00 P:  15.6 R:  18.8 F1:  16.7 | time: 0.0100s
Epoch: 0178 | loss: 0.0076 Ac: 100.00 P:  75.0 R:  75.0 F1:  75.0 | loss: 4.5775 Ac:  50.00 P:  40.0 R:  39.6 F1:  38.6 | time: 0.0339s
                                                                  | loss: 6.7936 Ac:  25.00 P:  15.6 R:  18.8 F1:  16.7 | time: 0.0120s
Epoch: 0179 | loss: 0.0019 Ac: 100.00 P:  75.0 R:  75.0 F1:  75.0 | loss: 4.5798 Ac:  50.00 P:  40.0 R:  39.6 F1:  38.6 | time: 0.0369s
                                                                  | loss: 6.7977 Ac:  25.00 P:  15.6 R:  18.8 F1:  16.7 | time: 0.0130s
Epoch: 0180 | loss: 0.0248 Ac: 100.00 P:  75.0 R:  75.0 F1:  75.0 | loss: 4.5860 Ac:  50.00 P:  40.0 R:  39.6 F1:  38.6 | time: 0.0359s
                                                                  | loss: 6.8212 Ac:  25.00 P:  15.6 R:  18.8 F1:  16.7 | time: 0.0140s
Epoch: 0181 | loss: 0.0015 Ac: 100.00 P:  75.0 R:  75.0 F1:  75.0 | loss: 4.5911 Ac:  50.00 P:  40.0 R:  39.6 F1:  38.6 | time: 0.0289s
                                                                  | loss: 6.8426 Ac:  25.00 P:  15.6 R:  18.8 F1:  16.7 | time: 0.0101s
Epoch: 0182 | loss: 0.0008 Ac: 100.00 P:  75.0 R:  75.0 F1:  75.0 | loss: 4.5962 Ac:  50.00 P:  40.0 R:  39.6 F1:  38.6 | time: 0.0339s
                                                                  | loss: 6.8638 Ac:  25.00 P:  15.6 R:  18.8 F1:  16.7 | time: 0.0130s
Epoch: 0183 | loss: 0.0015 Ac: 100.00 P:  75.0 R:  75.0 F1:  75.0 | loss: 4.6006 Ac:  50.00 P:  40.0 R:  39.6 F1:  38.6 | time: 0.0369s
                                                                  | loss: 6.8825 Ac:  25.00 P:  15.6 R:  18.8 F1:  16.7 | time: 0.0100s
Epoch: 0184 | loss: 0.0018 Ac: 100.00 P:  75.0 R:  75.0 F1:  75.0 | loss: 4.6044 Ac:  50.00 P:  40.0 R:  39.6 F1:  38.6 | time: 0.0389s
                                                                  | loss: 6.8993 Ac:  25.00 P:  15.6 R:  18.8 F1:  16.7 | time: 0.0120s
Epoch: 0185 | loss: 0.0050 Ac: 100.00 P:  75.0 R:  75.0 F1:  75.0 | loss: 4.6088 Ac:  50.00 P:  40.0 R:  39.6 F1:  38.6 | time: 0.0339s
                                                                  | loss: 6.9128 Ac:  25.00 P:  15.6 R:  18.8 F1:  16.7 | time: 0.0120s
Epoch: 0186 | loss: 0.0012 Ac: 100.00 P:  75.0 R:  75.0 F1:  75.0 | loss: 4.6129 Ac:  50.00 P:  40.0 R:  39.6 F1:  38.6 | time: 0.0384s
                                                                  | loss: 6.9253 Ac:  25.00 P:  15.6 R:  18.8 F1:  16.7 | time: 0.0150s
Epoch: 0187 | loss: 0.0053 Ac: 100.00 P:  75.0 R:  75.0 F1:  75.0 | loss: 4.6183 Ac:  50.00 P:  40.0 R:  39.6 F1:  38.6 | time: 0.0299s
                                                                  | loss: 6.9386 Ac:  25.00 P:  15.6 R:  18.8 F1:  16.7 | time: 0.0100s
Epoch: 0188 | loss: 0.0129 Ac: 100.00 P:  75.0 R:  75.0 F1:  75.0 | loss: 4.6207 Ac:  50.00 P:  40.0 R:  39.6 F1:  38.6 | time: 0.0329s
                                                                  | loss: 6.9503 Ac:  25.00 P:  15.6 R:  18.8 F1:  16.7 | time: 0.0140s
Epoch: 0189 | loss: 0.0007 Ac: 100.00 P:  75.0 R:  75.0 F1:  75.0 | loss: 4.6229 Ac:  50.00 P:  40.0 R:  39.6 F1:  38.6 | time: 0.0419s
                                                                  | loss: 6.9610 Ac:  25.00 P:  15.6 R:  18.8 F1:  16.7 | time: 0.0160s
Epoch: 0190 | loss: 0.0005 Ac: 100.00 P:  75.0 R:  75.0 F1:  75.0 | loss: 4.6251 Ac:  50.00 P:  40.0 R:  39.6 F1:  38.6 | time: 0.0399s
                                                                  | loss: 6.9707 Ac:  25.00 P:  15.6 R:  18.8 F1:  16.7 | time: 0.0129s
Epoch: 0191 | loss: 0.0140 Ac: 100.00 P:  75.0 R:  75.0 F1:  75.0 | loss: 4.6276 Ac:  50.00 P:  40.0 R:  39.6 F1:  38.6 | time: 0.0349s
                                                                  | loss: 6.9776 Ac:  25.00 P:  15.6 R:  18.8 F1:  16.7 | time: 0.0110s
Epoch: 0192 | loss: 0.0129 Ac: 100.00 P:  75.0 R:  75.0 F1:  75.0 | loss: 4.6171 Ac:  50.00 P:  40.0 R:  39.6 F1:  38.6 | time: 0.0379s
                                                                  | loss: 6.9824 Ac:  25.00 P:  15.6 R:  18.8 F1:  16.7 | time: 0.0100s
Epoch: 0193 | loss: 0.0177 Ac: 100.00 P:  75.0 R:  75.0 F1:  75.0 | loss: 4.6079 Ac:  50.00 P:  40.0 R:  39.6 F1:  38.6 | time: 0.0309s
                                                                  | loss: 6.9945 Ac:  25.00 P:  15.6 R:  18.8 F1:  16.7 | time: 0.0120s
Epoch: 0194 | loss: 0.0036 Ac: 100.00 P:  75.0 R:  75.0 F1:  75.0 | loss: 4.5991 Ac:  50.00 P:  40.0 R:  39.6 F1:  38.6 | time: 0.0349s
                                                                  | loss: 7.0038 Ac:  25.00 P:  15.6 R:  18.8 F1:  16.7 | time: 0.0090s
Epoch: 0195 | loss: 0.0026 Ac: 100.00 P:  75.0 R:  75.0 F1:  75.0 | loss: 4.5921 Ac:  50.00 P:  40.0 R:  39.6 F1:  38.6 | time: 0.0359s
                                                                  | loss: 7.0137 Ac:  25.00 P:  15.6 R:  18.8 F1:  16.7 | time: 0.0189s
Epoch: 0196 | loss: 0.0122 Ac: 100.00 P:  75.0 R:  75.0 F1:  75.0 | loss: 4.5800 Ac:  50.00 P:  40.0 R:  39.6 F1:  38.6 | time: 0.0399s
                                                                  | loss: 7.0250 Ac:  25.00 P:  15.6 R:  18.8 F1:  16.7 | time: 0.0160s
Epoch: 0197 | loss: 0.0027 Ac: 100.00 P:  75.0 R:  75.0 F1:  75.0 | loss: 4.5703 Ac:  50.00 P:  40.0 R:  39.6 F1:  38.6 | time: 0.0618s
                                                                  | loss: 7.0335 Ac:  25.00 P:  15.6 R:  18.8 F1:  16.7 | time: 0.0319s
Epoch: 0198 | loss: 0.0063 Ac: 100.00 P:  75.0 R:  75.0 F1:  75.0 | loss: 4.5631 Ac:  50.00 P:  40.0 R:  39.6 F1:  38.6 | time: 0.0509s
                                                                  | loss: 7.0413 Ac:  25.00 P:  15.6 R:  18.8 F1:  16.7 | time: 0.0189s
Epoch: 0199 | loss: 0.0129 Ac: 100.00 P:  75.0 R:  75.0 F1:  75.0 | loss: 4.5578 Ac:  50.00 P:  40.0 R:  39.6 F1:  38.6 | time: 0.0489s
                                                                  | loss: 7.0554 Ac:  25.00 P:  15.6 R:  18.8 F1:  16.7 | time: 0.0180s
Epoch: 0200 | loss: 0.0022 Ac: 100.00 P:  75.0 R:  75.0 F1:  75.0 | loss: 4.5531 Ac:  50.00 P:  40.0 R:  39.6 F1:  38.6 | time: 0.0679s
                                                                  | loss: 7.0674 Ac:  25.00 P:  15.6 R:  18.8 F1:  16.7 | time: 0.0199s
Epoch: 0201 | loss: 0.0061 Ac: 100.00 P:  75.0 R:  75.0 F1:  75.0 | loss: 4.5495 Ac:  50.00 P:  40.0 R:  39.6 F1:  38.6 | time: 0.0649s
                                                                  | loss: 7.0767 Ac:  25.00 P:  15.6 R:  18.8 F1:  16.7 | time: 0.0379s
Epoch: 0202 | loss: 0.0025 Ac: 100.00 P:  75.0 R:  75.0 F1:  75.0 | loss: 4.5471 Ac:  50.00 P:  40.6 R:  39.6 F1:  39.2 | time: 0.0877s
                                                                  | loss: 7.0867 Ac:  25.00 P:  15.6 R:  18.8 F1:  16.7 | time: 0.0140s
Epoch: 0203 | loss: 0.0019 Ac: 100.00 P:  75.0 R:  75.0 F1:  75.0 | loss: 4.5449 Ac:  50.00 P:  40.6 R:  39.6 F1:  39.2 | time: 0.0694s
                                                                  | loss: 7.0948 Ac:  25.00 P:  15.6 R:  18.8 F1:  16.7 | time: 0.0170s
Epoch: 0204 | loss: 0.0111 Ac: 100.00 P:  75.0 R:  75.0 F1:  75.0 | loss: 4.5459 Ac:  50.00 P:  40.6 R:  39.6 F1:  39.2 | time: 0.0459s
                                                                  | loss: 7.1084 Ac:  25.00 P:  15.6 R:  18.8 F1:  16.7 | time: 0.0199s
Epoch: 0205 | loss: 0.0070 Ac: 100.00 P:  75.0 R:  75.0 F1:  75.0 | loss: 4.5440 Ac:  50.00 P:  40.6 R:  39.6 F1:  39.2 | time: 0.0848s
                                                                  | loss: 7.1111 Ac:  25.00 P:  15.6 R:  18.8 F1:  16.7 | time: 0.0170s
Epoch: 0206 | loss: 0.0142 Ac: 100.00 P:  75.0 R:  75.0 F1:  75.0 | loss: 4.5408 Ac:  50.00 P:  40.6 R:  39.6 F1:  39.2 | time: 0.0738s
                                                                  | loss: 7.1054 Ac:  25.00 P:  15.6 R:  18.8 F1:  16.7 | time: 0.0170s
Epoch: 0207 | loss: 0.0008 Ac: 100.00 P:  75.0 R:  75.0 F1:  75.0 | loss: 4.5381 Ac:  50.00 P:  40.6 R:  39.6 F1:  39.2 | time: 0.0539s
                                                                  | loss: 7.1004 Ac:  25.00 P:  15.6 R:  18.8 F1:  16.7 | time: 0.0191s
Epoch: 0208 | loss: 0.0006 Ac: 100.00 P:  75.0 R:  75.0 F1:  75.0 | loss: 4.5359 Ac:  50.00 P:  40.6 R:  39.6 F1:  39.2 | time: 0.0614s
                                                                  | loss: 7.0959 Ac:  25.00 P:  15.6 R:  18.8 F1:  16.7 | time: 0.0519s
Epoch: 0209 | loss: 0.0003 Ac: 100.00 P:  75.0 R:  75.0 F1:  75.0 | loss: 4.5340 Ac:  50.00 P:  40.6 R:  39.6 F1:  39.2 | time: 0.0668s
                                                                  | loss: 7.0921 Ac:  25.00 P:  15.6 R:  18.8 F1:  16.7 | time: 0.0529s
Epoch: 0210 | loss: 0.0007 Ac: 100.00 P:  75.0 R:  75.0 F1:  75.0 | loss: 4.5322 Ac:  50.00 P:  40.6 R:  39.6 F1:  39.2 | time: 0.0510s
                                                                  | loss: 7.0883 Ac:  25.00 P:  15.6 R:  18.8 F1:  16.7 | time: 0.0150s
Epoch: 0211 | loss: 0.0216 Ac: 100.00 P:  75.0 R:  75.0 F1:  75.0 | loss: 4.5307 Ac:  50.00 P:  40.6 R:  39.6 F1:  39.2 | time: 0.0519s
                                                                  | loss: 7.0859 Ac:  25.00 P:  15.6 R:  18.8 F1:  16.7 | time: 0.0170s
Epoch: 0212 | loss: 0.0250 Ac: 100.00 P:  75.0 R:  75.0 F1:  75.0 | loss: 4.5332 Ac:  50.00 P:  40.6 R:  39.6 F1:  39.2 | time: 0.0924s
                                                                  | loss: 7.0711 Ac:  25.00 P:  15.6 R:  18.8 F1:  16.7 | time: 0.0179s
Epoch: 0213 | loss: 0.0027 Ac: 100.00 P:  75.0 R:  75.0 F1:  75.0 | loss: 4.5362 Ac:  50.00 P:  40.6 R:  39.6 F1:  39.2 | time: 0.0579s
                                                                  | loss: 7.0596 Ac:  37.50 P:  28.1 R:  31.2 F1:  29.2 | time: 0.0254s
Epoch: 0214 | loss: 0.0010 Ac: 100.00 P:  75.0 R:  75.0 F1:  75.0 | loss: 4.5390 Ac:  50.00 P:  40.6 R:  39.6 F1:  39.2 | time: 0.0479s
                                                                  | loss: 7.0501 Ac:  37.50 P:  28.1 R:  31.2 F1:  29.2 | time: 0.0180s
Epoch: 0215 | loss: 0.0017 Ac: 100.00 P:  75.0 R:  75.0 F1:  75.0 | loss: 4.5413 Ac:  50.00 P:  40.6 R:  39.6 F1:  39.2 | time: 0.0419s
                                                                  | loss: 7.0406 Ac:  37.50 P:  28.1 R:  31.2 F1:  29.2 | time: 0.0090s
Epoch: 0216 | loss: 0.0018 Ac: 100.00 P:  75.0 R:  75.0 F1:  75.0 | loss: 4.5440 Ac:  50.00 P:  40.6 R:  39.6 F1:  39.2 | time: 0.0329s
                                                                  | loss: 7.0346 Ac:  37.50 P:  28.1 R:  31.2 F1:  29.2 | time: 0.0120s
Epoch: 0217 | loss: 0.0006 Ac: 100.00 P:  75.0 R:  75.0 F1:  75.0 | loss: 4.5470 Ac:  50.00 P:  40.6 R:  39.6 F1:  39.2 | time: 0.0638s
                                                                  | loss: 7.0300 Ac:  37.50 P:  28.1 R:  31.2 F1:  29.2 | time: 0.0219s
Epoch: 0218 | loss: 0.0019 Ac: 100.00 P:  75.0 R:  75.0 F1:  75.0 | loss: 4.5514 Ac:  50.00 P:  40.6 R:  39.6 F1:  39.2 | time: 0.0728s
                                                                  | loss: 7.0230 Ac:  37.50 P:  28.1 R:  31.2 F1:  29.2 | time: 0.0180s
Epoch: 0219 | loss: 0.0032 Ac: 100.00 P:  75.0 R:  75.0 F1:  75.0 | loss: 4.5555 Ac:  50.00 P:  40.0 R:  39.6 F1:  38.6 | time: 0.0608s
                                                                  | loss: 7.0168 Ac:  37.50 P:  28.1 R:  31.2 F1:  29.2 | time: 0.0509s
Epoch: 0220 | loss: 0.0019 Ac: 100.00 P:  75.0 R:  75.0 F1:  75.0 | loss: 4.5596 Ac:  50.00 P:  40.0 R:  39.6 F1:  38.6 | time: 0.0658s
                                                                  | loss: 7.0123 Ac:  37.50 P:  28.1 R:  31.2 F1:  29.2 | time: 0.0209s
Epoch: 0221 | loss: 0.0016 Ac: 100.00 P:  75.0 R:  75.0 F1:  75.0 | loss: 4.5636 Ac:  50.00 P:  40.0 R:  39.6 F1:  38.6 | time: 0.0549s
                                                                  | loss: 7.0090 Ac:  37.50 P:  28.1 R:  31.2 F1:  29.2 | time: 0.0189s
Epoch: 0222 | loss: 0.0039 Ac: 100.00 P:  75.0 R:  75.0 F1:  75.0 | loss: 4.5687 Ac:  50.00 P:  40.0 R:  39.6 F1:  38.6 | time: 0.0588s
                                                                  | loss: 7.0055 Ac:  37.50 P:  28.1 R:  31.2 F1:  29.2 | time: 0.0180s
Epoch: 0223 | loss: 0.0050 Ac: 100.00 P:  75.0 R:  75.0 F1:  75.0 | loss: 4.5726 Ac:  50.00 P:  40.0 R:  39.6 F1:  38.6 | time: 0.1072s
                                                                  | loss: 7.0020 Ac:  37.50 P:  28.1 R:  31.2 F1:  29.2 | time: 0.0189s
Epoch: 0224 | loss: 0.0018 Ac: 100.00 P:  75.0 R:  75.0 F1:  75.0 | loss: 4.5763 Ac:  50.00 P:  40.0 R:  39.6 F1:  38.6 | time: 0.0729s
                                                                  | loss: 7.0013 Ac:  37.50 P:  28.1 R:  31.2 F1:  29.2 | time: 0.0315s
Epoch: 0225 | loss: 0.0056 Ac: 100.00 P:  75.0 R:  75.0 F1:  75.0 | loss: 4.5796 Ac:  50.00 P:  40.0 R:  39.6 F1:  38.6 | time: 0.0529s
                                                                  | loss: 7.0003 Ac:  37.50 P:  28.1 R:  31.2 F1:  29.2 | time: 0.0180s
Epoch: 0226 | loss: 0.0025 Ac: 100.00 P:  75.0 R:  75.0 F1:  75.0 | loss: 4.5831 Ac:  50.00 P:  40.0 R:  39.6 F1:  38.6 | time: 0.0469s
                                                                  | loss: 6.9992 Ac:  37.50 P:  28.1 R:  31.2 F1:  29.2 | time: 0.0150s
Epoch: 0227 | loss: 0.0026 Ac: 100.00 P:  75.0 R:  75.0 F1:  75.0 | loss: 4.5862 Ac:  50.00 P:  40.0 R:  39.6 F1:  38.6 | time: 0.0419s
                                                                  | loss: 7.0008 Ac:  37.50 P:  28.1 R:  31.2 F1:  29.2 | time: 0.0150s
Epoch: 0228 | loss: 0.0023 Ac: 100.00 P:  75.0 R:  75.0 F1:  75.0 | loss: 4.5888 Ac:  50.00 P:  40.0 R:  39.6 F1:  38.6 | time: 0.0339s
                                                                  | loss: 7.0018 Ac:  37.50 P:  28.1 R:  31.2 F1:  29.2 | time: 0.0130s
Epoch: 0229 | loss: 0.0036 Ac: 100.00 P:  75.0 R:  75.0 F1:  75.0 | loss: 4.5907 Ac:  50.00 P:  40.0 R:  39.6 F1:  38.6 | time: 0.0439s
                                                                  | loss: 7.0026 Ac:  37.50 P:  28.1 R:  31.2 F1:  29.2 | time: 0.0160s
Epoch: 0230 | loss: 0.0006 Ac: 100.00 P:  75.0 R:  75.0 F1:  75.0 | loss: 4.5923 Ac:  50.00 P:  40.0 R:  39.6 F1:  38.6 | time: 0.0359s
                                                                  | loss: 7.0033 Ac:  37.50 P:  28.1 R:  31.2 F1:  29.2 | time: 0.0120s
Epoch: 0231 | loss: 0.0015 Ac: 100.00 P:  75.0 R:  75.0 F1:  75.0 | loss: 4.5940 Ac:  50.00 P:  40.0 R:  39.6 F1:  38.6 | time: 0.0329s
                                                                  | loss: 7.0041 Ac:  37.50 P:  28.1 R:  31.2 F1:  29.2 | time: 0.0160s
Epoch: 0232 | loss: 0.0008 Ac: 100.00 P:  75.0 R:  75.0 F1:  75.0 | loss: 4.5956 Ac:  50.00 P:  40.0 R:  39.6 F1:  38.6 | time: 0.0399s
                                                                  | loss: 7.0049 Ac:  37.50 P:  28.1 R:  31.2 F1:  29.2 | time: 0.0110s
Epoch: 0233 | loss: 0.0012 Ac: 100.00 P:  75.0 R:  75.0 F1:  75.0 | loss: 4.5976 Ac:  50.00 P:  40.0 R:  39.6 F1:  38.6 | time: 0.0339s
                                                                  | loss: 7.0050 Ac:  37.50 P:  28.1 R:  31.2 F1:  29.2 | time: 0.0100s
Epoch: 0234 | loss: 0.0036 Ac: 100.00 P:  75.0 R:  75.0 F1:  75.0 | loss: 4.6000 Ac:  50.00 P:  40.0 R:  39.6 F1:  38.6 | time: 0.0379s
                                                                  | loss: 7.0086 Ac:  37.50 P:  28.1 R:  31.2 F1:  29.2 | time: 0.0120s
Epoch: 0235 | loss: 0.0092 Ac: 100.00 P:  75.0 R:  75.0 F1:  75.0 | loss: 4.6068 Ac:  50.00 P:  40.0 R:  39.6 F1:  38.6 | time: 0.0319s
                                                                  | loss: 6.9962 Ac:  37.50 P:  28.1 R:  31.2 F1:  29.2 | time: 0.0120s
Epoch: 0236 | loss: 0.0026 Ac: 100.00 P:  75.0 R:  75.0 F1:  75.0 | loss: 4.6124 Ac:  50.00 P:  40.0 R:  39.6 F1:  38.6 | time: 0.0309s
                                                                  | loss: 6.9828 Ac:  37.50 P:  28.1 R:  31.2 F1:  29.2 | time: 0.0100s
Epoch: 0237 | loss: 0.0023 Ac: 100.00 P:  75.0 R:  75.0 F1:  75.0 | loss: 4.6175 Ac:  50.00 P:  40.0 R:  39.6 F1:  38.6 | time: 0.0369s
                                                                  | loss: 6.9715 Ac:  37.50 P:  28.1 R:  31.2 F1:  29.2 | time: 0.0150s
Epoch: 0238 | loss: 0.0004 Ac: 100.00 P:  75.0 R:  75.0 F1:  75.0 | loss: 4.6222 Ac:  50.00 P:  40.0 R:  39.6 F1:  38.6 | time: 0.0429s
                                                                  | loss: 6.9620 Ac:  37.50 P:  28.1 R:  31.2 F1:  29.2 | time: 0.0130s
Epoch: 0239 | loss: 0.0002 Ac: 100.00 P:  75.0 R:  75.0 F1:  75.0 | loss: 4.6264 Ac:  50.00 P:  40.0 R:  39.6 F1:  38.6 | time: 0.0389s
                                                                  | loss: 6.9529 Ac:  37.50 P:  28.1 R:  31.2 F1:  29.2 | time: 0.0140s
Epoch: 0240 | loss: 0.0031 Ac: 100.00 P:  75.0 R:  75.0 F1:  75.0 | loss: 4.6311 Ac:  50.00 P:  40.0 R:  39.6 F1:  38.6 | time: 0.0439s
                                                                  | loss: 6.9461 Ac:  37.50 P:  28.1 R:  31.2 F1:  29.2 | time: 0.0160s
Epoch: 0241 | loss: 0.0019 Ac: 100.00 P:  75.0 R:  75.0 F1:  75.0 | loss: 4.6353 Ac:  50.00 P:  40.0 R:  39.6 F1:  38.6 | time: 0.0399s
                                                                  | loss: 6.9410 Ac:  37.50 P:  28.1 R:  31.2 F1:  29.2 | time: 0.0120s
Epoch: 0242 | loss: 0.0009 Ac: 100.00 P:  75.0 R:  75.0 F1:  75.0 | loss: 4.6390 Ac:  50.00 P:  40.0 R:  39.6 F1:  38.6 | time: 0.0314s
                                                                  | loss: 6.9360 Ac:  37.50 P:  28.1 R:  31.2 F1:  29.2 | time: 0.0110s
Epoch: 0243 | loss: 0.0026 Ac: 100.00 P:  75.0 R:  75.0 F1:  75.0 | loss: 4.6419 Ac:  50.00 P:  40.0 R:  39.6 F1:  38.6 | time: 0.0319s
                                                                  | loss: 6.9309 Ac:  37.50 P:  28.1 R:  31.2 F1:  29.2 | time: 0.0140s
Epoch: 0244 | loss: 0.0033 Ac: 100.00 P:  75.0 R:  75.0 F1:  75.0 | loss: 4.6457 Ac:  56.25 P:  41.7 R:  45.8 F1:  41.2 | time: 0.0359s
                                                                  | loss: 6.9281 Ac:  37.50 P:  28.1 R:  31.2 F1:  29.2 | time: 0.0140s
Epoch: 0245 | loss: 0.0014 Ac: 100.00 P:  75.0 R:  75.0 F1:  75.0 | loss: 4.6495 Ac:  56.25 P:  41.7 R:  45.8 F1:  41.2 | time: 0.0389s
                                                                  | loss: 6.9253 Ac:  37.50 P:  28.1 R:  31.2 F1:  29.2 | time: 0.0120s
Epoch: 0246 | loss: 0.0023 Ac: 100.00 P:  75.0 R:  75.0 F1:  75.0 | loss: 4.6534 Ac:  56.25 P:  41.7 R:  45.8 F1:  41.2 | time: 0.0379s
                                                                  | loss: 6.9234 Ac:  37.50 P:  28.1 R:  31.2 F1:  29.2 | time: 0.0110s
Epoch: 0247 | loss: 0.0017 Ac: 100.00 P:  75.0 R:  75.0 F1:  75.0 | loss: 4.6572 Ac:  56.25 P:  41.7 R:  45.8 F1:  41.2 | time: 0.0429s
                                                                  | loss: 6.9223 Ac:  37.50 P:  28.1 R:  31.2 F1:  29.2 | time: 0.0120s
Epoch: 0248 | loss: 0.0020 Ac: 100.00 P:  75.0 R:  75.0 F1:  75.0 | loss: 4.6610 Ac:  56.25 P:  41.7 R:  45.8 F1:  41.2 | time: 0.0404s
                                                                  | loss: 6.9233 Ac:  37.50 P:  28.1 R:  31.2 F1:  29.2 | time: 0.0150s
Epoch: 0249 | loss: 0.0024 Ac: 100.00 P:  75.0 R:  75.0 F1:  75.0 | loss: 4.6641 Ac:  56.25 P:  41.7 R:  45.8 F1:  41.2 | time: 0.0359s
                                                                  | loss: 6.9259 Ac:  37.50 P:  28.1 R:  31.2 F1:  29.2 | time: 0.0100s
Epoch: 0250 | loss: 0.0030 Ac: 100.00 P:  75.0 R:  75.0 F1:  75.0 | loss: 4.6675 Ac:  56.25 P:  41.7 R:  45.8 F1:  41.2 | time: 0.0349s
                                                                  | loss: 6.9305 Ac:  37.50 P:  28.1 R:  31.2 F1:  29.2 | time: 0.0100s
Epoch: 0251 | loss: 0.0034 Ac: 100.00 P:  75.0 R:  75.0 F1:  75.0 | loss: 4.6692 Ac:  56.25 P:  41.7 R:  45.8 F1:  41.2 | time: 0.0299s
                                                                  | loss: 6.9347 Ac:  37.50 P:  28.1 R:  31.2 F1:  29.2 | time: 0.0120s
Epoch: 0252 | loss: 0.0031 Ac: 100.00 P:  75.0 R:  75.0 F1:  75.0 | loss: 4.6700 Ac:  56.25 P:  41.7 R:  45.8 F1:  41.2 | time: 0.0349s
                                                                  | loss: 6.9363 Ac:  37.50 P:  28.1 R:  31.2 F1:  29.2 | time: 0.0120s
Epoch: 0253 | loss: 0.0016 Ac: 100.00 P:  75.0 R:  75.0 F1:  75.0 | loss: 4.6707 Ac:  56.25 P:  41.7 R:  45.8 F1:  41.2 | time: 0.0319s
                                                                  | loss: 6.9380 Ac:  37.50 P:  28.1 R:  31.2 F1:  29.2 | time: 0.0100s
Epoch: 0254 | loss: 0.0055 Ac: 100.00 P:  75.0 R:  75.0 F1:  75.0 | loss: 4.6638 Ac:  56.25 P:  41.7 R:  45.8 F1:  41.2 | time: 0.0359s
                                                                  | loss: 6.9409 Ac:  37.50 P:  28.1 R:  31.2 F1:  29.2 | time: 0.0140s
Epoch: 0255 | loss: 0.0112 Ac: 100.00 P:  75.0 R:  75.0 F1:  75.0 | loss: 4.6551 Ac:  50.00 P:  40.0 R:  39.6 F1:  38.6 | time: 0.0419s
                                                                  | loss: 6.9501 Ac:  37.50 P:  28.1 R:  31.2 F1:  29.2 | time: 0.0150s
Epoch: 0256 | loss: 0.0013 Ac: 100.00 P:  75.0 R:  75.0 F1:  75.0 | loss: 4.6471 Ac:  50.00 P:  40.0 R:  39.6 F1:  38.6 | time: 0.0329s
                                                                  | loss: 6.9578 Ac:  37.50 P:  28.1 R:  31.2 F1:  29.2 | time: 0.0110s
Epoch: 0257 | loss: 0.0013 Ac: 100.00 P:  75.0 R:  75.0 F1:  75.0 | loss: 4.6400 Ac:  50.00 P:  40.0 R:  39.6 F1:  38.6 | time: 0.0379s
                                                                  | loss: 6.9664 Ac:  37.50 P:  28.1 R:  31.2 F1:  29.2 | time: 0.0110s
Epoch: 0258 | loss: 0.0006 Ac: 100.00 P:  75.0 R:  75.0 F1:  75.0 | loss: 4.6335 Ac:  50.00 P:  40.0 R:  39.6 F1:  38.6 | time: 0.0299s
                                                                  | loss: 6.9738 Ac:  37.50 P:  28.1 R:  31.2 F1:  29.2 | time: 0.0100s
Epoch: 0259 | loss: 0.0007 Ac: 100.00 P:  75.0 R:  75.0 F1:  75.0 | loss: 4.6275 Ac:  50.00 P:  40.0 R:  39.6 F1:  38.6 | time: 0.0299s
                                                                  | loss: 6.9806 Ac:  37.50 P:  28.1 R:  31.2 F1:  29.2 | time: 0.0100s
Epoch: 0260 | loss: 0.0004 Ac: 100.00 P:  75.0 R:  75.0 F1:  75.0 | loss: 4.6220 Ac:  50.00 P:  40.0 R:  39.6 F1:  38.6 | time: 0.0379s
                                                                  | loss: 6.9867 Ac:  37.50 P:  28.1 R:  31.2 F1:  29.2 | time: 0.0150s
Epoch: 0261 | loss: 0.0008 Ac: 100.00 P:  75.0 R:  75.0 F1:  75.0 | loss: 4.6167 Ac:  50.00 P:  40.0 R:  39.6 F1:  38.6 | time: 0.0299s
                                                                  | loss: 6.9923 Ac:  37.50 P:  28.1 R:  31.2 F1:  29.2 | time: 0.0110s
Epoch: 0262 | loss: 0.0003 Ac: 100.00 P:  75.0 R:  75.0 F1:  75.0 | loss: 4.6122 Ac:  50.00 P:  40.0 R:  39.6 F1:  38.6 | time: 0.0369s
                                                                  | loss: 6.9973 Ac:  37.50 P:  28.1 R:  31.2 F1:  29.2 | time: 0.0100s
Epoch: 0263 | loss: 0.0012 Ac: 100.00 P:  75.0 R:  75.0 F1:  75.0 | loss: 4.6081 Ac:  50.00 P:  40.0 R:  39.6 F1:  38.6 | time: 0.0335s
                                                                  | loss: 7.0030 Ac:  37.50 P:  28.1 R:  31.2 F1:  29.2 | time: 0.0100s
Epoch: 0264 | loss: 0.0009 Ac: 100.00 P:  75.0 R:  75.0 F1:  75.0 | loss: 4.6045 Ac:  50.00 P:  40.0 R:  39.6 F1:  38.6 | time: 0.0299s
                                                                  | loss: 7.0084 Ac:  37.50 P:  28.1 R:  31.2 F1:  29.2 | time: 0.0090s
Epoch: 0265 | loss: 0.0023 Ac: 100.00 P:  75.0 R:  75.0 F1:  75.0 | loss: 4.6018 Ac:  50.00 P:  40.0 R:  39.6 F1:  38.6 | time: 0.0309s
                                                                  | loss: 7.0144 Ac:  37.50 P:  28.1 R:  31.2 F1:  29.2 | time: 0.0095s
Epoch: 0266 | loss: 0.0003 Ac: 100.00 P:  75.0 R:  75.0 F1:  75.0 | loss: 4.5994 Ac:  50.00 P:  40.0 R:  39.6 F1:  38.6 | time: 0.0309s
                                                                  | loss: 7.0197 Ac:  37.50 P:  28.1 R:  31.2 F1:  29.2 | time: 0.0140s
Epoch: 0267 | loss: 0.0012 Ac: 100.00 P:  75.0 R:  75.0 F1:  75.0 | loss: 4.5973 Ac:  50.00 P:  40.0 R:  39.6 F1:  38.6 | time: 0.0359s
                                                                  | loss: 7.0252 Ac:  37.50 P:  28.1 R:  31.2 F1:  29.2 | time: 0.0150s
Epoch: 0268 | loss: 0.0016 Ac: 100.00 P:  75.0 R:  75.0 F1:  75.0 | loss: 4.5959 Ac:  50.00 P:  40.0 R:  39.6 F1:  38.6 | time: 0.0339s
                                                                  | loss: 7.0306 Ac:  37.50 P:  28.1 R:  31.2 F1:  29.2 | time: 0.0100s
Epoch: 0269 | loss: 0.0012 Ac: 100.00 P:  75.0 R:  75.0 F1:  75.0 | loss: 4.5948 Ac:  50.00 P:  40.0 R:  39.6 F1:  38.6 | time: 0.0360s
                                                                  | loss: 7.0360 Ac:  37.50 P:  28.1 R:  31.2 F1:  29.2 | time: 0.0120s
Epoch: 0270 | loss: 0.0226 Ac: 100.00 P:  75.0 R:  75.0 F1:  75.0 | loss: 4.5802 Ac:  50.00 P:  40.0 R:  39.6 F1:  38.6 | time: 0.0292s
                                                                  | loss: 7.0366 Ac:  37.50 P:  28.1 R:  31.2 F1:  29.2 | time: 0.0100s
Epoch: 0271 | loss: 0.0013 Ac: 100.00 P:  75.0 R:  75.0 F1:  75.0 | loss: 4.5661 Ac:  50.00 P:  40.0 R:  39.6 F1:  38.6 | time: 0.0319s
                                                                  | loss: 7.0371 Ac:  37.50 P:  28.1 R:  31.2 F1:  29.2 | time: 0.0110s
Epoch: 0272 | loss: 0.0010 Ac: 100.00 P:  75.0 R:  75.0 F1:  75.0 | loss: 4.5540 Ac:  50.00 P:  40.0 R:  39.6 F1:  38.6 | time: 0.0369s
                                                                  | loss: 7.0391 Ac:  37.50 P:  28.1 R:  31.2 F1:  29.2 | time: 0.0130s
Epoch: 0273 | loss: 0.0002 Ac: 100.00 P:  75.0 R:  75.0 F1:  75.0 | loss: 4.5436 Ac:  50.00 P:  40.0 R:  39.6 F1:  38.6 | time: 0.0359s
                                                                  | loss: 7.0405 Ac:  37.50 P:  28.1 R:  31.2 F1:  29.2 | time: 0.0100s
Epoch: 0274 | loss: 0.0033 Ac: 100.00 P:  75.0 R:  75.0 F1:  75.0 | loss: 4.5368 Ac:  50.00 P:  40.0 R:  39.6 F1:  38.6 | time: 0.0349s
                                                                  | loss: 7.0467 Ac:  37.50 P:  28.1 R:  31.2 F1:  29.2 | time: 0.0110s
Epoch: 0275 | loss: 0.0041 Ac: 100.00 P:  75.0 R:  75.0 F1:  75.0 | loss: 4.5308 Ac:  50.00 P:  40.6 R:  39.6 F1:  39.2 | time: 0.0329s
                                                                  | loss: 7.0523 Ac:  37.50 P:  28.1 R:  31.2 F1:  29.2 | time: 0.0110s
Epoch: 0276 | loss: 0.0003 Ac: 100.00 P:  75.0 R:  75.0 F1:  75.0 | loss: 4.5258 Ac:  50.00 P:  40.6 R:  39.6 F1:  39.2 | time: 0.0365s
                                                                  | loss: 7.0573 Ac:  37.50 P:  28.1 R:  31.2 F1:  29.2 | time: 0.0110s
Epoch: 0277 | loss: 0.0025 Ac: 100.00 P:  75.0 R:  75.0 F1:  75.0 | loss: 4.5220 Ac:  50.00 P:  40.6 R:  39.6 F1:  39.2 | time: 0.0359s
                                                                  | loss: 7.0604 Ac:  37.50 P:  28.1 R:  31.2 F1:  29.2 | time: 0.0090s
Epoch: 0278 | loss: 0.0025 Ac: 100.00 P:  75.0 R:  75.0 F1:  75.0 | loss: 4.5179 Ac:  50.00 P:  40.6 R:  39.6 F1:  39.2 | time: 0.0289s
                                                                  | loss: 7.0670 Ac:  37.50 P:  28.1 R:  31.2 F1:  29.2 | time: 0.0100s
Epoch: 0279 | loss: 0.0131 Ac: 100.00 P:  75.0 R:  75.0 F1:  75.0 | loss: 4.5143 Ac:  50.00 P:  40.6 R:  39.6 F1:  39.2 | time: 0.0289s
                                                                  | loss: 7.0571 Ac:  37.50 P:  28.1 R:  31.2 F1:  29.2 | time: 0.0100s
Epoch: 0280 | loss: 0.0040 Ac: 100.00 P:  75.0 R:  75.0 F1:  75.0 | loss: 4.5118 Ac:  50.00 P:  40.6 R:  39.6 F1:  39.2 | time: 0.0289s
                                                                  | loss: 7.0481 Ac:  37.50 P:  28.1 R:  31.2 F1:  29.2 | time: 0.0100s
Epoch: 0281 | loss: 0.0056 Ac: 100.00 P:  75.0 R:  75.0 F1:  75.0 | loss: 4.5060 Ac:  50.00 P:  40.6 R:  39.6 F1:  39.2 | time: 0.0319s
                                                                  | loss: 7.0460 Ac:  37.50 P:  28.1 R:  31.2 F1:  29.2 | time: 0.0110s
Epoch: 0282 | loss: 0.0034 Ac: 100.00 P:  75.0 R:  75.0 F1:  75.0 | loss: 4.4998 Ac:  50.00 P:  40.6 R:  39.6 F1:  39.2 | time: 0.0289s
                                                                  | loss: 7.0418 Ac:  37.50 P:  28.1 R:  31.2 F1:  29.2 | time: 0.0110s
Epoch: 0283 | loss: 0.0011 Ac: 100.00 P:  75.0 R:  75.0 F1:  75.0 | loss: 4.4940 Ac:  50.00 P:  40.6 R:  39.6 F1:  39.2 | time: 0.0299s
                                                                  | loss: 7.0359 Ac:  37.50 P:  28.1 R:  31.2 F1:  29.2 | time: 0.0100s
Epoch: 0284 | loss: 0.0022 Ac: 100.00 P:  75.0 R:  75.0 F1:  75.0 | loss: 4.4882 Ac:  50.00 P:  40.6 R:  39.6 F1:  39.2 | time: 0.0379s
                                                                  | loss: 7.0291 Ac:  37.50 P:  28.1 R:  31.2 F1:  29.2 | time: 0.0140s
Epoch: 0285 | loss: 0.0009 Ac: 100.00 P:  75.0 R:  75.0 F1:  75.0 | loss: 4.4831 Ac:  50.00 P:  40.6 R:  39.6 F1:  39.2 | time: 0.0395s
                                                                  | loss: 7.0223 Ac:  37.50 P:  28.1 R:  31.2 F1:  29.2 | time: 0.0110s
Epoch: 0286 | loss: 0.0012 Ac: 100.00 P:  75.0 R:  75.0 F1:  75.0 | loss: 4.4791 Ac:  50.00 P:  40.6 R:  39.6 F1:  39.2 | time: 0.0319s
                                                                  | loss: 7.0156 Ac:  37.50 P:  28.1 R:  31.2 F1:  29.2 | time: 0.0110s
Epoch: 0287 | loss: 0.0009 Ac: 100.00 P:  75.0 R:  75.0 F1:  75.0 | loss: 4.4754 Ac:  50.00 P:  40.6 R:  39.6 F1:  39.2 | time: 0.0329s
                                                                  | loss: 7.0094 Ac:  37.50 P:  28.1 R:  31.2 F1:  29.2 | time: 0.0130s
Epoch: 0288 | loss: 0.0103 Ac: 100.00 P:  75.0 R:  75.0 F1:  75.0 | loss: 4.4701 Ac:  50.00 P:  40.6 R:  39.6 F1:  39.2 | time: 0.0369s
                                                                  | loss: 6.9967 Ac:  37.50 P:  28.1 R:  31.2 F1:  29.2 | time: 0.0120s
Epoch: 0289 | loss: 0.0025 Ac: 100.00 P:  75.0 R:  75.0 F1:  75.0 | loss: 4.4652 Ac:  50.00 P:  40.0 R:  39.6 F1:  38.6 | time: 0.0409s
                                                                  | loss: 6.9842 Ac:  37.50 P:  28.1 R:  31.2 F1:  29.2 | time: 0.0150s
Epoch: 0290 | loss: 0.0004 Ac: 100.00 P:  75.0 R:  75.0 F1:  75.0 | loss: 4.4608 Ac:  50.00 P:  40.0 R:  39.6 F1:  38.6 | time: 0.0359s
                                                                  | loss: 6.9730 Ac:  37.50 P:  28.1 R:  31.2 F1:  29.2 | time: 0.0100s
Epoch: 0291 | loss: 0.0055 Ac: 100.00 P:  75.0 R:  75.0 F1:  75.0 | loss: 4.4550 Ac:  50.00 P:  40.0 R:  39.6 F1:  38.6 | time: 0.0379s
                                                                  | loss: 6.9637 Ac:  37.50 P:  28.1 R:  31.2 F1:  29.2 | time: 0.0140s
Epoch: 0292 | loss: 0.0017 Ac: 100.00 P:  75.0 R:  75.0 F1:  75.0 | loss: 4.4504 Ac:  50.00 P:  40.0 R:  39.6 F1:  38.6 | time: 0.0319s
                                                                  | loss: 6.9564 Ac:  37.50 P:  28.1 R:  31.2 F1:  29.2 | time: 0.0110s
Epoch: 0293 | loss: 0.0012 Ac: 100.00 P:  75.0 R:  75.0 F1:  75.0 | loss: 4.4461 Ac:  50.00 P:  40.0 R:  39.6 F1:  38.6 | time: 0.0429s
                                                                  | loss: 6.9494 Ac:  37.50 P:  28.1 R:  31.2 F1:  29.2 | time: 0.0130s
Epoch: 0294 | loss: 0.0049 Ac: 100.00 P:  75.0 R:  75.0 F1:  75.0 | loss: 4.4427 Ac:  50.00 P:  40.0 R:  39.6 F1:  38.6 | time: 0.0369s
                                                                  | loss: 6.9450 Ac:  37.50 P:  28.1 R:  31.2 F1:  29.2 | time: 0.0120s
Epoch: 0295 | loss: 0.0008 Ac: 100.00 P:  75.0 R:  75.0 F1:  75.0 | loss: 4.4397 Ac:  50.00 P:  40.0 R:  39.6 F1:  38.6 | time: 0.0369s
                                                                  | loss: 6.9405 Ac:  37.50 P:  28.1 R:  31.2 F1:  29.2 | time: 0.0100s
Epoch: 0296 | loss: 0.0020 Ac: 100.00 P:  75.0 R:  75.0 F1:  75.0 | loss: 4.4376 Ac:  50.00 P:  40.0 R:  39.6 F1:  38.6 | time: 0.0351s
                                                                  | loss: 6.9381 Ac:  37.50 P:  28.1 R:  31.2 F1:  29.2 | time: 0.0120s
Epoch: 0297 | loss: 0.0005 Ac: 100.00 P:  75.0 R:  75.0 F1:  75.0 | loss: 4.4357 Ac:  50.00 P:  40.0 R:  39.6 F1:  38.6 | time: 0.0389s
                                                                  | loss: 6.9360 Ac:  37.50 P:  28.1 R:  31.2 F1:  29.2 | time: 0.0120s
Epoch: 0298 | loss: 0.0012 Ac: 100.00 P:  75.0 R:  75.0 F1:  75.0 | loss: 4.4341 Ac:  50.00 P:  40.0 R:  39.6 F1:  38.6 | time: 0.0299s
                                                                  | loss: 6.9352 Ac:  37.50 P:  28.1 R:  31.2 F1:  29.2 | time: 0.0120s
Epoch: 0299 | loss: 0.0078 Ac: 100.00 P:  75.0 R:  75.0 F1:  75.0 | loss: 4.4332 Ac:  50.00 P:  40.0 R:  39.6 F1:  38.6 | time: 0.0369s
                                                                  | loss: 6.9324 Ac:  37.50 P:  28.1 R:  31.2 F1:  29.2 | time: 0.0130s
Epoch: 0300 | loss: 0.0004 Ac: 100.00 P:  75.0 R:  75.0 F1:  75.0 | loss: 4.4322 Ac:  50.00 P:  40.0 R:  39.6 F1:  38.6 | time: 0.0399s
                                                                  | loss: 6.9299 Ac:  37.50 P:  28.1 R:  31.2 F1:  29.2 | time: 0.0100s
Optimization Finished!
Total time elapsed: 18.3160s
The best result is: ACC: 37.5000 F1: 0.2917, where epoch is 20




0:	vali:  56.25000	test:  ACC: 37.5000 F1: 0.2917, epoch=20
